2019-06-14 11:31:43,687 INFO (StartupInfoLogger.java:48)- Starting StudySpringAppApplication on DESKTOP-0TOJ20R with PID 10920 (F:\MyWork\StudySpringApp\target\classes started by dell in F:\MyWork\StudySpringApp)
2019-06-14 11:31:43,688 DEBUG (StartupInfoLogger.java:51)- Running with Spring Boot v1.5.21.RELEASE, Spring v4.3.24.RELEASE
2019-06-14 11:31:43,688 INFO (SpringApplication.java:593)- No active profile set, falling back to default profiles: default
2019-06-14 11:31:45,441 INFO (PostProcessorRegistrationDelegate.java:327)- Bean 'org.springframework.amqp.rabbit.annotation.RabbitBootstrapConfiguration' of type [org.springframework.amqp.rabbit.annotation.RabbitBootstrapConfiguration$$EnhancerBySpringCGLIB$$cc53b092] is not eligible for getting processed by all BeanPostProcessors (for example: not eligible for auto-proxying)
2019-06-14 11:31:45,498 INFO (PostProcessorRegistrationDelegate.java:327)- Bean 'org.springframework.ws.config.annotation.DelegatingWsConfiguration' of type [org.springframework.ws.config.annotation.DelegatingWsConfiguration$$EnhancerBySpringCGLIB$$aa7fb763] is not eligible for getting processed by all BeanPostProcessors (for example: not eligible for auto-proxying)
2019-06-14 11:31:45,569 INFO (PostProcessorRegistrationDelegate.java:327)- Bean 'org.springframework.transaction.annotation.ProxyTransactionManagementConfiguration' of type [org.springframework.transaction.annotation.ProxyTransactionManagementConfiguration$$EnhancerBySpringCGLIB$$5e7f264] is not eligible for getting processed by all BeanPostProcessors (for example: not eligible for auto-proxying)
2019-06-14 11:31:46,225 INFO (EmbeddedWebApplicationContext.java:287)- Root WebApplicationContext: initialization completed in 2449 ms
2019-06-14 11:31:47,525 INFO (AbstractHandlerMethodMapping.java:544)- Mapped "{[/getUserInfo],methods=[POST]}" onto public com.java.util.ResponseData com.java.controller.LoginController.login()
2019-06-14 11:31:47,527 INFO (AbstractHandlerMethodMapping.java:544)- Mapped "{[/login],methods=[POST]}" onto public com.java.util.ResponseData com.java.controller.LoginController.Login(java.lang.String)
2019-06-14 11:31:47,527 INFO (AbstractHandlerMethodMapping.java:544)- Mapped "{[/wechatPublicPay],methods=[POST]}" onto public com.java.util.ResultMsg com.java.controller.LoginController.wechatPublicPay(com.java.entity.WechatPublicPayParam) throws java.lang.Exception
2019-06-14 11:31:47,527 INFO (AbstractHandlerMethodMapping.java:544)- Mapped "{[/hi],methods=[POST]}" onto public java.lang.String com.java.controller.LoginController.sayHi()
2019-06-14 11:31:47,528 INFO (AbstractHandlerMethodMapping.java:544)- Mapped "{[/testRedis],methods=[GET]}" onto public com.java.util.ResponseData com.java.controller.TestRedisContoller.testRedis()
2019-06-14 11:31:47,530 INFO (AbstractHandlerMethodMapping.java:544)- Mapped "{[/swagger-resources/configuration/security]}" onto public org.springframework.http.ResponseEntity<springfox.documentation.swagger.web.SecurityConfiguration> springfox.documentation.swagger.web.ApiResourceController.securityConfiguration()
2019-06-14 11:31:47,531 INFO (AbstractHandlerMethodMapping.java:544)- Mapped "{[/swagger-resources/configuration/ui]}" onto public org.springframework.http.ResponseEntity<springfox.documentation.swagger.web.UiConfiguration> springfox.documentation.swagger.web.ApiResourceController.uiConfiguration()
2019-06-14 11:31:47,531 INFO (AbstractHandlerMethodMapping.java:544)- Mapped "{[/swagger-resources]}" onto public org.springframework.http.ResponseEntity<java.util.List<springfox.documentation.swagger.web.SwaggerResource>> springfox.documentation.swagger.web.ApiResourceController.swaggerResources()
2019-06-14 11:31:47,533 INFO (AbstractHandlerMethodMapping.java:544)- Mapped "{[/error]}" onto public org.springframework.http.ResponseEntity<java.util.Map<java.lang.String, java.lang.Object>> org.springframework.boot.autoconfigure.web.BasicErrorController.error(javax.servlet.http.HttpServletRequest)
2019-06-14 11:31:47,533 INFO (AbstractHandlerMethodMapping.java:544)- Mapped "{[/error],produces=[text/html]}" onto public org.springframework.web.servlet.ModelAndView org.springframework.boot.autoconfigure.web.BasicErrorController.errorHtml(javax.servlet.http.HttpServletRequest,javax.servlet.http.HttpServletResponse)
2019-06-14 11:31:47,888 INFO (RequestMappingHandlerAdapter.java:557)- Looking for @ControllerAdvice: org.springframework.boot.context.embedded.AnnotationConfigEmbeddedWebApplicationContext@99c2ab5: startup date [Fri Jun 14 11:31:43 CST 2019]; root of context hierarchy
2019-06-14 11:31:47,932 INFO (AbstractUrlHandlerMapping.java:364)- Mapped URL path [/webjars/**] onto handler of type [class org.springframework.web.servlet.resource.ResourceHttpRequestHandler]
2019-06-14 11:31:47,932 INFO (AbstractUrlHandlerMapping.java:364)- Mapped URL path [/**] onto handler of type [class org.springframework.web.servlet.resource.ResourceHttpRequestHandler]
2019-06-14 11:31:47,963 INFO (AbstractUrlHandlerMapping.java:364)- Mapped URL path [/**/favicon.ico] onto handler of type [class org.springframework.web.servlet.resource.ResourceHttpRequestHandler]
2019-06-14 11:31:48,474 INFO (FreeMarkerConfigurer.java:127)- ClassTemplateLoader for Spring macros added to FreeMarker configuration
2019-06-14 11:31:48,867 INFO (ServerEndpointExporter.java:143)- Registering @ServerEndpoint class: class com.java.config.WebSocketServer
2019-06-14 11:31:48,936 INFO (DefaultLifecycleProcessor.java:345)- Starting beans in phase 2147483647
2019-06-14 11:31:49,590 INFO (StartupInfoLogger.java:57)- Started StudySpringAppApplication in 6.283 seconds (JVM running for 7.084)
2019-06-14 11:32:21,142 INFO (FrameworkServlet.java:489)- FrameworkServlet 'dispatcherServlet': initialization started
2019-06-14 11:32:21,155 INFO (FrameworkServlet.java:508)- FrameworkServlet 'dispatcherServlet': initialization completed in 13 ms
2019-06-14 11:32:29,201 INFO (TestRedisContoller.java:69)- 进入Redis查询》》》》》》》》》》》》》》》》》
2019-06-14 11:32:44,456 INFO (TestRedisContoller.java:69)- 进入Redis查询》》》》》》》》》》》》》》》》》
2019-06-14 11:33:39,596 INFO (TestRedisContoller.java:69)- 进入Redis查询》》》》》》》》》》》》》》》》》
2019-06-14 11:33:45,023 INFO (TestRedisContoller.java:69)- 进入Redis查询》》》》》》》》》》》》》》》》》
2019-06-14 11:33:51,254 INFO (DefaultLifecycleProcessor.java:360)- Stopping beans in phase 2147483647
2019-06-14 11:34:03,906 INFO (StartupInfoLogger.java:48)- Starting StudySpringAppApplication on DESKTOP-0TOJ20R with PID 15620 (F:\MyWork\StudySpringApp\target\classes started by dell in F:\MyWork\StudySpringApp)
2019-06-14 11:34:03,907 DEBUG (StartupInfoLogger.java:51)- Running with Spring Boot v1.5.21.RELEASE, Spring v4.3.24.RELEASE
2019-06-14 11:34:03,907 INFO (SpringApplication.java:593)- No active profile set, falling back to default profiles: default
2019-06-14 11:34:05,146 INFO (PostProcessorRegistrationDelegate.java:327)- Bean 'org.springframework.amqp.rabbit.annotation.RabbitBootstrapConfiguration' of type [org.springframework.amqp.rabbit.annotation.RabbitBootstrapConfiguration$$EnhancerBySpringCGLIB$$57f7634c] is not eligible for getting processed by all BeanPostProcessors (for example: not eligible for auto-proxying)
2019-06-14 11:34:05,186 INFO (PostProcessorRegistrationDelegate.java:327)- Bean 'org.springframework.ws.config.annotation.DelegatingWsConfiguration' of type [org.springframework.ws.config.annotation.DelegatingWsConfiguration$$EnhancerBySpringCGLIB$$36236a1d] is not eligible for getting processed by all BeanPostProcessors (for example: not eligible for auto-proxying)
2019-06-14 11:34:05,231 INFO (PostProcessorRegistrationDelegate.java:327)- Bean 'org.springframework.transaction.annotation.ProxyTransactionManagementConfiguration' of type [org.springframework.transaction.annotation.ProxyTransactionManagementConfiguration$$EnhancerBySpringCGLIB$$918ba51e] is not eligible for getting processed by all BeanPostProcessors (for example: not eligible for auto-proxying)
2019-06-14 11:34:05,670 INFO (EmbeddedWebApplicationContext.java:287)- Root WebApplicationContext: initialization completed in 1737 ms
2019-06-14 11:34:06,527 INFO (AbstractHandlerMethodMapping.java:544)- Mapped "{[/login],methods=[POST]}" onto public com.java.util.ResponseData com.java.controller.LoginController.Login(java.lang.String)
2019-06-14 11:34:06,528 INFO (AbstractHandlerMethodMapping.java:544)- Mapped "{[/wechatPublicPay],methods=[POST]}" onto public com.java.util.ResultMsg com.java.controller.LoginController.wechatPublicPay(com.java.entity.WechatPublicPayParam) throws java.lang.Exception
2019-06-14 11:34:06,529 INFO (AbstractHandlerMethodMapping.java:544)- Mapped "{[/getUserInfo],methods=[POST]}" onto public com.java.util.ResponseData com.java.controller.LoginController.login()
2019-06-14 11:34:06,529 INFO (AbstractHandlerMethodMapping.java:544)- Mapped "{[/hi],methods=[POST]}" onto public java.lang.String com.java.controller.LoginController.sayHi()
2019-06-14 11:34:06,530 INFO (AbstractHandlerMethodMapping.java:544)- Mapped "{[/testRedis],methods=[GET]}" onto public com.java.util.ResponseData com.java.controller.TestRedisContoller.testRedis()
2019-06-14 11:34:06,532 INFO (AbstractHandlerMethodMapping.java:544)- Mapped "{[/swagger-resources/configuration/security]}" onto public org.springframework.http.ResponseEntity<springfox.documentation.swagger.web.SecurityConfiguration> springfox.documentation.swagger.web.ApiResourceController.securityConfiguration()
2019-06-14 11:34:06,532 INFO (AbstractHandlerMethodMapping.java:544)- Mapped "{[/swagger-resources/configuration/ui]}" onto public org.springframework.http.ResponseEntity<springfox.documentation.swagger.web.UiConfiguration> springfox.documentation.swagger.web.ApiResourceController.uiConfiguration()
2019-06-14 11:34:06,533 INFO (AbstractHandlerMethodMapping.java:544)- Mapped "{[/swagger-resources]}" onto public org.springframework.http.ResponseEntity<java.util.List<springfox.documentation.swagger.web.SwaggerResource>> springfox.documentation.swagger.web.ApiResourceController.swaggerResources()
2019-06-14 11:34:06,534 INFO (AbstractHandlerMethodMapping.java:544)- Mapped "{[/error]}" onto public org.springframework.http.ResponseEntity<java.util.Map<java.lang.String, java.lang.Object>> org.springframework.boot.autoconfigure.web.BasicErrorController.error(javax.servlet.http.HttpServletRequest)
2019-06-14 11:34:06,535 INFO (AbstractHandlerMethodMapping.java:544)- Mapped "{[/error],produces=[text/html]}" onto public org.springframework.web.servlet.ModelAndView org.springframework.boot.autoconfigure.web.BasicErrorController.errorHtml(javax.servlet.http.HttpServletRequest,javax.servlet.http.HttpServletResponse)
2019-06-14 11:34:06,817 INFO (RequestMappingHandlerAdapter.java:557)- Looking for @ControllerAdvice: org.springframework.boot.context.embedded.AnnotationConfigEmbeddedWebApplicationContext@14979a1d: startup date [Fri Jun 14 11:34:03 CST 2019]; root of context hierarchy
2019-06-14 11:34:06,857 INFO (AbstractUrlHandlerMapping.java:364)- Mapped URL path [/webjars/**] onto handler of type [class org.springframework.web.servlet.resource.ResourceHttpRequestHandler]
2019-06-14 11:34:06,857 INFO (AbstractUrlHandlerMapping.java:364)- Mapped URL path [/**] onto handler of type [class org.springframework.web.servlet.resource.ResourceHttpRequestHandler]
2019-06-14 11:34:06,886 INFO (AbstractUrlHandlerMapping.java:364)- Mapped URL path [/**/favicon.ico] onto handler of type [class org.springframework.web.servlet.resource.ResourceHttpRequestHandler]
2019-06-14 11:34:07,133 INFO (FreeMarkerConfigurer.java:127)- ClassTemplateLoader for Spring macros added to FreeMarker configuration
2019-06-14 11:34:07,388 INFO (ServerEndpointExporter.java:143)- Registering @ServerEndpoint class: class com.java.config.WebSocketServer
2019-06-14 11:34:07,421 INFO (DefaultLifecycleProcessor.java:345)- Starting beans in phase 2147483647
2019-06-14 11:34:07,688 INFO (StartupInfoLogger.java:57)- Started StudySpringAppApplication in 3.992 seconds (JVM running for 4.594)
2019-06-14 11:34:23,191 INFO (FrameworkServlet.java:489)- FrameworkServlet 'dispatcherServlet': initialization started
2019-06-14 11:34:23,206 INFO (FrameworkServlet.java:508)- FrameworkServlet 'dispatcherServlet': initialization completed in 15 ms
2019-06-14 11:34:23,243 INFO (TestRedisContoller.java:69)- 进入Redis查询》》》》》》》》》》》》》》》》》
2019-06-14 11:35:06,367 INFO (DefaultLifecycleProcessor.java:360)- Stopping beans in phase 2147483647
2019-06-14 11:35:08,968 INFO (StartupInfoLogger.java:48)- Starting StudySpringAppApplication on DESKTOP-0TOJ20R with PID 15620 (F:\MyWork\StudySpringApp\target\classes started by dell in F:\MyWork\StudySpringApp)
2019-06-14 11:35:08,968 DEBUG (StartupInfoLogger.java:51)- Running with Spring Boot v1.5.21.RELEASE, Spring v4.3.24.RELEASE
2019-06-14 11:35:08,968 INFO (SpringApplication.java:593)- No active profile set, falling back to default profiles: default
2019-06-14 11:35:09,318 INFO (PostProcessorRegistrationDelegate.java:327)- Bean 'org.springframework.amqp.rabbit.annotation.RabbitBootstrapConfiguration' of type [org.springframework.amqp.rabbit.annotation.RabbitBootstrapConfiguration$$EnhancerBySpringCGLIB$$57f7634c] is not eligible for getting processed by all BeanPostProcessors (for example: not eligible for auto-proxying)
2019-06-14 11:35:09,321 INFO (PostProcessorRegistrationDelegate.java:327)- Bean 'org.springframework.ws.config.annotation.DelegatingWsConfiguration' of type [org.springframework.ws.config.annotation.DelegatingWsConfiguration$$EnhancerBySpringCGLIB$$36236a1d] is not eligible for getting processed by all BeanPostProcessors (for example: not eligible for auto-proxying)
2019-06-14 11:35:09,329 INFO (PostProcessorRegistrationDelegate.java:327)- Bean 'org.springframework.transaction.annotation.ProxyTransactionManagementConfiguration' of type [org.springframework.transaction.annotation.ProxyTransactionManagementConfiguration$$EnhancerBySpringCGLIB$$918ba51e] is not eligible for getting processed by all BeanPostProcessors (for example: not eligible for auto-proxying)
2019-06-14 11:35:09,471 INFO (EmbeddedWebApplicationContext.java:287)- Root WebApplicationContext: initialization completed in 500 ms
2019-06-14 11:35:09,769 INFO (AbstractHandlerMethodMapping.java:544)- Mapped "{[/login],methods=[POST]}" onto public com.java.util.ResponseData com.java.controller.LoginController.Login(java.lang.String)
2019-06-14 11:35:09,769 INFO (AbstractHandlerMethodMapping.java:544)- Mapped "{[/wechatPublicPay],methods=[POST]}" onto public com.java.util.ResultMsg com.java.controller.LoginController.wechatPublicPay(com.java.entity.WechatPublicPayParam) throws java.lang.Exception
2019-06-14 11:35:09,769 INFO (AbstractHandlerMethodMapping.java:544)- Mapped "{[/getUserInfo],methods=[POST]}" onto public com.java.util.ResponseData com.java.controller.LoginController.login()
2019-06-14 11:35:09,770 INFO (AbstractHandlerMethodMapping.java:544)- Mapped "{[/hi],methods=[POST]}" onto public java.lang.String com.java.controller.LoginController.sayHi()
2019-06-14 11:35:09,770 INFO (AbstractHandlerMethodMapping.java:544)- Mapped "{[/testRedis],methods=[GET]}" onto public com.java.util.ResponseData com.java.controller.TestRedisContoller.testRedis()
2019-06-14 11:35:09,771 INFO (AbstractHandlerMethodMapping.java:544)- Mapped "{[/swagger-resources/configuration/security]}" onto public org.springframework.http.ResponseEntity<springfox.documentation.swagger.web.SecurityConfiguration> springfox.documentation.swagger.web.ApiResourceController.securityConfiguration()
2019-06-14 11:35:09,772 INFO (AbstractHandlerMethodMapping.java:544)- Mapped "{[/swagger-resources/configuration/ui]}" onto public org.springframework.http.ResponseEntity<springfox.documentation.swagger.web.UiConfiguration> springfox.documentation.swagger.web.ApiResourceController.uiConfiguration()
2019-06-14 11:35:09,772 INFO (AbstractHandlerMethodMapping.java:544)- Mapped "{[/swagger-resources]}" onto public org.springframework.http.ResponseEntity<java.util.List<springfox.documentation.swagger.web.SwaggerResource>> springfox.documentation.swagger.web.ApiResourceController.swaggerResources()
2019-06-14 11:35:09,773 INFO (AbstractHandlerMethodMapping.java:544)- Mapped "{[/error]}" onto public org.springframework.http.ResponseEntity<java.util.Map<java.lang.String, java.lang.Object>> org.springframework.boot.autoconfigure.web.BasicErrorController.error(javax.servlet.http.HttpServletRequest)
2019-06-14 11:35:09,773 INFO (AbstractHandlerMethodMapping.java:544)- Mapped "{[/error],produces=[text/html]}" onto public org.springframework.web.servlet.ModelAndView org.springframework.boot.autoconfigure.web.BasicErrorController.errorHtml(javax.servlet.http.HttpServletRequest,javax.servlet.http.HttpServletResponse)
2019-06-14 11:35:09,893 INFO (RequestMappingHandlerAdapter.java:557)- Looking for @ControllerAdvice: org.springframework.boot.context.embedded.AnnotationConfigEmbeddedWebApplicationContext@1911e8fd: startup date [Fri Jun 14 11:35:08 CST 2019]; root of context hierarchy
2019-06-14 11:35:09,904 INFO (AbstractUrlHandlerMapping.java:364)- Mapped URL path [/webjars/**] onto handler of type [class org.springframework.web.servlet.resource.ResourceHttpRequestHandler]
2019-06-14 11:35:09,904 INFO (AbstractUrlHandlerMapping.java:364)- Mapped URL path [/**] onto handler of type [class org.springframework.web.servlet.resource.ResourceHttpRequestHandler]
2019-06-14 11:35:09,917 INFO (AbstractUrlHandlerMapping.java:364)- Mapped URL path [/**/favicon.ico] onto handler of type [class org.springframework.web.servlet.resource.ResourceHttpRequestHandler]
2019-06-14 11:35:09,984 INFO (FreeMarkerConfigurer.java:127)- ClassTemplateLoader for Spring macros added to FreeMarker configuration
2019-06-14 11:35:10,109 INFO (ServerEndpointExporter.java:143)- Registering @ServerEndpoint class: class com.java.config.WebSocketServer
2019-06-14 11:35:10,119 INFO (DefaultLifecycleProcessor.java:345)- Starting beans in phase 2147483647
2019-06-14 11:35:10,231 INFO (StartupInfoLogger.java:57)- Started StudySpringAppApplication in 1.298 seconds (JVM running for 67.137)
2019-06-14 11:35:32,693 INFO (DefaultLifecycleProcessor.java:360)- Stopping beans in phase 2147483647
2019-06-14 11:35:33,515 INFO (StartupInfoLogger.java:48)- Starting StudySpringAppApplication on DESKTOP-0TOJ20R with PID 15620 (F:\MyWork\StudySpringApp\target\classes started by dell in F:\MyWork\StudySpringApp)
2019-06-14 11:35:33,515 DEBUG (StartupInfoLogger.java:51)- Running with Spring Boot v1.5.21.RELEASE, Spring v4.3.24.RELEASE
2019-06-14 11:35:33,515 INFO (SpringApplication.java:593)- No active profile set, falling back to default profiles: default
2019-06-14 11:35:34,110 INFO (PostProcessorRegistrationDelegate.java:327)- Bean 'org.springframework.amqp.rabbit.annotation.RabbitBootstrapConfiguration' of type [org.springframework.amqp.rabbit.annotation.RabbitBootstrapConfiguration$$EnhancerBySpringCGLIB$$57f7634c] is not eligible for getting processed by all BeanPostProcessors (for example: not eligible for auto-proxying)
2019-06-14 11:35:34,113 INFO (PostProcessorRegistrationDelegate.java:327)- Bean 'org.springframework.ws.config.annotation.DelegatingWsConfiguration' of type [org.springframework.ws.config.annotation.DelegatingWsConfiguration$$EnhancerBySpringCGLIB$$36236a1d] is not eligible for getting processed by all BeanPostProcessors (for example: not eligible for auto-proxying)
2019-06-14 11:35:34,121 INFO (PostProcessorRegistrationDelegate.java:327)- Bean 'org.springframework.transaction.annotation.ProxyTransactionManagementConfiguration' of type [org.springframework.transaction.annotation.ProxyTransactionManagementConfiguration$$EnhancerBySpringCGLIB$$918ba51e] is not eligible for getting processed by all BeanPostProcessors (for example: not eligible for auto-proxying)
2019-06-14 11:35:34,274 INFO (EmbeddedWebApplicationContext.java:287)- Root WebApplicationContext: initialization completed in 756 ms
2019-06-14 11:35:34,568 INFO (AbstractHandlerMethodMapping.java:544)- Mapped "{[/login],methods=[POST]}" onto public com.java.util.ResponseData com.java.controller.LoginController.Login(java.lang.String)
2019-06-14 11:35:34,568 INFO (AbstractHandlerMethodMapping.java:544)- Mapped "{[/wechatPublicPay],methods=[POST]}" onto public com.java.util.ResultMsg com.java.controller.LoginController.wechatPublicPay(com.java.entity.WechatPublicPayParam) throws java.lang.Exception
2019-06-14 11:35:34,568 INFO (AbstractHandlerMethodMapping.java:544)- Mapped "{[/getUserInfo],methods=[POST]}" onto public com.java.util.ResponseData com.java.controller.LoginController.login()
2019-06-14 11:35:34,569 INFO (AbstractHandlerMethodMapping.java:544)- Mapped "{[/hi],methods=[POST]}" onto public java.lang.String com.java.controller.LoginController.sayHi()
2019-06-14 11:35:34,569 INFO (AbstractHandlerMethodMapping.java:544)- Mapped "{[/testRedis],methods=[GET]}" onto public com.java.util.ResponseData com.java.controller.TestRedisContoller.testRedis()
2019-06-14 11:35:34,570 INFO (AbstractHandlerMethodMapping.java:544)- Mapped "{[/swagger-resources/configuration/security]}" onto public org.springframework.http.ResponseEntity<springfox.documentation.swagger.web.SecurityConfiguration> springfox.documentation.swagger.web.ApiResourceController.securityConfiguration()
2019-06-14 11:35:34,571 INFO (AbstractHandlerMethodMapping.java:544)- Mapped "{[/swagger-resources/configuration/ui]}" onto public org.springframework.http.ResponseEntity<springfox.documentation.swagger.web.UiConfiguration> springfox.documentation.swagger.web.ApiResourceController.uiConfiguration()
2019-06-14 11:35:34,571 INFO (AbstractHandlerMethodMapping.java:544)- Mapped "{[/swagger-resources]}" onto public org.springframework.http.ResponseEntity<java.util.List<springfox.documentation.swagger.web.SwaggerResource>> springfox.documentation.swagger.web.ApiResourceController.swaggerResources()
2019-06-14 11:35:34,572 INFO (AbstractHandlerMethodMapping.java:544)- Mapped "{[/error]}" onto public org.springframework.http.ResponseEntity<java.util.Map<java.lang.String, java.lang.Object>> org.springframework.boot.autoconfigure.web.BasicErrorController.error(javax.servlet.http.HttpServletRequest)
2019-06-14 11:35:34,573 INFO (AbstractHandlerMethodMapping.java:544)- Mapped "{[/error],produces=[text/html]}" onto public org.springframework.web.servlet.ModelAndView org.springframework.boot.autoconfigure.web.BasicErrorController.errorHtml(javax.servlet.http.HttpServletRequest,javax.servlet.http.HttpServletResponse)
2019-06-14 11:35:34,665 INFO (RequestMappingHandlerAdapter.java:557)- Looking for @ControllerAdvice: org.springframework.boot.context.embedded.AnnotationConfigEmbeddedWebApplicationContext@17ae4286: startup date [Fri Jun 14 11:35:33 CST 2019]; root of context hierarchy
2019-06-14 11:35:34,675 INFO (AbstractUrlHandlerMapping.java:364)- Mapped URL path [/webjars/**] onto handler of type [class org.springframework.web.servlet.resource.ResourceHttpRequestHandler]
2019-06-14 11:35:34,676 INFO (AbstractUrlHandlerMapping.java:364)- Mapped URL path [/**] onto handler of type [class org.springframework.web.servlet.resource.ResourceHttpRequestHandler]
2019-06-14 11:35:34,687 INFO (AbstractUrlHandlerMapping.java:364)- Mapped URL path [/**/favicon.ico] onto handler of type [class org.springframework.web.servlet.resource.ResourceHttpRequestHandler]
2019-06-14 11:35:34,747 INFO (FreeMarkerConfigurer.java:127)- ClassTemplateLoader for Spring macros added to FreeMarker configuration
2019-06-14 11:35:34,859 INFO (ServerEndpointExporter.java:143)- Registering @ServerEndpoint class: class com.java.config.WebSocketServer
2019-06-14 11:35:34,867 INFO (DefaultLifecycleProcessor.java:345)- Starting beans in phase 2147483647
2019-06-14 11:35:34,961 INFO (StartupInfoLogger.java:57)- Started StudySpringAppApplication in 1.497 seconds (JVM running for 91.868)
2019-06-14 11:36:36,890 INFO (DefaultLifecycleProcessor.java:360)- Stopping beans in phase 2147483647
2019-06-14 11:36:39,297 INFO (StartupInfoLogger.java:48)- Starting StudySpringAppApplication on DESKTOP-0TOJ20R with PID 15620 (F:\MyWork\StudySpringApp\target\classes started by dell in F:\MyWork\StudySpringApp)
2019-06-14 11:36:39,297 DEBUG (StartupInfoLogger.java:51)- Running with Spring Boot v1.5.21.RELEASE, Spring v4.3.24.RELEASE
2019-06-14 11:36:39,297 INFO (SpringApplication.java:593)- No active profile set, falling back to default profiles: default
2019-06-14 11:36:39,927 INFO (PostProcessorRegistrationDelegate.java:327)- Bean 'org.springframework.amqp.rabbit.annotation.RabbitBootstrapConfiguration' of type [org.springframework.amqp.rabbit.annotation.RabbitBootstrapConfiguration$$EnhancerBySpringCGLIB$$57f7634c] is not eligible for getting processed by all BeanPostProcessors (for example: not eligible for auto-proxying)
2019-06-14 11:36:39,930 INFO (PostProcessorRegistrationDelegate.java:327)- Bean 'org.springframework.ws.config.annotation.DelegatingWsConfiguration' of type [org.springframework.ws.config.annotation.DelegatingWsConfiguration$$EnhancerBySpringCGLIB$$36236a1d] is not eligible for getting processed by all BeanPostProcessors (for example: not eligible for auto-proxying)
2019-06-14 11:36:39,938 INFO (PostProcessorRegistrationDelegate.java:327)- Bean 'org.springframework.transaction.annotation.ProxyTransactionManagementConfiguration' of type [org.springframework.transaction.annotation.ProxyTransactionManagementConfiguration$$EnhancerBySpringCGLIB$$918ba51e] is not eligible for getting processed by all BeanPostProcessors (for example: not eligible for auto-proxying)
2019-06-14 11:36:40,082 INFO (EmbeddedWebApplicationContext.java:287)- Root WebApplicationContext: initialization completed in 782 ms
2019-06-14 11:36:40,379 INFO (AbstractHandlerMethodMapping.java:544)- Mapped "{[/login],methods=[POST]}" onto public com.java.util.ResponseData com.java.controller.LoginController.Login(java.lang.String)
2019-06-14 11:36:40,380 INFO (AbstractHandlerMethodMapping.java:544)- Mapped "{[/wechatPublicPay],methods=[POST]}" onto public com.java.util.ResultMsg com.java.controller.LoginController.wechatPublicPay(com.java.entity.WechatPublicPayParam) throws java.lang.Exception
2019-06-14 11:36:40,380 INFO (AbstractHandlerMethodMapping.java:544)- Mapped "{[/getUserInfo],methods=[POST]}" onto public com.java.util.ResponseData com.java.controller.LoginController.login()
2019-06-14 11:36:40,380 INFO (AbstractHandlerMethodMapping.java:544)- Mapped "{[/hi],methods=[POST]}" onto public java.lang.String com.java.controller.LoginController.sayHi()
2019-06-14 11:36:40,380 INFO (AbstractHandlerMethodMapping.java:544)- Mapped "{[/testRedis],methods=[GET]}" onto public com.java.util.ResponseData com.java.controller.TestRedisContoller.testRedis()
2019-06-14 11:36:40,382 INFO (AbstractHandlerMethodMapping.java:544)- Mapped "{[/swagger-resources/configuration/security]}" onto public org.springframework.http.ResponseEntity<springfox.documentation.swagger.web.SecurityConfiguration> springfox.documentation.swagger.web.ApiResourceController.securityConfiguration()
2019-06-14 11:36:40,382 INFO (AbstractHandlerMethodMapping.java:544)- Mapped "{[/swagger-resources/configuration/ui]}" onto public org.springframework.http.ResponseEntity<springfox.documentation.swagger.web.UiConfiguration> springfox.documentation.swagger.web.ApiResourceController.uiConfiguration()
2019-06-14 11:36:40,382 INFO (AbstractHandlerMethodMapping.java:544)- Mapped "{[/swagger-resources]}" onto public org.springframework.http.ResponseEntity<java.util.List<springfox.documentation.swagger.web.SwaggerResource>> springfox.documentation.swagger.web.ApiResourceController.swaggerResources()
2019-06-14 11:36:40,383 INFO (AbstractHandlerMethodMapping.java:544)- Mapped "{[/error]}" onto public org.springframework.http.ResponseEntity<java.util.Map<java.lang.String, java.lang.Object>> org.springframework.boot.autoconfigure.web.BasicErrorController.error(javax.servlet.http.HttpServletRequest)
2019-06-14 11:36:40,383 INFO (AbstractHandlerMethodMapping.java:544)- Mapped "{[/error],produces=[text/html]}" onto public org.springframework.web.servlet.ModelAndView org.springframework.boot.autoconfigure.web.BasicErrorController.errorHtml(javax.servlet.http.HttpServletRequest,javax.servlet.http.HttpServletResponse)
2019-06-14 11:36:40,479 INFO (RequestMappingHandlerAdapter.java:557)- Looking for @ControllerAdvice: org.springframework.boot.context.embedded.AnnotationConfigEmbeddedWebApplicationContext@12bf633a: startup date [Fri Jun 14 11:36:39 CST 2019]; root of context hierarchy
2019-06-14 11:36:40,491 INFO (AbstractUrlHandlerMapping.java:364)- Mapped URL path [/webjars/**] onto handler of type [class org.springframework.web.servlet.resource.ResourceHttpRequestHandler]
2019-06-14 11:36:40,491 INFO (AbstractUrlHandlerMapping.java:364)- Mapped URL path [/**] onto handler of type [class org.springframework.web.servlet.resource.ResourceHttpRequestHandler]
2019-06-14 11:36:40,505 INFO (AbstractUrlHandlerMapping.java:364)- Mapped URL path [/**/favicon.ico] onto handler of type [class org.springframework.web.servlet.resource.ResourceHttpRequestHandler]
2019-06-14 11:36:40,567 INFO (FreeMarkerConfigurer.java:127)- ClassTemplateLoader for Spring macros added to FreeMarker configuration
2019-06-14 11:36:40,677 INFO (ServerEndpointExporter.java:143)- Registering @ServerEndpoint class: class com.java.config.WebSocketServer
2019-06-14 11:36:40,687 INFO (DefaultLifecycleProcessor.java:345)- Starting beans in phase 2147483647
2019-06-14 11:36:40,777 INFO (StartupInfoLogger.java:57)- Started StudySpringAppApplication in 1.55 seconds (JVM running for 157.683)
2019-06-14 11:40:53,119 INFO (FrameworkServlet.java:489)- FrameworkServlet 'dispatcherServlet': initialization started
2019-06-14 11:40:53,126 INFO (FrameworkServlet.java:508)- FrameworkServlet 'dispatcherServlet': initialization completed in 7 ms
2019-06-14 11:42:01,387 INFO (TestRedisContoller.java:61)- 进入数据库查询======================
2019-06-14 11:42:01,648 DEBUG (BaseJdbcLogger.java:159)- ==>  Preparing: SELECT id,account_id,real_name,id_card,nick,head,sex,birthday,nation,marriage,phone,bak_phone,illness,diagnostic_content,qq_number,email,create_time,login_end_date,province_code,province_name,city_code,city_name,district_code,district_name,address,status,qrcode FROM subscribe_health_user 
2019-06-14 11:42:01,659 DEBUG (BaseJdbcLogger.java:159)- ==> Parameters: 
2019-06-14 11:42:01,682 DEBUG (BaseJdbcLogger.java:159)- <==      Total: 11
2019-06-14 11:42:01,685 INFO (TestRedisContoller.java:64)- 存入Redis中》》》》》》》》》》》》》》》
2019-06-14 11:44:19,628 INFO (TestRedisContoller.java:69)- 进入Redis查询》》》》》》》》》》》》》》》》》
2019-06-14 11:55:16,960 INFO (DefaultLifecycleProcessor.java:360)- Stopping beans in phase 2147483647
2019-06-14 14:32:13,311 INFO (StartupInfoLogger.java:48)- Starting StudySpringAppApplication on DESKTOP-0TOJ20R with PID 13604 (F:\MyWork\StudySpringApp\target\classes started by dell in F:\MyWork\StudySpringApp)
2019-06-14 14:32:13,312 DEBUG (StartupInfoLogger.java:51)- Running with Spring Boot v1.5.21.RELEASE, Spring v4.3.24.RELEASE
2019-06-14 14:32:13,312 INFO (SpringApplication.java:593)- No active profile set, falling back to default profiles: default
2019-06-14 14:32:14,231 INFO (PostProcessorRegistrationDelegate.java:327)- Bean 'org.springframework.amqp.rabbit.annotation.RabbitBootstrapConfiguration' of type [org.springframework.amqp.rabbit.annotation.RabbitBootstrapConfiguration$$EnhancerBySpringCGLIB$$fd7262d2] is not eligible for getting processed by all BeanPostProcessors (for example: not eligible for auto-proxying)
2019-06-14 14:32:14,271 INFO (PostProcessorRegistrationDelegate.java:327)- Bean 'org.springframework.ws.config.annotation.DelegatingWsConfiguration' of type [org.springframework.ws.config.annotation.DelegatingWsConfiguration$$EnhancerBySpringCGLIB$$db9e69a3] is not eligible for getting processed by all BeanPostProcessors (for example: not eligible for auto-proxying)
2019-06-14 14:32:14,315 INFO (PostProcessorRegistrationDelegate.java:327)- Bean 'org.springframework.transaction.annotation.ProxyTransactionManagementConfiguration' of type [org.springframework.transaction.annotation.ProxyTransactionManagementConfiguration$$EnhancerBySpringCGLIB$$3706a4a4] is not eligible for getting processed by all BeanPostProcessors (for example: not eligible for auto-proxying)
2019-06-14 14:32:14,722 INFO (EmbeddedWebApplicationContext.java:287)- Root WebApplicationContext: initialization completed in 1384 ms
2019-06-14 14:32:15,582 INFO (AbstractHandlerMethodMapping.java:544)- Mapped "{[/hi],methods=[POST]}" onto public java.lang.String com.java.controller.LoginController.sayHi()
2019-06-14 14:32:15,583 INFO (AbstractHandlerMethodMapping.java:544)- Mapped "{[/wechatPublicPay],methods=[POST]}" onto public com.java.util.ResultMsg com.java.controller.LoginController.wechatPublicPay(com.java.entity.WechatPublicPayParam) throws java.lang.Exception
2019-06-14 14:32:15,584 INFO (AbstractHandlerMethodMapping.java:544)- Mapped "{[/getUserInfo],methods=[POST]}" onto public com.java.util.ResponseData com.java.controller.LoginController.login()
2019-06-14 14:32:15,584 INFO (AbstractHandlerMethodMapping.java:544)- Mapped "{[/login],methods=[POST]}" onto public com.java.util.ResponseData com.java.controller.LoginController.Login(java.lang.String)
2019-06-14 14:32:15,585 INFO (AbstractHandlerMethodMapping.java:544)- Mapped "{[/testRedis],methods=[GET]}" onto public com.java.util.ResponseData com.java.controller.TestRedisContoller.testRedis()
2019-06-14 14:32:15,585 INFO (AbstractHandlerMethodMapping.java:544)- Mapped "{[/testTreeMenu],methods=[GET]}" onto public com.java.util.ResponseData com.java.controller.TestTreeMenu.testTreeMenu()
2019-06-14 14:32:15,587 INFO (AbstractHandlerMethodMapping.java:544)- Mapped "{[/swagger-resources/configuration/security]}" onto public org.springframework.http.ResponseEntity<springfox.documentation.swagger.web.SecurityConfiguration> springfox.documentation.swagger.web.ApiResourceController.securityConfiguration()
2019-06-14 14:32:15,588 INFO (AbstractHandlerMethodMapping.java:544)- Mapped "{[/swagger-resources]}" onto public org.springframework.http.ResponseEntity<java.util.List<springfox.documentation.swagger.web.SwaggerResource>> springfox.documentation.swagger.web.ApiResourceController.swaggerResources()
2019-06-14 14:32:15,588 INFO (AbstractHandlerMethodMapping.java:544)- Mapped "{[/swagger-resources/configuration/ui]}" onto public org.springframework.http.ResponseEntity<springfox.documentation.swagger.web.UiConfiguration> springfox.documentation.swagger.web.ApiResourceController.uiConfiguration()
2019-06-14 14:32:15,590 INFO (AbstractHandlerMethodMapping.java:544)- Mapped "{[/error]}" onto public org.springframework.http.ResponseEntity<java.util.Map<java.lang.String, java.lang.Object>> org.springframework.boot.autoconfigure.web.BasicErrorController.error(javax.servlet.http.HttpServletRequest)
2019-06-14 14:32:15,590 INFO (AbstractHandlerMethodMapping.java:544)- Mapped "{[/error],produces=[text/html]}" onto public org.springframework.web.servlet.ModelAndView org.springframework.boot.autoconfigure.web.BasicErrorController.errorHtml(javax.servlet.http.HttpServletRequest,javax.servlet.http.HttpServletResponse)
2019-06-14 14:32:15,858 INFO (RequestMappingHandlerAdapter.java:557)- Looking for @ControllerAdvice: org.springframework.boot.context.embedded.AnnotationConfigEmbeddedWebApplicationContext@431c1bb1: startup date [Fri Jun 14 14:32:13 CST 2019]; root of context hierarchy
2019-06-14 14:32:15,896 INFO (AbstractUrlHandlerMapping.java:364)- Mapped URL path [/webjars/**] onto handler of type [class org.springframework.web.servlet.resource.ResourceHttpRequestHandler]
2019-06-14 14:32:15,896 INFO (AbstractUrlHandlerMapping.java:364)- Mapped URL path [/**] onto handler of type [class org.springframework.web.servlet.resource.ResourceHttpRequestHandler]
2019-06-14 14:32:15,927 INFO (AbstractUrlHandlerMapping.java:364)- Mapped URL path [/**/favicon.ico] onto handler of type [class org.springframework.web.servlet.resource.ResourceHttpRequestHandler]
2019-06-14 14:32:16,185 INFO (FreeMarkerConfigurer.java:127)- ClassTemplateLoader for Spring macros added to FreeMarker configuration
2019-06-14 14:32:16,454 INFO (ServerEndpointExporter.java:143)- Registering @ServerEndpoint class: class com.java.config.WebSocketServer
2019-06-14 14:32:16,489 INFO (DefaultLifecycleProcessor.java:345)- Starting beans in phase 2147483647
2019-06-14 14:32:16,773 INFO (StartupInfoLogger.java:57)- Started StudySpringAppApplication in 3.637 seconds (JVM running for 4.243)
2019-06-14 14:32:30,539 INFO (FrameworkServlet.java:489)- FrameworkServlet 'dispatcherServlet': initialization started
2019-06-14 14:32:30,556 INFO (FrameworkServlet.java:508)- FrameworkServlet 'dispatcherServlet': initialization completed in 17 ms
2019-06-14 14:32:38,720 DEBUG (BaseJdbcLogger.java:159)- ==>  Preparing: SELECT id,pid,name,type FROM system_menu_and_children_v_o 
2019-06-14 14:32:38,729 DEBUG (BaseJdbcLogger.java:159)- ==> Parameters: 
2019-06-14 14:32:38,994 INFO (XmlBeanDefinitionReader.java:317)- Loading XML bean definitions from class path resource [org/springframework/jdbc/support/sql-error-codes.xml]
2019-06-14 14:34:20,157 INFO (DefaultLifecycleProcessor.java:360)- Stopping beans in phase 2147483647
2019-06-14 14:34:23,155 INFO (StartupInfoLogger.java:48)- Starting StudySpringAppApplication on DESKTOP-0TOJ20R with PID 13604 (F:\MyWork\StudySpringApp\target\classes started by dell in F:\MyWork\StudySpringApp)
2019-06-14 14:34:23,155 DEBUG (StartupInfoLogger.java:51)- Running with Spring Boot v1.5.21.RELEASE, Spring v4.3.24.RELEASE
2019-06-14 14:34:23,155 INFO (SpringApplication.java:593)- No active profile set, falling back to default profiles: default
2019-06-14 14:34:23,895 INFO (PostProcessorRegistrationDelegate.java:327)- Bean 'org.springframework.amqp.rabbit.annotation.RabbitBootstrapConfiguration' of type [org.springframework.amqp.rabbit.annotation.RabbitBootstrapConfiguration$$EnhancerBySpringCGLIB$$fd7262d2] is not eligible for getting processed by all BeanPostProcessors (for example: not eligible for auto-proxying)
2019-06-14 14:34:23,898 INFO (PostProcessorRegistrationDelegate.java:327)- Bean 'org.springframework.ws.config.annotation.DelegatingWsConfiguration' of type [org.springframework.ws.config.annotation.DelegatingWsConfiguration$$EnhancerBySpringCGLIB$$db9e69a3] is not eligible for getting processed by all BeanPostProcessors (for example: not eligible for auto-proxying)
2019-06-14 14:34:23,906 INFO (PostProcessorRegistrationDelegate.java:327)- Bean 'org.springframework.transaction.annotation.ProxyTransactionManagementConfiguration' of type [org.springframework.transaction.annotation.ProxyTransactionManagementConfiguration$$EnhancerBySpringCGLIB$$3706a4a4] is not eligible for getting processed by all BeanPostProcessors (for example: not eligible for auto-proxying)
2019-06-14 14:34:24,051 INFO (EmbeddedWebApplicationContext.java:287)- Root WebApplicationContext: initialization completed in 893 ms
2019-06-14 14:34:24,416 INFO (AbstractHandlerMethodMapping.java:544)- Mapped "{[/hi],methods=[POST]}" onto public java.lang.String com.java.controller.LoginController.sayHi()
2019-06-14 14:34:24,416 INFO (AbstractHandlerMethodMapping.java:544)- Mapped "{[/wechatPublicPay],methods=[POST]}" onto public com.java.util.ResultMsg com.java.controller.LoginController.wechatPublicPay(com.java.entity.WechatPublicPayParam) throws java.lang.Exception
2019-06-14 14:34:24,416 INFO (AbstractHandlerMethodMapping.java:544)- Mapped "{[/getUserInfo],methods=[POST]}" onto public com.java.util.ResponseData com.java.controller.LoginController.login()
2019-06-14 14:34:24,416 INFO (AbstractHandlerMethodMapping.java:544)- Mapped "{[/login],methods=[POST]}" onto public com.java.util.ResponseData com.java.controller.LoginController.Login(java.lang.String)
2019-06-14 14:34:24,416 INFO (AbstractHandlerMethodMapping.java:544)- Mapped "{[/testRedis],methods=[GET]}" onto public com.java.util.ResponseData com.java.controller.TestRedisContoller.testRedis()
2019-06-14 14:34:24,418 INFO (AbstractHandlerMethodMapping.java:544)- Mapped "{[/testTreeMenu],methods=[GET]}" onto public com.java.util.ResponseData com.java.controller.TestTreeMenu.testTreeMenu()
2019-06-14 14:34:24,418 INFO (AbstractHandlerMethodMapping.java:544)- Mapped "{[/swagger-resources/configuration/security]}" onto public org.springframework.http.ResponseEntity<springfox.documentation.swagger.web.SecurityConfiguration> springfox.documentation.swagger.web.ApiResourceController.securityConfiguration()
2019-06-14 14:34:24,418 INFO (AbstractHandlerMethodMapping.java:544)- Mapped "{[/swagger-resources]}" onto public org.springframework.http.ResponseEntity<java.util.List<springfox.documentation.swagger.web.SwaggerResource>> springfox.documentation.swagger.web.ApiResourceController.swaggerResources()
2019-06-14 14:34:24,418 INFO (AbstractHandlerMethodMapping.java:544)- Mapped "{[/swagger-resources/configuration/ui]}" onto public org.springframework.http.ResponseEntity<springfox.documentation.swagger.web.UiConfiguration> springfox.documentation.swagger.web.ApiResourceController.uiConfiguration()
2019-06-14 14:34:24,420 INFO (AbstractHandlerMethodMapping.java:544)- Mapped "{[/error]}" onto public org.springframework.http.ResponseEntity<java.util.Map<java.lang.String, java.lang.Object>> org.springframework.boot.autoconfigure.web.BasicErrorController.error(javax.servlet.http.HttpServletRequest)
2019-06-14 14:34:24,420 INFO (AbstractHandlerMethodMapping.java:544)- Mapped "{[/error],produces=[text/html]}" onto public org.springframework.web.servlet.ModelAndView org.springframework.boot.autoconfigure.web.BasicErrorController.errorHtml(javax.servlet.http.HttpServletRequest,javax.servlet.http.HttpServletResponse)
2019-06-14 14:34:24,539 INFO (RequestMappingHandlerAdapter.java:557)- Looking for @ControllerAdvice: org.springframework.boot.context.embedded.AnnotationConfigEmbeddedWebApplicationContext@78234efb: startup date [Fri Jun 14 14:34:23 CST 2019]; root of context hierarchy
2019-06-14 14:34:24,551 INFO (AbstractUrlHandlerMapping.java:364)- Mapped URL path [/webjars/**] onto handler of type [class org.springframework.web.servlet.resource.ResourceHttpRequestHandler]
2019-06-14 14:34:24,551 INFO (AbstractUrlHandlerMapping.java:364)- Mapped URL path [/**] onto handler of type [class org.springframework.web.servlet.resource.ResourceHttpRequestHandler]
2019-06-14 14:34:24,564 INFO (AbstractUrlHandlerMapping.java:364)- Mapped URL path [/**/favicon.ico] onto handler of type [class org.springframework.web.servlet.resource.ResourceHttpRequestHandler]
2019-06-14 14:34:24,634 INFO (FreeMarkerConfigurer.java:127)- ClassTemplateLoader for Spring macros added to FreeMarker configuration
2019-06-14 14:34:24,765 INFO (ServerEndpointExporter.java:143)- Registering @ServerEndpoint class: class com.java.config.WebSocketServer
2019-06-14 14:34:24,773 INFO (DefaultLifecycleProcessor.java:345)- Starting beans in phase 2147483647
2019-06-14 14:34:24,870 INFO (StartupInfoLogger.java:57)- Started StudySpringAppApplication in 1.797 seconds (JVM running for 132.341)
2019-06-14 14:34:35,344 INFO (DefaultLifecycleProcessor.java:360)- Stopping beans in phase 2147483647
2019-06-14 14:36:42,875 INFO (StartupInfoLogger.java:48)- Starting StudySpringAppApplication on DESKTOP-0TOJ20R with PID 5576 (F:\MyWork\StudySpringApp\target\classes started by dell in F:\MyWork\StudySpringApp)
2019-06-14 14:36:42,876 DEBUG (StartupInfoLogger.java:51)- Running with Spring Boot v1.5.21.RELEASE, Spring v4.3.24.RELEASE
2019-06-14 14:36:42,876 INFO (SpringApplication.java:593)- No active profile set, falling back to default profiles: default
2019-06-14 14:36:43,785 INFO (PostProcessorRegistrationDelegate.java:327)- Bean 'org.springframework.amqp.rabbit.annotation.RabbitBootstrapConfiguration' of type [org.springframework.amqp.rabbit.annotation.RabbitBootstrapConfiguration$$EnhancerBySpringCGLIB$$b59929c8] is not eligible for getting processed by all BeanPostProcessors (for example: not eligible for auto-proxying)
2019-06-14 14:36:43,824 INFO (PostProcessorRegistrationDelegate.java:327)- Bean 'org.springframework.ws.config.annotation.DelegatingWsConfiguration' of type [org.springframework.ws.config.annotation.DelegatingWsConfiguration$$EnhancerBySpringCGLIB$$93c53099] is not eligible for getting processed by all BeanPostProcessors (for example: not eligible for auto-proxying)
2019-06-14 14:36:43,870 INFO (PostProcessorRegistrationDelegate.java:327)- Bean 'org.springframework.transaction.annotation.ProxyTransactionManagementConfiguration' of type [org.springframework.transaction.annotation.ProxyTransactionManagementConfiguration$$EnhancerBySpringCGLIB$$ef2d6b9a] is not eligible for getting processed by all BeanPostProcessors (for example: not eligible for auto-proxying)
2019-06-14 14:36:44,281 INFO (EmbeddedWebApplicationContext.java:287)- Root WebApplicationContext: initialization completed in 1379 ms
2019-06-14 14:36:45,133 INFO (AbstractHandlerMethodMapping.java:544)- Mapped "{[/hi],methods=[POST]}" onto public java.lang.String com.java.controller.LoginController.sayHi()
2019-06-14 14:36:45,134 INFO (AbstractHandlerMethodMapping.java:544)- Mapped "{[/getUserInfo],methods=[POST]}" onto public com.java.util.ResponseData com.java.controller.LoginController.login()
2019-06-14 14:36:45,135 INFO (AbstractHandlerMethodMapping.java:544)- Mapped "{[/wechatPublicPay],methods=[POST]}" onto public com.java.util.ResultMsg com.java.controller.LoginController.wechatPublicPay(com.java.entity.WechatPublicPayParam) throws java.lang.Exception
2019-06-14 14:36:45,135 INFO (AbstractHandlerMethodMapping.java:544)- Mapped "{[/login],methods=[POST]}" onto public com.java.util.ResponseData com.java.controller.LoginController.Login(java.lang.String)
2019-06-14 14:36:45,136 INFO (AbstractHandlerMethodMapping.java:544)- Mapped "{[/testRedis],methods=[GET]}" onto public com.java.util.ResponseData com.java.controller.TestRedisContoller.testRedis()
2019-06-14 14:36:45,137 INFO (AbstractHandlerMethodMapping.java:544)- Mapped "{[/testTreeMenu],methods=[GET]}" onto public com.java.util.ResponseData com.java.controller.TestTreeMenu.testTreeMenu()
2019-06-14 14:36:45,138 INFO (AbstractHandlerMethodMapping.java:544)- Mapped "{[/swagger-resources]}" onto public org.springframework.http.ResponseEntity<java.util.List<springfox.documentation.swagger.web.SwaggerResource>> springfox.documentation.swagger.web.ApiResourceController.swaggerResources()
2019-06-14 14:36:45,139 INFO (AbstractHandlerMethodMapping.java:544)- Mapped "{[/swagger-resources/configuration/ui]}" onto public org.springframework.http.ResponseEntity<springfox.documentation.swagger.web.UiConfiguration> springfox.documentation.swagger.web.ApiResourceController.uiConfiguration()
2019-06-14 14:36:45,140 INFO (AbstractHandlerMethodMapping.java:544)- Mapped "{[/swagger-resources/configuration/security]}" onto public org.springframework.http.ResponseEntity<springfox.documentation.swagger.web.SecurityConfiguration> springfox.documentation.swagger.web.ApiResourceController.securityConfiguration()
2019-06-14 14:36:45,141 INFO (AbstractHandlerMethodMapping.java:544)- Mapped "{[/error]}" onto public org.springframework.http.ResponseEntity<java.util.Map<java.lang.String, java.lang.Object>> org.springframework.boot.autoconfigure.web.BasicErrorController.error(javax.servlet.http.HttpServletRequest)
2019-06-14 14:36:45,142 INFO (AbstractHandlerMethodMapping.java:544)- Mapped "{[/error],produces=[text/html]}" onto public org.springframework.web.servlet.ModelAndView org.springframework.boot.autoconfigure.web.BasicErrorController.errorHtml(javax.servlet.http.HttpServletRequest,javax.servlet.http.HttpServletResponse)
2019-06-14 14:36:45,410 INFO (RequestMappingHandlerAdapter.java:557)- Looking for @ControllerAdvice: org.springframework.boot.context.embedded.AnnotationConfigEmbeddedWebApplicationContext@3a550e0a: startup date [Fri Jun 14 14:36:42 CST 2019]; root of context hierarchy
2019-06-14 14:36:45,446 INFO (AbstractUrlHandlerMapping.java:364)- Mapped URL path [/webjars/**] onto handler of type [class org.springframework.web.servlet.resource.ResourceHttpRequestHandler]
2019-06-14 14:36:45,447 INFO (AbstractUrlHandlerMapping.java:364)- Mapped URL path [/**] onto handler of type [class org.springframework.web.servlet.resource.ResourceHttpRequestHandler]
2019-06-14 14:36:45,475 INFO (AbstractUrlHandlerMapping.java:364)- Mapped URL path [/**/favicon.ico] onto handler of type [class org.springframework.web.servlet.resource.ResourceHttpRequestHandler]
2019-06-14 14:36:45,720 INFO (FreeMarkerConfigurer.java:127)- ClassTemplateLoader for Spring macros added to FreeMarker configuration
2019-06-14 14:36:45,976 INFO (ServerEndpointExporter.java:143)- Registering @ServerEndpoint class: class com.java.config.WebSocketServer
2019-06-14 14:36:46,010 INFO (DefaultLifecycleProcessor.java:345)- Starting beans in phase 2147483647
2019-06-14 14:36:46,287 INFO (StartupInfoLogger.java:57)- Started StudySpringAppApplication in 3.592 seconds (JVM running for 4.185)
2019-06-14 14:37:01,457 INFO (FrameworkServlet.java:489)- FrameworkServlet 'dispatcherServlet': initialization started
2019-06-14 14:37:01,473 INFO (FrameworkServlet.java:508)- FrameworkServlet 'dispatcherServlet': initialization completed in 15 ms
2019-06-14 14:37:06,406 DEBUG (BaseJdbcLogger.java:159)- ==>  Preparing: SELECT id,pid,name,type FROM system_menu_and_children_v_o 
2019-06-14 14:37:06,416 DEBUG (BaseJdbcLogger.java:159)- ==> Parameters: 
2019-06-14 14:37:06,461 INFO (XmlBeanDefinitionReader.java:317)- Loading XML bean definitions from class path resource [org/springframework/jdbc/support/sql-error-codes.xml]
2019-06-14 14:38:53,700 INFO (DefaultLifecycleProcessor.java:360)- Stopping beans in phase 2147483647
2019-06-14 14:38:55,621 INFO (StartupInfoLogger.java:48)- Starting StudySpringAppApplication on DESKTOP-0TOJ20R with PID 5576 (F:\MyWork\StudySpringApp\target\classes started by dell in F:\MyWork\StudySpringApp)
2019-06-14 14:38:55,622 DEBUG (StartupInfoLogger.java:51)- Running with Spring Boot v1.5.21.RELEASE, Spring v4.3.24.RELEASE
2019-06-14 14:38:55,622 INFO (SpringApplication.java:593)- No active profile set, falling back to default profiles: default
2019-06-14 14:38:56,289 INFO (PostProcessorRegistrationDelegate.java:327)- Bean 'org.springframework.amqp.rabbit.annotation.RabbitBootstrapConfiguration' of type [org.springframework.amqp.rabbit.annotation.RabbitBootstrapConfiguration$$EnhancerBySpringCGLIB$$b59929c8] is not eligible for getting processed by all BeanPostProcessors (for example: not eligible for auto-proxying)
2019-06-14 14:38:56,293 INFO (PostProcessorRegistrationDelegate.java:327)- Bean 'org.springframework.ws.config.annotation.DelegatingWsConfiguration' of type [org.springframework.ws.config.annotation.DelegatingWsConfiguration$$EnhancerBySpringCGLIB$$93c53099] is not eligible for getting processed by all BeanPostProcessors (for example: not eligible for auto-proxying)
2019-06-14 14:38:56,302 INFO (PostProcessorRegistrationDelegate.java:327)- Bean 'org.springframework.transaction.annotation.ProxyTransactionManagementConfiguration' of type [org.springframework.transaction.annotation.ProxyTransactionManagementConfiguration$$EnhancerBySpringCGLIB$$ef2d6b9a] is not eligible for getting processed by all BeanPostProcessors (for example: not eligible for auto-proxying)
2019-06-14 14:38:56,452 INFO (EmbeddedWebApplicationContext.java:287)- Root WebApplicationContext: initialization completed in 827 ms
2019-06-14 14:38:56,829 INFO (AbstractHandlerMethodMapping.java:544)- Mapped "{[/hi],methods=[POST]}" onto public java.lang.String com.java.controller.LoginController.sayHi()
2019-06-14 14:38:56,829 INFO (AbstractHandlerMethodMapping.java:544)- Mapped "{[/getUserInfo],methods=[POST]}" onto public com.java.util.ResponseData com.java.controller.LoginController.login()
2019-06-14 14:38:56,829 INFO (AbstractHandlerMethodMapping.java:544)- Mapped "{[/wechatPublicPay],methods=[POST]}" onto public com.java.util.ResultMsg com.java.controller.LoginController.wechatPublicPay(com.java.entity.WechatPublicPayParam) throws java.lang.Exception
2019-06-14 14:38:56,830 INFO (AbstractHandlerMethodMapping.java:544)- Mapped "{[/login],methods=[POST]}" onto public com.java.util.ResponseData com.java.controller.LoginController.Login(java.lang.String)
2019-06-14 14:38:56,830 INFO (AbstractHandlerMethodMapping.java:544)- Mapped "{[/testRedis],methods=[GET]}" onto public com.java.util.ResponseData com.java.controller.TestRedisContoller.testRedis()
2019-06-14 14:38:56,831 INFO (AbstractHandlerMethodMapping.java:544)- Mapped "{[/testTreeMenu],methods=[GET]}" onto public com.java.util.ResponseData com.java.controller.TestTreeMenu.testTreeMenu()
2019-06-14 14:38:56,832 INFO (AbstractHandlerMethodMapping.java:544)- Mapped "{[/swagger-resources]}" onto public org.springframework.http.ResponseEntity<java.util.List<springfox.documentation.swagger.web.SwaggerResource>> springfox.documentation.swagger.web.ApiResourceController.swaggerResources()
2019-06-14 14:38:56,833 INFO (AbstractHandlerMethodMapping.java:544)- Mapped "{[/swagger-resources/configuration/ui]}" onto public org.springframework.http.ResponseEntity<springfox.documentation.swagger.web.UiConfiguration> springfox.documentation.swagger.web.ApiResourceController.uiConfiguration()
2019-06-14 14:38:56,833 INFO (AbstractHandlerMethodMapping.java:544)- Mapped "{[/swagger-resources/configuration/security]}" onto public org.springframework.http.ResponseEntity<springfox.documentation.swagger.web.SecurityConfiguration> springfox.documentation.swagger.web.ApiResourceController.securityConfiguration()
2019-06-14 14:38:56,834 INFO (AbstractHandlerMethodMapping.java:544)- Mapped "{[/error]}" onto public org.springframework.http.ResponseEntity<java.util.Map<java.lang.String, java.lang.Object>> org.springframework.boot.autoconfigure.web.BasicErrorController.error(javax.servlet.http.HttpServletRequest)
2019-06-14 14:38:56,835 INFO (AbstractHandlerMethodMapping.java:544)- Mapped "{[/error],produces=[text/html]}" onto public org.springframework.web.servlet.ModelAndView org.springframework.boot.autoconfigure.web.BasicErrorController.errorHtml(javax.servlet.http.HttpServletRequest,javax.servlet.http.HttpServletResponse)
2019-06-14 14:38:56,948 INFO (RequestMappingHandlerAdapter.java:557)- Looking for @ControllerAdvice: org.springframework.boot.context.embedded.AnnotationConfigEmbeddedWebApplicationContext@659131fb: startup date [Fri Jun 14 14:38:55 CST 2019]; root of context hierarchy
2019-06-14 14:38:56,960 INFO (AbstractUrlHandlerMapping.java:364)- Mapped URL path [/webjars/**] onto handler of type [class org.springframework.web.servlet.resource.ResourceHttpRequestHandler]
2019-06-14 14:38:56,961 INFO (AbstractUrlHandlerMapping.java:364)- Mapped URL path [/**] onto handler of type [class org.springframework.web.servlet.resource.ResourceHttpRequestHandler]
2019-06-14 14:38:56,974 INFO (AbstractUrlHandlerMapping.java:364)- Mapped URL path [/**/favicon.ico] onto handler of type [class org.springframework.web.servlet.resource.ResourceHttpRequestHandler]
2019-06-14 14:38:57,046 INFO (FreeMarkerConfigurer.java:127)- ClassTemplateLoader for Spring macros added to FreeMarker configuration
2019-06-14 14:38:57,176 INFO (ServerEndpointExporter.java:143)- Registering @ServerEndpoint class: class com.java.config.WebSocketServer
2019-06-14 14:38:57,185 INFO (DefaultLifecycleProcessor.java:345)- Starting beans in phase 2147483647
2019-06-14 14:38:57,289 INFO (StartupInfoLogger.java:57)- Started StudySpringAppApplication in 1.713 seconds (JVM running for 135.187)
2019-06-14 14:40:15,856 INFO (DefaultLifecycleProcessor.java:360)- Stopping beans in phase 2147483647
2019-06-14 14:40:19,619 INFO (StartupInfoLogger.java:48)- Starting StudySpringAppApplication on DESKTOP-0TOJ20R with PID 5576 (F:\MyWork\StudySpringApp\target\classes started by dell in F:\MyWork\StudySpringApp)
2019-06-14 14:40:19,620 DEBUG (StartupInfoLogger.java:51)- Running with Spring Boot v1.5.21.RELEASE, Spring v4.3.24.RELEASE
2019-06-14 14:40:19,620 INFO (SpringApplication.java:593)- No active profile set, falling back to default profiles: default
2019-06-14 14:40:20,234 INFO (PostProcessorRegistrationDelegate.java:327)- Bean 'org.springframework.amqp.rabbit.annotation.RabbitBootstrapConfiguration' of type [org.springframework.amqp.rabbit.annotation.RabbitBootstrapConfiguration$$EnhancerBySpringCGLIB$$b59929c8] is not eligible for getting processed by all BeanPostProcessors (for example: not eligible for auto-proxying)
2019-06-14 14:40:20,237 INFO (PostProcessorRegistrationDelegate.java:327)- Bean 'org.springframework.ws.config.annotation.DelegatingWsConfiguration' of type [org.springframework.ws.config.annotation.DelegatingWsConfiguration$$EnhancerBySpringCGLIB$$93c53099] is not eligible for getting processed by all BeanPostProcessors (for example: not eligible for auto-proxying)
2019-06-14 14:40:20,246 INFO (PostProcessorRegistrationDelegate.java:327)- Bean 'org.springframework.transaction.annotation.ProxyTransactionManagementConfiguration' of type [org.springframework.transaction.annotation.ProxyTransactionManagementConfiguration$$EnhancerBySpringCGLIB$$ef2d6b9a] is not eligible for getting processed by all BeanPostProcessors (for example: not eligible for auto-proxying)
2019-06-14 14:40:20,384 INFO (EmbeddedWebApplicationContext.java:287)- Root WebApplicationContext: initialization completed in 761 ms
2019-06-14 14:40:20,716 INFO (AbstractHandlerMethodMapping.java:544)- Mapped "{[/hi],methods=[POST]}" onto public java.lang.String com.java.controller.LoginController.sayHi()
2019-06-14 14:40:20,716 INFO (AbstractHandlerMethodMapping.java:544)- Mapped "{[/getUserInfo],methods=[POST]}" onto public com.java.util.ResponseData com.java.controller.LoginController.login()
2019-06-14 14:40:20,717 INFO (AbstractHandlerMethodMapping.java:544)- Mapped "{[/wechatPublicPay],methods=[POST]}" onto public com.java.util.ResultMsg com.java.controller.LoginController.wechatPublicPay(com.java.entity.WechatPublicPayParam) throws java.lang.Exception
2019-06-14 14:40:20,717 INFO (AbstractHandlerMethodMapping.java:544)- Mapped "{[/login],methods=[POST]}" onto public com.java.util.ResponseData com.java.controller.LoginController.Login(java.lang.String)
2019-06-14 14:40:20,717 INFO (AbstractHandlerMethodMapping.java:544)- Mapped "{[/testRedis],methods=[GET]}" onto public com.java.util.ResponseData com.java.controller.TestRedisContoller.testRedis()
2019-06-14 14:40:20,717 INFO (AbstractHandlerMethodMapping.java:544)- Mapped "{[/testTreeMenu],methods=[GET]}" onto public com.java.util.ResponseData com.java.controller.TestTreeMenu.testTreeMenu()
2019-06-14 14:40:20,719 INFO (AbstractHandlerMethodMapping.java:544)- Mapped "{[/swagger-resources]}" onto public org.springframework.http.ResponseEntity<java.util.List<springfox.documentation.swagger.web.SwaggerResource>> springfox.documentation.swagger.web.ApiResourceController.swaggerResources()
2019-06-14 14:40:20,719 INFO (AbstractHandlerMethodMapping.java:544)- Mapped "{[/swagger-resources/configuration/ui]}" onto public org.springframework.http.ResponseEntity<springfox.documentation.swagger.web.UiConfiguration> springfox.documentation.swagger.web.ApiResourceController.uiConfiguration()
2019-06-14 14:40:20,719 INFO (AbstractHandlerMethodMapping.java:544)- Mapped "{[/swagger-resources/configuration/security]}" onto public org.springframework.http.ResponseEntity<springfox.documentation.swagger.web.SecurityConfiguration> springfox.documentation.swagger.web.ApiResourceController.securityConfiguration()
2019-06-14 14:40:20,721 INFO (AbstractHandlerMethodMapping.java:544)- Mapped "{[/error]}" onto public org.springframework.http.ResponseEntity<java.util.Map<java.lang.String, java.lang.Object>> org.springframework.boot.autoconfigure.web.BasicErrorController.error(javax.servlet.http.HttpServletRequest)
2019-06-14 14:40:20,721 INFO (AbstractHandlerMethodMapping.java:544)- Mapped "{[/error],produces=[text/html]}" onto public org.springframework.web.servlet.ModelAndView org.springframework.boot.autoconfigure.web.BasicErrorController.errorHtml(javax.servlet.http.HttpServletRequest,javax.servlet.http.HttpServletResponse)
2019-06-14 14:40:20,805 INFO (RequestMappingHandlerAdapter.java:557)- Looking for @ControllerAdvice: org.springframework.boot.context.embedded.AnnotationConfigEmbeddedWebApplicationContext@4cb95598: startup date [Fri Jun 14 14:40:19 CST 2019]; root of context hierarchy
2019-06-14 14:40:20,815 INFO (AbstractUrlHandlerMapping.java:364)- Mapped URL path [/webjars/**] onto handler of type [class org.springframework.web.servlet.resource.ResourceHttpRequestHandler]
2019-06-14 14:40:20,815 INFO (AbstractUrlHandlerMapping.java:364)- Mapped URL path [/**] onto handler of type [class org.springframework.web.servlet.resource.ResourceHttpRequestHandler]
2019-06-14 14:40:20,827 INFO (AbstractUrlHandlerMapping.java:364)- Mapped URL path [/**/favicon.ico] onto handler of type [class org.springframework.web.servlet.resource.ResourceHttpRequestHandler]
2019-06-14 14:40:20,887 INFO (FreeMarkerConfigurer.java:127)- ClassTemplateLoader for Spring macros added to FreeMarker configuration
2019-06-14 14:40:21,006 INFO (ServerEndpointExporter.java:143)- Registering @ServerEndpoint class: class com.java.config.WebSocketServer
2019-06-14 14:40:21,017 INFO (DefaultLifecycleProcessor.java:345)- Starting beans in phase 2147483647
2019-06-14 14:40:21,144 INFO (StartupInfoLogger.java:57)- Started StudySpringAppApplication in 1.576 seconds (JVM running for 219.042)
2019-06-14 14:40:25,939 INFO (FrameworkServlet.java:489)- FrameworkServlet 'dispatcherServlet': initialization started
2019-06-14 14:40:25,947 INFO (FrameworkServlet.java:508)- FrameworkServlet 'dispatcherServlet': initialization completed in 8 ms
2019-06-14 14:40:26,049 DEBUG (BaseJdbcLogger.java:159)- ==>  Preparing: SELECT id,pid,name,type FROM system_menu 
2019-06-14 14:40:26,050 DEBUG (BaseJdbcLogger.java:159)- ==> Parameters: 
2019-06-14 14:40:26,077 DEBUG (BaseJdbcLogger.java:159)- <==      Total: 78
2019-06-14 14:41:50,283 INFO (DefaultLifecycleProcessor.java:360)- Stopping beans in phase 2147483647
2019-06-14 14:41:52,506 INFO (StartupInfoLogger.java:48)- Starting StudySpringAppApplication on DESKTOP-0TOJ20R with PID 5576 (F:\MyWork\StudySpringApp\target\classes started by dell in F:\MyWork\StudySpringApp)
2019-06-14 14:41:52,507 DEBUG (StartupInfoLogger.java:51)- Running with Spring Boot v1.5.21.RELEASE, Spring v4.3.24.RELEASE
2019-06-14 14:41:52,507 INFO (SpringApplication.java:593)- No active profile set, falling back to default profiles: default
2019-06-14 14:41:52,848 INFO (PostProcessorRegistrationDelegate.java:327)- Bean 'org.springframework.amqp.rabbit.annotation.RabbitBootstrapConfiguration' of type [org.springframework.amqp.rabbit.annotation.RabbitBootstrapConfiguration$$EnhancerBySpringCGLIB$$b59929c8] is not eligible for getting processed by all BeanPostProcessors (for example: not eligible for auto-proxying)
2019-06-14 14:41:52,851 INFO (PostProcessorRegistrationDelegate.java:327)- Bean 'org.springframework.ws.config.annotation.DelegatingWsConfiguration' of type [org.springframework.ws.config.annotation.DelegatingWsConfiguration$$EnhancerBySpringCGLIB$$93c53099] is not eligible for getting processed by all BeanPostProcessors (for example: not eligible for auto-proxying)
2019-06-14 14:41:52,859 INFO (PostProcessorRegistrationDelegate.java:327)- Bean 'org.springframework.transaction.annotation.ProxyTransactionManagementConfiguration' of type [org.springframework.transaction.annotation.ProxyTransactionManagementConfiguration$$EnhancerBySpringCGLIB$$ef2d6b9a] is not eligible for getting processed by all BeanPostProcessors (for example: not eligible for auto-proxying)
2019-06-14 14:41:52,994 INFO (EmbeddedWebApplicationContext.java:287)- Root WebApplicationContext: initialization completed in 483 ms
2019-06-14 14:41:53,295 INFO (AbstractHandlerMethodMapping.java:544)- Mapped "{[/hi],methods=[POST]}" onto public java.lang.String com.java.controller.LoginController.sayHi()
2019-06-14 14:41:53,295 INFO (AbstractHandlerMethodMapping.java:544)- Mapped "{[/getUserInfo],methods=[POST]}" onto public com.java.util.ResponseData com.java.controller.LoginController.login()
2019-06-14 14:41:53,295 INFO (AbstractHandlerMethodMapping.java:544)- Mapped "{[/wechatPublicPay],methods=[POST]}" onto public com.java.util.ResultMsg com.java.controller.LoginController.wechatPublicPay(com.java.entity.WechatPublicPayParam) throws java.lang.Exception
2019-06-14 14:41:53,295 INFO (AbstractHandlerMethodMapping.java:544)- Mapped "{[/login],methods=[POST]}" onto public com.java.util.ResponseData com.java.controller.LoginController.Login(java.lang.String)
2019-06-14 14:41:53,296 INFO (AbstractHandlerMethodMapping.java:544)- Mapped "{[/testRedis],methods=[GET]}" onto public com.java.util.ResponseData com.java.controller.TestRedisContoller.testRedis()
2019-06-14 14:41:53,296 INFO (AbstractHandlerMethodMapping.java:544)- Mapped "{[/testTreeMenu],methods=[GET]}" onto public com.java.util.ResponseData com.java.controller.TestTreeMenu.testTreeMenu()
2019-06-14 14:41:53,297 INFO (AbstractHandlerMethodMapping.java:544)- Mapped "{[/swagger-resources]}" onto public org.springframework.http.ResponseEntity<java.util.List<springfox.documentation.swagger.web.SwaggerResource>> springfox.documentation.swagger.web.ApiResourceController.swaggerResources()
2019-06-14 14:41:53,297 INFO (AbstractHandlerMethodMapping.java:544)- Mapped "{[/swagger-resources/configuration/ui]}" onto public org.springframework.http.ResponseEntity<springfox.documentation.swagger.web.UiConfiguration> springfox.documentation.swagger.web.ApiResourceController.uiConfiguration()
2019-06-14 14:41:53,298 INFO (AbstractHandlerMethodMapping.java:544)- Mapped "{[/swagger-resources/configuration/security]}" onto public org.springframework.http.ResponseEntity<springfox.documentation.swagger.web.SecurityConfiguration> springfox.documentation.swagger.web.ApiResourceController.securityConfiguration()
2019-06-14 14:41:53,299 INFO (AbstractHandlerMethodMapping.java:544)- Mapped "{[/error]}" onto public org.springframework.http.ResponseEntity<java.util.Map<java.lang.String, java.lang.Object>> org.springframework.boot.autoconfigure.web.BasicErrorController.error(javax.servlet.http.HttpServletRequest)
2019-06-14 14:41:53,299 INFO (AbstractHandlerMethodMapping.java:544)- Mapped "{[/error],produces=[text/html]}" onto public org.springframework.web.servlet.ModelAndView org.springframework.boot.autoconfigure.web.BasicErrorController.errorHtml(javax.servlet.http.HttpServletRequest,javax.servlet.http.HttpServletResponse)
2019-06-14 14:41:53,383 INFO (RequestMappingHandlerAdapter.java:557)- Looking for @ControllerAdvice: org.springframework.boot.context.embedded.AnnotationConfigEmbeddedWebApplicationContext@26c64d0b: startup date [Fri Jun 14 14:41:52 CST 2019]; root of context hierarchy
2019-06-14 14:41:53,393 INFO (AbstractUrlHandlerMapping.java:364)- Mapped URL path [/webjars/**] onto handler of type [class org.springframework.web.servlet.resource.ResourceHttpRequestHandler]
2019-06-14 14:41:53,393 INFO (AbstractUrlHandlerMapping.java:364)- Mapped URL path [/**] onto handler of type [class org.springframework.web.servlet.resource.ResourceHttpRequestHandler]
2019-06-14 14:41:53,405 INFO (AbstractUrlHandlerMapping.java:364)- Mapped URL path [/**/favicon.ico] onto handler of type [class org.springframework.web.servlet.resource.ResourceHttpRequestHandler]
2019-06-14 14:41:53,466 INFO (FreeMarkerConfigurer.java:127)- ClassTemplateLoader for Spring macros added to FreeMarker configuration
2019-06-14 14:41:53,589 INFO (ServerEndpointExporter.java:143)- Registering @ServerEndpoint class: class com.java.config.WebSocketServer
2019-06-14 14:41:53,598 INFO (DefaultLifecycleProcessor.java:345)- Starting beans in phase 2147483647
2019-06-14 14:41:53,695 INFO (StartupInfoLogger.java:57)- Started StudySpringAppApplication in 1.225 seconds (JVM running for 311.593)
2019-06-14 14:42:03,406 INFO (FrameworkServlet.java:489)- FrameworkServlet 'dispatcherServlet': initialization started
2019-06-14 14:42:03,409 INFO (FrameworkServlet.java:508)- FrameworkServlet 'dispatcherServlet': initialization completed in 3 ms
2019-06-14 14:43:38,441 DEBUG (BaseJdbcLogger.java:159)- ==>  Preparing: SELECT id,pid,name,type FROM system_menu 
2019-06-14 14:43:38,441 DEBUG (BaseJdbcLogger.java:159)- ==> Parameters: 
2019-06-14 14:43:38,480 DEBUG (BaseJdbcLogger.java:159)- <==      Total: 78
2019-06-14 14:43:38,483 INFO (TestTreeMenu.java:58)- [{id=38, name=体检用户, pid=0, children=[{id=107, name=体检账号, pid=38, children=[]}, {id=108, name=体检预约人, pid=38, children=[]}]}, {id=39, name=体检套餐, pid=0, children=[{id=78, name=套餐管理, pid=39, children=[]}, {id=86, name=体检项管理, pid=39, children=[]}]}, {id=40, name=体检问卷, pid=0, children=[{id=109, name=问卷管理, pid=40, children=[{id=111, name=关联试题, pid=109, children=[]}, {id=112, name=删除, pid=109, children=[]}, {id=113, name=编辑, pid=109, children=[]}, {id=114, name=详情, pid=109, children=[]}, {id=134, name=添加, pid=109, children=[]}]}, {id=110, name=试题管理, pid=40, children=[{id=115, name=关联检查项, pid=110, children=[]}, {id=117, name=编辑, pid=110, children=[]}, {id=118, name=详情, pid=110, children=[]}, {id=135, name=添加, pid=110, children=[]}, {id=147, name=删除, pid=110, children=[]}]}]}, {id=41, name=满意度调查, pid=0, children=[{id=85, name=满意度调查, pid=41, children=[]}]}, {id=42, name=订单管理, pid=0, children=[{id=66, name=体检预约订单, pid=42, children=[{id=138, name=详情, pid=66, children=[]}]}, {id=67, name=陪护床预约订单, pid=42, children=[{id=93, name=退款, pid=67, children=[]}, {id=94, name=发床, pid=67, children=[]}, {id=95, name=驳回, pid=67, children=[]}, {id=119, name=详情, pid=67, children=[]}]}, {id=68, name=住院床位订单, pid=42, children=[{id=136, name=详情, pid=68, children=[]}]}, {id=69, name=检验检查订单, pid=42, children=[{id=137, name=详情, pid=69, children=[]}]}, {id=70, name=病历寄送订单, pid=42, children=[{id=96, name=补录单号, pid=70, children=[]}, {id=120, name=详情, pid=70, children=[]}]}]}, {id=43, name=咨询管理, pid=0, children=[{id=71, name=检验咨询, pid=43, children=[{id=97, name=编辑, pid=71, children=[]}, {id=98, name=删除, pid=71, children=[]}, {id=125, name=详情, pid=71, children=[]}, {id=130, name=添加, pid=71, children=[]}]}, {id=72, name=导诊咨询, pid=43, children=[{id=99, name=编辑, pid=72, children=[]}, {id=100, name=删除, pid=72, children=[]}, {id=122, name=详情, pid=72, children=[]}, {id=131, name=添加, pid=72, children=[]}]}, {id=73, name=体检咨询, pid=43, children=[{id=101, name=编辑, pid=73, children=[]}, {id=102, name=删除, pid=73, children=[]}, {id=123, name=详情, pid=73, children=[]}, {id=132, name=添加, pid=73, children=[]}]}, {id=74, name=用药咨询, pid=43, children=[{id=103, name=编辑, pid=74, children=[]}, {id=104, name=删除, pid=74, children=[]}, {id=124, name=详情, pid=74, children=[]}, {id=133, name=添加, pid=74, children=[]}]}]}, {id=44, name=系统管理, pid=0, children=[{id=47, name=用户管理, pid=44, children=[{id=48, name=编辑, pid=47, children=[]}, {id=49, name=删除, pid=47, children=[]}, {id=58, name=添加, pid=47, children=[]}, {id=139, name=详情, pid=47, children=[]}]}, {id=51, name=角色管理, pid=44, children=[{id=63, name=添加, pid=51, children=[]}, {id=64, name=编辑, pid=51, children=[]}, {id=65, name=删除, pid=51, children=[]}, {id=140, name=详情, pid=51, children=[]}]}, {id=52, name=菜单管理, pid=44, children=[{id=60, name=新增, pid=52, children=[]}, {id=61, name=编辑, pid=52, children=[]}, {id=62, name=删除, pid=52, children=[]}, {id=141, name=详情, pid=52, children=[]}]}, {id=54, name=参数管理, pid=44, children=[{id=143, name=添加, pid=54, children=[]}, {id=144, name=编辑, pid=54, children=[]}, {id=145, name=删除, pid=54, children=[]}, {id=146, name=详情, pid=54, children=[]}]}]}]
2019-06-14 14:57:14,570 INFO (DefaultLifecycleProcessor.java:360)- Stopping beans in phase 2147483647
2019-06-14 14:57:19,523 INFO (StartupInfoLogger.java:48)- Starting StudySpringAppApplication on DESKTOP-0TOJ20R with PID 5576 (F:\MyWork\StudySpringApp\target\classes started by dell in F:\MyWork\StudySpringApp)
2019-06-14 14:57:19,524 DEBUG (StartupInfoLogger.java:51)- Running with Spring Boot v1.5.21.RELEASE, Spring v4.3.24.RELEASE
2019-06-14 14:57:19,524 INFO (SpringApplication.java:593)- No active profile set, falling back to default profiles: default
2019-06-14 14:57:19,858 INFO (PostProcessorRegistrationDelegate.java:327)- Bean 'org.springframework.amqp.rabbit.annotation.RabbitBootstrapConfiguration' of type [org.springframework.amqp.rabbit.annotation.RabbitBootstrapConfiguration$$EnhancerBySpringCGLIB$$b59929c8] is not eligible for getting processed by all BeanPostProcessors (for example: not eligible for auto-proxying)
2019-06-14 14:57:19,861 INFO (PostProcessorRegistrationDelegate.java:327)- Bean 'org.springframework.ws.config.annotation.DelegatingWsConfiguration' of type [org.springframework.ws.config.annotation.DelegatingWsConfiguration$$EnhancerBySpringCGLIB$$93c53099] is not eligible for getting processed by all BeanPostProcessors (for example: not eligible for auto-proxying)
2019-06-14 14:57:19,869 INFO (PostProcessorRegistrationDelegate.java:327)- Bean 'org.springframework.transaction.annotation.ProxyTransactionManagementConfiguration' of type [org.springframework.transaction.annotation.ProxyTransactionManagementConfiguration$$EnhancerBySpringCGLIB$$ef2d6b9a] is not eligible for getting processed by all BeanPostProcessors (for example: not eligible for auto-proxying)
2019-06-14 14:57:20,008 INFO (EmbeddedWebApplicationContext.java:287)- Root WebApplicationContext: initialization completed in 481 ms
2019-06-14 14:57:20,303 INFO (AbstractHandlerMethodMapping.java:544)- Mapped "{[/hi],methods=[POST]}" onto public java.lang.String com.java.controller.LoginController.sayHi()
2019-06-14 14:57:20,303 INFO (AbstractHandlerMethodMapping.java:544)- Mapped "{[/getUserInfo],methods=[POST]}" onto public com.java.util.ResponseData com.java.controller.LoginController.login()
2019-06-14 14:57:20,303 INFO (AbstractHandlerMethodMapping.java:544)- Mapped "{[/wechatPublicPay],methods=[POST]}" onto public com.java.util.ResultMsg com.java.controller.LoginController.wechatPublicPay(com.java.entity.WechatPublicPayParam) throws java.lang.Exception
2019-06-14 14:57:20,304 INFO (AbstractHandlerMethodMapping.java:544)- Mapped "{[/login],methods=[POST]}" onto public com.java.util.ResponseData com.java.controller.LoginController.Login(java.lang.String)
2019-06-14 14:57:20,304 INFO (AbstractHandlerMethodMapping.java:544)- Mapped "{[/testRedis],methods=[GET]}" onto public com.java.util.ResponseData com.java.controller.TestRedisContoller.testRedis()
2019-06-14 14:57:20,304 INFO (AbstractHandlerMethodMapping.java:544)- Mapped "{[/testTreeMenu],methods=[GET]}" onto public com.java.util.ResponseData com.java.controller.TestTreeMenu.testTreeMenu()
2019-06-14 14:57:20,306 INFO (AbstractHandlerMethodMapping.java:544)- Mapped "{[/swagger-resources]}" onto public org.springframework.http.ResponseEntity<java.util.List<springfox.documentation.swagger.web.SwaggerResource>> springfox.documentation.swagger.web.ApiResourceController.swaggerResources()
2019-06-14 14:57:20,306 INFO (AbstractHandlerMethodMapping.java:544)- Mapped "{[/swagger-resources/configuration/ui]}" onto public org.springframework.http.ResponseEntity<springfox.documentation.swagger.web.UiConfiguration> springfox.documentation.swagger.web.ApiResourceController.uiConfiguration()
2019-06-14 14:57:20,306 INFO (AbstractHandlerMethodMapping.java:544)- Mapped "{[/swagger-resources/configuration/security]}" onto public org.springframework.http.ResponseEntity<springfox.documentation.swagger.web.SecurityConfiguration> springfox.documentation.swagger.web.ApiResourceController.securityConfiguration()
2019-06-14 14:57:20,307 INFO (AbstractHandlerMethodMapping.java:544)- Mapped "{[/error]}" onto public org.springframework.http.ResponseEntity<java.util.Map<java.lang.String, java.lang.Object>> org.springframework.boot.autoconfigure.web.BasicErrorController.error(javax.servlet.http.HttpServletRequest)
2019-06-14 14:57:20,307 INFO (AbstractHandlerMethodMapping.java:544)- Mapped "{[/error],produces=[text/html]}" onto public org.springframework.web.servlet.ModelAndView org.springframework.boot.autoconfigure.web.BasicErrorController.errorHtml(javax.servlet.http.HttpServletRequest,javax.servlet.http.HttpServletResponse)
2019-06-14 14:57:20,392 INFO (RequestMappingHandlerAdapter.java:557)- Looking for @ControllerAdvice: org.springframework.boot.context.embedded.AnnotationConfigEmbeddedWebApplicationContext@569874d9: startup date [Fri Jun 14 14:57:19 CST 2019]; root of context hierarchy
2019-06-14 14:57:20,402 INFO (AbstractUrlHandlerMapping.java:364)- Mapped URL path [/webjars/**] onto handler of type [class org.springframework.web.servlet.resource.ResourceHttpRequestHandler]
2019-06-14 14:57:20,402 INFO (AbstractUrlHandlerMapping.java:364)- Mapped URL path [/**] onto handler of type [class org.springframework.web.servlet.resource.ResourceHttpRequestHandler]
2019-06-14 14:57:20,414 INFO (AbstractUrlHandlerMapping.java:364)- Mapped URL path [/**/favicon.ico] onto handler of type [class org.springframework.web.servlet.resource.ResourceHttpRequestHandler]
2019-06-14 14:57:20,477 INFO (FreeMarkerConfigurer.java:127)- ClassTemplateLoader for Spring macros added to FreeMarker configuration
2019-06-14 14:57:20,590 INFO (ServerEndpointExporter.java:143)- Registering @ServerEndpoint class: class com.java.config.WebSocketServer
2019-06-14 14:57:20,598 INFO (DefaultLifecycleProcessor.java:345)- Starting beans in phase 2147483647
2019-06-14 14:57:20,690 INFO (StartupInfoLogger.java:57)- Started StudySpringAppApplication in 1.199 seconds (JVM running for 1238.589)
2019-06-14 15:07:34,768 INFO (DefaultLifecycleProcessor.java:360)- Stopping beans in phase 2147483647
