2019-06-17 16:27:37,186 INFO (StartupInfoLogger.java:48)- Starting StudySpringAppApplication on DESKTOP-0TOJ20R with PID 8636 (F:\MyWork\StudySpringApp\target\classes started by dell in F:\MyWork\StudySpringApp)
2019-06-17 16:27:37,186 DEBUG (StartupInfoLogger.java:51)- Running with Spring Boot v1.5.21.RELEASE, Spring v4.3.24.RELEASE
2019-06-17 16:27:37,187 INFO (SpringApplication.java:593)- No active profile set, falling back to default profiles: default
2019-06-17 16:27:40,329 INFO (PostProcessorRegistrationDelegate.java:327)- Bean 'org.springframework.amqp.rabbit.annotation.RabbitBootstrapConfiguration' of type [org.springframework.amqp.rabbit.annotation.RabbitBootstrapConfiguration$$EnhancerBySpringCGLIB$$9ccce4b2] is not eligible for getting processed by all BeanPostProcessors (for example: not eligible for auto-proxying)
2019-06-17 16:27:40,457 INFO (PostProcessorRegistrationDelegate.java:327)- Bean 'org.springframework.ws.config.annotation.DelegatingWsConfiguration' of type [org.springframework.ws.config.annotation.DelegatingWsConfiguration$$EnhancerBySpringCGLIB$$7af8eb83] is not eligible for getting processed by all BeanPostProcessors (for example: not eligible for auto-proxying)
2019-06-17 16:27:40,546 INFO (PostProcessorRegistrationDelegate.java:327)- Bean 'org.springframework.transaction.annotation.ProxyTransactionManagementConfiguration' of type [org.springframework.transaction.annotation.ProxyTransactionManagementConfiguration$$EnhancerBySpringCGLIB$$d6612684] is not eligible for getting processed by all BeanPostProcessors (for example: not eligible for auto-proxying)
2019-06-17 16:27:41,402 INFO (EmbeddedWebApplicationContext.java:287)- Root WebApplicationContext: initialization completed in 4132 ms
2019-06-17 16:27:43,104 INFO (AbstractHandlerMethodMapping.java:544)- Mapped "{[/hi],methods=[POST]}" onto public java.lang.String com.java.controller.LoginController.sayHi()
2019-06-17 16:27:43,107 INFO (AbstractHandlerMethodMapping.java:544)- Mapped "{[/wechatPublicPay],methods=[POST]}" onto public com.java.util.ResultMsg com.java.controller.LoginController.wechatPublicPay(com.java.entity.WechatPublicPayParam) throws java.lang.Exception
2019-06-17 16:27:43,107 INFO (AbstractHandlerMethodMapping.java:544)- Mapped "{[/getUserInfo],methods=[POST]}" onto public com.java.util.ResponseData com.java.controller.LoginController.login()
2019-06-17 16:27:43,108 INFO (AbstractHandlerMethodMapping.java:544)- Mapped "{[/login],methods=[POST]}" onto public com.java.util.ResponseData com.java.controller.LoginController.Login(java.lang.String)
2019-06-17 16:27:43,108 INFO (AbstractHandlerMethodMapping.java:544)- Mapped "{[/testRedis],methods=[GET]}" onto public com.java.util.ResponseData com.java.controller.TestRedisContoller.testRedis()
2019-06-17 16:27:43,109 INFO (AbstractHandlerMethodMapping.java:544)- Mapped "{[/testTreeMenu],methods=[GET]}" onto public com.java.util.ResponseData com.java.controller.TestTreeMenu.testTreeMenu()
2019-06-17 16:27:43,111 INFO (AbstractHandlerMethodMapping.java:544)- Mapped "{[/swagger-resources]}" onto public org.springframework.http.ResponseEntity<java.util.List<springfox.documentation.swagger.web.SwaggerResource>> springfox.documentation.swagger.web.ApiResourceController.swaggerResources()
2019-06-17 16:27:43,111 INFO (AbstractHandlerMethodMapping.java:544)- Mapped "{[/swagger-resources/configuration/ui]}" onto public org.springframework.http.ResponseEntity<springfox.documentation.swagger.web.UiConfiguration> springfox.documentation.swagger.web.ApiResourceController.uiConfiguration()
2019-06-17 16:27:43,112 INFO (AbstractHandlerMethodMapping.java:544)- Mapped "{[/swagger-resources/configuration/security]}" onto public org.springframework.http.ResponseEntity<springfox.documentation.swagger.web.SecurityConfiguration> springfox.documentation.swagger.web.ApiResourceController.securityConfiguration()
2019-06-17 16:27:43,114 INFO (AbstractHandlerMethodMapping.java:544)- Mapped "{[/error]}" onto public org.springframework.http.ResponseEntity<java.util.Map<java.lang.String, java.lang.Object>> org.springframework.boot.autoconfigure.web.BasicErrorController.error(javax.servlet.http.HttpServletRequest)
2019-06-17 16:27:43,114 INFO (AbstractHandlerMethodMapping.java:544)- Mapped "{[/error],produces=[text/html]}" onto public org.springframework.web.servlet.ModelAndView org.springframework.boot.autoconfigure.web.BasicErrorController.errorHtml(javax.servlet.http.HttpServletRequest,javax.servlet.http.HttpServletResponse)
2019-06-17 16:27:43,554 INFO (RequestMappingHandlerAdapter.java:557)- Looking for @ControllerAdvice: org.springframework.boot.context.embedded.AnnotationConfigEmbeddedWebApplicationContext@2f17e0ca: startup date [Mon Jun 17 16:27:37 CST 2019]; root of context hierarchy
2019-06-17 16:27:43,641 INFO (AbstractUrlHandlerMapping.java:364)- Mapped URL path [/webjars/**] onto handler of type [class org.springframework.web.servlet.resource.ResourceHttpRequestHandler]
2019-06-17 16:27:43,641 INFO (AbstractUrlHandlerMapping.java:364)- Mapped URL path [/**] onto handler of type [class org.springframework.web.servlet.resource.ResourceHttpRequestHandler]
2019-06-17 16:27:43,671 INFO (AbstractUrlHandlerMapping.java:364)- Mapped URL path [/**/favicon.ico] onto handler of type [class org.springframework.web.servlet.resource.ResourceHttpRequestHandler]
2019-06-17 16:27:44,070 INFO (FreeMarkerConfigurer.java:127)- ClassTemplateLoader for Spring macros added to FreeMarker configuration
2019-06-17 16:27:44,477 INFO (ServerEndpointExporter.java:143)- Registering @ServerEndpoint class: class com.java.config.WebSocketServer
2019-06-17 16:27:44,520 INFO (DefaultLifecycleProcessor.java:345)- Starting beans in phase 2147483647
2019-06-17 16:27:45,390 INFO (StartupInfoLogger.java:57)- Started StudySpringAppApplication in 8.87 seconds (JVM running for 9.919)
2019-06-17 16:28:27,607 INFO (FrameworkServlet.java:489)- FrameworkServlet 'dispatcherServlet': initialization started
2019-06-17 16:28:27,624 INFO (FrameworkServlet.java:508)- FrameworkServlet 'dispatcherServlet': initialization completed in 17 ms
2019-06-17 16:29:02,987 INFO (DefaultLifecycleProcessor.java:360)- Stopping beans in phase 2147483647
2019-06-17 16:36:25,667 INFO (StartupInfoLogger.java:48)- Starting StudySpringAppApplication on DESKTOP-0TOJ20R with PID 4860 (F:\MyWork\StudySpringApp\target\classes started by dell in F:\MyWork\StudySpringApp)
2019-06-17 16:36:25,668 DEBUG (StartupInfoLogger.java:51)- Running with Spring Boot v1.5.21.RELEASE, Spring v4.3.24.RELEASE
2019-06-17 16:36:25,668 INFO (SpringApplication.java:593)- No active profile set, falling back to default profiles: default
2019-06-17 16:36:26,349 INFO (XmlBeanDefinitionReader.java:317)- Loading XML bean definitions from class path resource [META-INF/cxf/cxf.xml]
2019-06-17 16:36:26,869 INFO (PostProcessorRegistrationDelegate.java:327)- Bean 'org.springframework.amqp.rabbit.annotation.RabbitBootstrapConfiguration' of type [org.springframework.amqp.rabbit.annotation.RabbitBootstrapConfiguration$$EnhancerBySpringCGLIB$$41d258e9] is not eligible for getting processed by all BeanPostProcessors (for example: not eligible for auto-proxying)
2019-06-17 16:36:26,913 INFO (PostProcessorRegistrationDelegate.java:327)- Bean 'org.springframework.ws.config.annotation.DelegatingWsConfiguration' of type [org.springframework.ws.config.annotation.DelegatingWsConfiguration$$EnhancerBySpringCGLIB$$1ffe5fba] is not eligible for getting processed by all BeanPostProcessors (for example: not eligible for auto-proxying)
2019-06-17 16:36:26,965 INFO (PostProcessorRegistrationDelegate.java:327)- Bean 'org.springframework.transaction.annotation.ProxyTransactionManagementConfiguration' of type [org.springframework.transaction.annotation.ProxyTransactionManagementConfiguration$$EnhancerBySpringCGLIB$$7b669abb] is not eligible for getting processed by all BeanPostProcessors (for example: not eligible for auto-proxying)
2019-06-17 16:36:27,402 INFO (EmbeddedWebApplicationContext.java:287)- Root WebApplicationContext: initialization completed in 1707 ms
2019-06-17 16:36:28,340 INFO (AbstractHandlerMethodMapping.java:544)- Mapped "{[/login],methods=[POST]}" onto public com.java.util.ResponseData com.java.controller.LoginController.Login(java.lang.String)
2019-06-17 16:36:28,341 INFO (AbstractHandlerMethodMapping.java:544)- Mapped "{[/wechatPublicPay],methods=[POST]}" onto public com.java.util.ResultMsg com.java.controller.LoginController.wechatPublicPay(com.java.entity.WechatPublicPayParam) throws java.lang.Exception
2019-06-17 16:36:28,342 INFO (AbstractHandlerMethodMapping.java:544)- Mapped "{[/getUserInfo],methods=[POST]}" onto public com.java.util.ResponseData com.java.controller.LoginController.login()
2019-06-17 16:36:28,342 INFO (AbstractHandlerMethodMapping.java:544)- Mapped "{[/hi],methods=[POST]}" onto public java.lang.String com.java.controller.LoginController.sayHi()
2019-06-17 16:36:28,343 INFO (AbstractHandlerMethodMapping.java:544)- Mapped "{[/testRedis],methods=[GET]}" onto public com.java.util.ResponseData com.java.controller.TestRedisContoller.testRedis()
2019-06-17 16:36:28,343 INFO (AbstractHandlerMethodMapping.java:544)- Mapped "{[/testTreeMenu],methods=[GET]}" onto public com.java.util.ResponseData com.java.controller.TestTreeMenu.testTreeMenu()
2019-06-17 16:36:28,345 INFO (AbstractHandlerMethodMapping.java:544)- Mapped "{[/swagger-resources/configuration/ui]}" onto public org.springframework.http.ResponseEntity<springfox.documentation.swagger.web.UiConfiguration> springfox.documentation.swagger.web.ApiResourceController.uiConfiguration()
2019-06-17 16:36:28,346 INFO (AbstractHandlerMethodMapping.java:544)- Mapped "{[/swagger-resources]}" onto public org.springframework.http.ResponseEntity<java.util.List<springfox.documentation.swagger.web.SwaggerResource>> springfox.documentation.swagger.web.ApiResourceController.swaggerResources()
2019-06-17 16:36:28,347 INFO (AbstractHandlerMethodMapping.java:544)- Mapped "{[/swagger-resources/configuration/security]}" onto public org.springframework.http.ResponseEntity<springfox.documentation.swagger.web.SecurityConfiguration> springfox.documentation.swagger.web.ApiResourceController.securityConfiguration()
2019-06-17 16:36:28,348 INFO (AbstractHandlerMethodMapping.java:544)- Mapped "{[/error]}" onto public org.springframework.http.ResponseEntity<java.util.Map<java.lang.String, java.lang.Object>> org.springframework.boot.autoconfigure.web.BasicErrorController.error(javax.servlet.http.HttpServletRequest)
2019-06-17 16:36:28,349 INFO (AbstractHandlerMethodMapping.java:544)- Mapped "{[/error],produces=[text/html]}" onto public org.springframework.web.servlet.ModelAndView org.springframework.boot.autoconfigure.web.BasicErrorController.errorHtml(javax.servlet.http.HttpServletRequest,javax.servlet.http.HttpServletResponse)
2019-06-17 16:36:28,651 INFO (RequestMappingHandlerAdapter.java:557)- Looking for @ControllerAdvice: org.springframework.boot.context.embedded.AnnotationConfigEmbeddedWebApplicationContext@7d37147c: startup date [Mon Jun 17 16:36:25 CST 2019]; root of context hierarchy
2019-06-17 16:36:28,687 INFO (AbstractUrlHandlerMapping.java:364)- Mapped URL path [/webjars/**] onto handler of type [class org.springframework.web.servlet.resource.ResourceHttpRequestHandler]
2019-06-17 16:36:28,687 INFO (AbstractUrlHandlerMapping.java:364)- Mapped URL path [/**] onto handler of type [class org.springframework.web.servlet.resource.ResourceHttpRequestHandler]
2019-06-17 16:36:28,713 INFO (AbstractUrlHandlerMapping.java:364)- Mapped URL path [/**/favicon.ico] onto handler of type [class org.springframework.web.servlet.resource.ResourceHttpRequestHandler]
2019-06-17 16:36:29,014 INFO (FreeMarkerConfigurer.java:127)- ClassTemplateLoader for Spring macros added to FreeMarker configuration
2019-06-17 16:36:29,306 INFO (ServerEndpointExporter.java:143)- Registering @ServerEndpoint class: class com.java.config.WebSocketServer
2019-06-17 16:36:29,341 INFO (DefaultLifecycleProcessor.java:345)- Starting beans in phase 2147483647
2019-06-17 16:36:29,601 INFO (StartupInfoLogger.java:57)- Started StudySpringAppApplication in 4.123 seconds (JVM running for 4.744)
2019-06-17 16:38:43,331 INFO (FrameworkServlet.java:489)- FrameworkServlet 'dispatcherServlet': initialization started
2019-06-17 16:38:43,346 INFO (FrameworkServlet.java:508)- FrameworkServlet 'dispatcherServlet': initialization completed in 15 ms
2019-06-17 16:38:54,209 INFO (DefaultLifecycleProcessor.java:360)- Stopping beans in phase 2147483647
2019-06-17 16:39:37,588 INFO (StartupInfoLogger.java:48)- Starting StudySpringAppApplication on DESKTOP-0TOJ20R with PID 11940 (F:\MyWork\StudySpringApp\target\classes started by dell in F:\MyWork\StudySpringApp)
2019-06-17 16:39:37,588 DEBUG (StartupInfoLogger.java:51)- Running with Spring Boot v1.5.21.RELEASE, Spring v4.3.24.RELEASE
2019-06-17 16:39:37,589 INFO (SpringApplication.java:593)- No active profile set, falling back to default profiles: default
2019-06-17 16:39:38,607 INFO (XmlBeanDefinitionReader.java:317)- Loading XML bean definitions from class path resource [META-INF/cxf/cxf.xml]
2019-06-17 16:39:38,999 INFO (PostProcessorRegistrationDelegate.java:327)- Bean 'org.springframework.amqp.rabbit.annotation.RabbitBootstrapConfiguration' of type [org.springframework.amqp.rabbit.annotation.RabbitBootstrapConfiguration$$EnhancerBySpringCGLIB$$2a368e2a] is not eligible for getting processed by all BeanPostProcessors (for example: not eligible for auto-proxying)
2019-06-17 16:39:39,042 INFO (PostProcessorRegistrationDelegate.java:327)- Bean 'org.springframework.ws.config.annotation.DelegatingWsConfiguration' of type [org.springframework.ws.config.annotation.DelegatingWsConfiguration$$EnhancerBySpringCGLIB$$86294fb] is not eligible for getting processed by all BeanPostProcessors (for example: not eligible for auto-proxying)
2019-06-17 16:39:39,092 INFO (PostProcessorRegistrationDelegate.java:327)- Bean 'org.springframework.transaction.annotation.ProxyTransactionManagementConfiguration' of type [org.springframework.transaction.annotation.ProxyTransactionManagementConfiguration$$EnhancerBySpringCGLIB$$63cacffc] is not eligible for getting processed by all BeanPostProcessors (for example: not eligible for auto-proxying)
2019-06-17 16:39:39,527 INFO (EmbeddedWebApplicationContext.java:287)- Root WebApplicationContext: initialization completed in 1912 ms
2019-06-17 16:39:40,445 INFO (AbstractHandlerMethodMapping.java:544)- Mapped "{[/login],methods=[POST]}" onto public com.java.util.ResponseData com.java.controller.LoginController.Login(java.lang.String)
2019-06-17 16:39:40,446 INFO (AbstractHandlerMethodMapping.java:544)- Mapped "{[/hi],methods=[POST]}" onto public java.lang.String com.java.controller.LoginController.sayHi()
2019-06-17 16:39:40,446 INFO (AbstractHandlerMethodMapping.java:544)- Mapped "{[/wechatPublicPay],methods=[POST]}" onto public com.java.util.ResultMsg com.java.controller.LoginController.wechatPublicPay(com.java.entity.WechatPublicPayParam) throws java.lang.Exception
2019-06-17 16:39:40,446 INFO (AbstractHandlerMethodMapping.java:544)- Mapped "{[/getUserInfo],methods=[POST]}" onto public com.java.util.ResponseData com.java.controller.LoginController.login()
2019-06-17 16:39:40,447 INFO (AbstractHandlerMethodMapping.java:544)- Mapped "{[/testRedis],methods=[GET]}" onto public com.java.util.ResponseData com.java.controller.TestRedisContoller.testRedis()
2019-06-17 16:39:40,448 INFO (AbstractHandlerMethodMapping.java:544)- Mapped "{[/testTreeMenu],methods=[GET]}" onto public com.java.util.ResponseData com.java.controller.TestTreeMenu.testTreeMenu()
2019-06-17 16:39:40,450 INFO (AbstractHandlerMethodMapping.java:544)- Mapped "{[/swagger-resources]}" onto public org.springframework.http.ResponseEntity<java.util.List<springfox.documentation.swagger.web.SwaggerResource>> springfox.documentation.swagger.web.ApiResourceController.swaggerResources()
2019-06-17 16:39:40,450 INFO (AbstractHandlerMethodMapping.java:544)- Mapped "{[/swagger-resources/configuration/ui]}" onto public org.springframework.http.ResponseEntity<springfox.documentation.swagger.web.UiConfiguration> springfox.documentation.swagger.web.ApiResourceController.uiConfiguration()
2019-06-17 16:39:40,451 INFO (AbstractHandlerMethodMapping.java:544)- Mapped "{[/swagger-resources/configuration/security]}" onto public org.springframework.http.ResponseEntity<springfox.documentation.swagger.web.SecurityConfiguration> springfox.documentation.swagger.web.ApiResourceController.securityConfiguration()
2019-06-17 16:39:40,453 INFO (AbstractHandlerMethodMapping.java:544)- Mapped "{[/error]}" onto public org.springframework.http.ResponseEntity<java.util.Map<java.lang.String, java.lang.Object>> org.springframework.boot.autoconfigure.web.BasicErrorController.error(javax.servlet.http.HttpServletRequest)
2019-06-17 16:39:40,453 INFO (AbstractHandlerMethodMapping.java:544)- Mapped "{[/error],produces=[text/html]}" onto public org.springframework.web.servlet.ModelAndView org.springframework.boot.autoconfigure.web.BasicErrorController.errorHtml(javax.servlet.http.HttpServletRequest,javax.servlet.http.HttpServletResponse)
2019-06-17 16:39:40,775 INFO (RequestMappingHandlerAdapter.java:557)- Looking for @ControllerAdvice: org.springframework.boot.context.embedded.AnnotationConfigEmbeddedWebApplicationContext@1fea5bcc: startup date [Mon Jun 17 16:39:37 CST 2019]; root of context hierarchy
2019-06-17 16:39:40,812 INFO (AbstractUrlHandlerMapping.java:364)- Mapped URL path [/webjars/**] onto handler of type [class org.springframework.web.servlet.resource.ResourceHttpRequestHandler]
2019-06-17 16:39:40,813 INFO (AbstractUrlHandlerMapping.java:364)- Mapped URL path [/**] onto handler of type [class org.springframework.web.servlet.resource.ResourceHttpRequestHandler]
2019-06-17 16:39:40,839 INFO (AbstractUrlHandlerMapping.java:364)- Mapped URL path [/**/favicon.ico] onto handler of type [class org.springframework.web.servlet.resource.ResourceHttpRequestHandler]
2019-06-17 16:39:41,137 INFO (FreeMarkerConfigurer.java:127)- ClassTemplateLoader for Spring macros added to FreeMarker configuration
2019-06-17 16:39:41,428 INFO (ServerEndpointExporter.java:143)- Registering @ServerEndpoint class: class com.java.config.WebSocketServer
2019-06-17 16:39:41,463 INFO (DefaultLifecycleProcessor.java:345)- Starting beans in phase 2147483647
2019-06-17 16:39:41,724 INFO (StartupInfoLogger.java:57)- Started StudySpringAppApplication in 4.332 seconds (JVM running for 4.948)
2019-06-17 16:40:13,048 INFO (DefaultLifecycleProcessor.java:360)- Stopping beans in phase 2147483647
