2019-05-27 10:09:54,455 INFO (StartupInfoLogger.java:48)- Starting StudySpringAppApplication on DESKTOP-0TOJ20R with PID 8360 (F:\MyWork\StudySpringApp\target\classes started by dell in F:\MyWork\StudySpringApp)
2019-05-27 10:09:54,455 DEBUG (StartupInfoLogger.java:51)- Running with Spring Boot v1.5.21.RELEASE, Spring v4.3.24.RELEASE
2019-05-27 10:09:54,456 INFO (SpringApplication.java:593)- No active profile set, falling back to default profiles: default
2019-05-27 10:09:55,332 INFO (PostProcessorRegistrationDelegate.java:327)- Bean 'org.springframework.amqp.rabbit.annotation.RabbitBootstrapConfiguration' of type [org.springframework.amqp.rabbit.annotation.RabbitBootstrapConfiguration$$EnhancerBySpringCGLIB$$17c77e24] is not eligible for getting processed by all BeanPostProcessors (for example: not eligible for auto-proxying)
2019-05-27 10:09:55,379 INFO (PostProcessorRegistrationDelegate.java:327)- Bean 'org.springframework.ws.config.annotation.DelegatingWsConfiguration' of type [org.springframework.ws.config.annotation.DelegatingWsConfiguration$$EnhancerBySpringCGLIB$$f5f384f5] is not eligible for getting processed by all BeanPostProcessors (for example: not eligible for auto-proxying)
2019-05-27 10:09:55,420 INFO (PostProcessorRegistrationDelegate.java:327)- Bean 'org.springframework.transaction.annotation.ProxyTransactionManagementConfiguration' of type [org.springframework.transaction.annotation.ProxyTransactionManagementConfiguration$$EnhancerBySpringCGLIB$$515bbff6] is not eligible for getting processed by all BeanPostProcessors (for example: not eligible for auto-proxying)
2019-05-27 10:09:55,941 INFO (EmbeddedWebApplicationContext.java:287)- Root WebApplicationContext: initialization completed in 1461 ms
2019-05-27 10:09:56,729 INFO (AbstractHandlerMethodMapping.java:544)- Mapped "{[/wechatPublicPay],methods=[POST]}" onto public com.java.util.ResultMsg com.java.controller.LoginController.wechatPublicPay(com.java.entity.WechatPublicPayParam) throws java.lang.Exception
2019-05-27 10:09:56,730 INFO (AbstractHandlerMethodMapping.java:544)- Mapped "{[/getUserInfo],methods=[POST]}" onto public com.java.util.ResponseData com.java.controller.LoginController.login()
2019-05-27 10:09:56,732 INFO (AbstractHandlerMethodMapping.java:544)- Mapped "{[/swagger-resources/configuration/ui]}" onto public org.springframework.http.ResponseEntity<springfox.documentation.swagger.web.UiConfiguration> springfox.documentation.swagger.web.ApiResourceController.uiConfiguration()
2019-05-27 10:09:56,733 INFO (AbstractHandlerMethodMapping.java:544)- Mapped "{[/swagger-resources]}" onto public org.springframework.http.ResponseEntity<java.util.List<springfox.documentation.swagger.web.SwaggerResource>> springfox.documentation.swagger.web.ApiResourceController.swaggerResources()
2019-05-27 10:09:56,733 INFO (AbstractHandlerMethodMapping.java:544)- Mapped "{[/swagger-resources/configuration/security]}" onto public org.springframework.http.ResponseEntity<springfox.documentation.swagger.web.SecurityConfiguration> springfox.documentation.swagger.web.ApiResourceController.securityConfiguration()
2019-05-27 10:09:56,735 INFO (AbstractHandlerMethodMapping.java:544)- Mapped "{[/error]}" onto public org.springframework.http.ResponseEntity<java.util.Map<java.lang.String, java.lang.Object>> org.springframework.boot.autoconfigure.web.BasicErrorController.error(javax.servlet.http.HttpServletRequest)
2019-05-27 10:09:56,735 INFO (AbstractHandlerMethodMapping.java:544)- Mapped "{[/error],produces=[text/html]}" onto public org.springframework.web.servlet.ModelAndView org.springframework.boot.autoconfigure.web.BasicErrorController.errorHtml(javax.servlet.http.HttpServletRequest,javax.servlet.http.HttpServletResponse)
2019-05-27 10:09:57,061 INFO (RequestMappingHandlerAdapter.java:557)- Looking for @ControllerAdvice: org.springframework.boot.context.embedded.AnnotationConfigEmbeddedWebApplicationContext@14979a1d: startup date [Mon May 27 10:09:54 CST 2019]; root of context hierarchy
2019-05-27 10:09:57,109 INFO (AbstractUrlHandlerMapping.java:364)- Mapped URL path [/webjars/**] onto handler of type [class org.springframework.web.servlet.resource.ResourceHttpRequestHandler]
2019-05-27 10:09:57,110 INFO (AbstractUrlHandlerMapping.java:364)- Mapped URL path [/**] onto handler of type [class org.springframework.web.servlet.resource.ResourceHttpRequestHandler]
2019-05-27 10:09:57,136 INFO (AbstractUrlHandlerMapping.java:364)- Mapped URL path [/**/favicon.ico] onto handler of type [class org.springframework.web.servlet.resource.ResourceHttpRequestHandler]
2019-05-27 10:09:57,689 INFO (DefaultLifecycleProcessor.java:345)- Starting beans in phase 2147483647
2019-05-27 10:09:57,844 INFO (StartupInfoLogger.java:57)- Started StudySpringAppApplication in 3.592 seconds (JVM running for 4.284)
2019-05-27 10:35:00,129 INFO (FrameworkServlet.java:489)- FrameworkServlet 'dispatcherServlet': initialization started
2019-05-27 10:35:00,146 INFO (FrameworkServlet.java:508)- FrameworkServlet 'dispatcherServlet': initialization completed in 17 ms
2019-05-27 10:35:06,810 DEBUG (WXPay.java:195)- FAIL
2019-05-27 10:35:06,811 INFO (SynthesisPayServiceImpl.java:57)- 微信公众平台预支付返回参数：{return_msg=out_trade_no参数长度有误, return_code=FAIL}
2019-05-27 10:35:06,811 INFO (LoginController.java:93)- ResultMsg(status=201, message=微信公众平台预支付失败, token=null, data=null)
2019-05-27 10:35:12,763 INFO (DefaultLifecycleProcessor.java:360)- Stopping beans in phase 2147483647
2019-05-27 17:39:43,288 INFO (StartupInfoLogger.java:48)- Starting StudySpringAppApplication on DESKTOP-0TOJ20R with PID 1860 (F:\MyWork\StudySpringApp\target\classes started by dell in F:\MyWork\StudySpringApp)
2019-05-27 17:39:43,289 DEBUG (StartupInfoLogger.java:51)- Running with Spring Boot v1.5.21.RELEASE, Spring v4.3.24.RELEASE
2019-05-27 17:39:43,289 INFO (SpringApplication.java:593)- No active profile set, falling back to default profiles: default
2019-05-27 17:39:44,114 INFO (PostProcessorRegistrationDelegate.java:327)- Bean 'org.springframework.amqp.rabbit.annotation.RabbitBootstrapConfiguration' of type [org.springframework.amqp.rabbit.annotation.RabbitBootstrapConfiguration$$EnhancerBySpringCGLIB$$b08e86ed] is not eligible for getting processed by all BeanPostProcessors (for example: not eligible for auto-proxying)
2019-05-27 17:39:44,154 INFO (PostProcessorRegistrationDelegate.java:327)- Bean 'org.springframework.ws.config.annotation.DelegatingWsConfiguration' of type [org.springframework.ws.config.annotation.DelegatingWsConfiguration$$EnhancerBySpringCGLIB$$8eba8dbe] is not eligible for getting processed by all BeanPostProcessors (for example: not eligible for auto-proxying)
2019-05-27 17:39:44,196 INFO (PostProcessorRegistrationDelegate.java:327)- Bean 'org.springframework.transaction.annotation.ProxyTransactionManagementConfiguration' of type [org.springframework.transaction.annotation.ProxyTransactionManagementConfiguration$$EnhancerBySpringCGLIB$$ea22c8bf] is not eligible for getting processed by all BeanPostProcessors (for example: not eligible for auto-proxying)
2019-05-27 17:39:44,542 INFO (EmbeddedWebApplicationContext.java:287)- Root WebApplicationContext: initialization completed in 1229 ms
2019-05-27 17:40:44,936 INFO (StartupInfoLogger.java:48)- Starting StudySpringAppApplication on DESKTOP-0TOJ20R with PID 11472 (F:\MyWork\StudySpringApp\target\classes started by dell in F:\MyWork\StudySpringApp)
2019-05-27 17:40:44,936 DEBUG (StartupInfoLogger.java:51)- Running with Spring Boot v1.5.21.RELEASE, Spring v4.3.24.RELEASE
2019-05-27 17:40:44,937 INFO (SpringApplication.java:593)- No active profile set, falling back to default profiles: default
2019-05-27 17:40:45,769 INFO (PostProcessorRegistrationDelegate.java:327)- Bean 'org.springframework.amqp.rabbit.annotation.RabbitBootstrapConfiguration' of type [org.springframework.amqp.rabbit.annotation.RabbitBootstrapConfiguration$$EnhancerBySpringCGLIB$$de77f54a] is not eligible for getting processed by all BeanPostProcessors (for example: not eligible for auto-proxying)
2019-05-27 17:40:45,809 INFO (PostProcessorRegistrationDelegate.java:327)- Bean 'org.springframework.ws.config.annotation.DelegatingWsConfiguration' of type [org.springframework.ws.config.annotation.DelegatingWsConfiguration$$EnhancerBySpringCGLIB$$bca3fc1b] is not eligible for getting processed by all BeanPostProcessors (for example: not eligible for auto-proxying)
2019-05-27 17:40:45,852 INFO (PostProcessorRegistrationDelegate.java:327)- Bean 'org.springframework.transaction.annotation.ProxyTransactionManagementConfiguration' of type [org.springframework.transaction.annotation.ProxyTransactionManagementConfiguration$$EnhancerBySpringCGLIB$$180c371c] is not eligible for getting processed by all BeanPostProcessors (for example: not eligible for auto-proxying)
2019-05-27 17:40:46,165 INFO (EmbeddedWebApplicationContext.java:287)- Root WebApplicationContext: initialization completed in 1203 ms
2019-05-27 17:41:34,203 INFO (StartupInfoLogger.java:48)- Starting StudySpringAppApplication on DESKTOP-0TOJ20R with PID 6024 (F:\MyWork\StudySpringApp\target\classes started by dell in F:\MyWork\StudySpringApp)
2019-05-27 17:41:34,204 DEBUG (StartupInfoLogger.java:51)- Running with Spring Boot v1.5.21.RELEASE, Spring v4.3.24.RELEASE
2019-05-27 17:41:34,204 INFO (SpringApplication.java:593)- No active profile set, falling back to default profiles: default
2019-05-27 17:41:35,045 INFO (PostProcessorRegistrationDelegate.java:327)- Bean 'org.springframework.amqp.rabbit.annotation.RabbitBootstrapConfiguration' of type [org.springframework.amqp.rabbit.annotation.RabbitBootstrapConfiguration$$EnhancerBySpringCGLIB$$8e87a0d9] is not eligible for getting processed by all BeanPostProcessors (for example: not eligible for auto-proxying)
2019-05-27 17:41:35,093 INFO (PostProcessorRegistrationDelegate.java:327)- Bean 'org.springframework.ws.config.annotation.DelegatingWsConfiguration' of type [org.springframework.ws.config.annotation.DelegatingWsConfiguration$$EnhancerBySpringCGLIB$$6cb3a7aa] is not eligible for getting processed by all BeanPostProcessors (for example: not eligible for auto-proxying)
2019-05-27 17:41:35,139 INFO (PostProcessorRegistrationDelegate.java:327)- Bean 'org.springframework.transaction.annotation.ProxyTransactionManagementConfiguration' of type [org.springframework.transaction.annotation.ProxyTransactionManagementConfiguration$$EnhancerBySpringCGLIB$$c81be2ab] is not eligible for getting processed by all BeanPostProcessors (for example: not eligible for auto-proxying)
2019-05-27 17:41:35,500 INFO (EmbeddedWebApplicationContext.java:287)- Root WebApplicationContext: initialization completed in 1270 ms
2019-05-27 17:42:32,149 INFO (StartupInfoLogger.java:48)- Starting StudySpringAppApplication on DESKTOP-0TOJ20R with PID 11600 (F:\MyWork\StudySpringApp\target\classes started by dell in F:\MyWork\StudySpringApp)
2019-05-27 17:42:32,150 DEBUG (StartupInfoLogger.java:51)- Running with Spring Boot v1.5.21.RELEASE, Spring v4.3.24.RELEASE
2019-05-27 17:42:32,150 INFO (SpringApplication.java:593)- No active profile set, falling back to default profiles: default
2019-05-27 17:42:32,979 INFO (PostProcessorRegistrationDelegate.java:327)- Bean 'org.springframework.amqp.rabbit.annotation.RabbitBootstrapConfiguration' of type [org.springframework.amqp.rabbit.annotation.RabbitBootstrapConfiguration$$EnhancerBySpringCGLIB$$c5fc69c4] is not eligible for getting processed by all BeanPostProcessors (for example: not eligible for auto-proxying)
2019-05-27 17:42:33,019 INFO (PostProcessorRegistrationDelegate.java:327)- Bean 'org.springframework.ws.config.annotation.DelegatingWsConfiguration' of type [org.springframework.ws.config.annotation.DelegatingWsConfiguration$$EnhancerBySpringCGLIB$$a4287095] is not eligible for getting processed by all BeanPostProcessors (for example: not eligible for auto-proxying)
2019-05-27 17:42:33,061 INFO (PostProcessorRegistrationDelegate.java:327)- Bean 'org.springframework.transaction.annotation.ProxyTransactionManagementConfiguration' of type [org.springframework.transaction.annotation.ProxyTransactionManagementConfiguration$$EnhancerBySpringCGLIB$$ff90ab96] is not eligible for getting processed by all BeanPostProcessors (for example: not eligible for auto-proxying)
2019-05-27 17:42:33,378 INFO (EmbeddedWebApplicationContext.java:287)- Root WebApplicationContext: initialization completed in 1204 ms
2019-05-27 17:44:43,863 INFO (StartupInfoLogger.java:48)- Starting StudySpringAppApplication on DESKTOP-0TOJ20R with PID 17876 (F:\MyWork\StudySpringApp\target\classes started by dell in F:\MyWork\StudySpringApp)
2019-05-27 17:44:43,864 DEBUG (StartupInfoLogger.java:51)- Running with Spring Boot v1.5.21.RELEASE, Spring v4.3.24.RELEASE
2019-05-27 17:44:43,864 INFO (SpringApplication.java:593)- No active profile set, falling back to default profiles: default
2019-05-27 17:44:44,697 INFO (PostProcessorRegistrationDelegate.java:327)- Bean 'org.springframework.amqp.rabbit.annotation.RabbitBootstrapConfiguration' of type [org.springframework.amqp.rabbit.annotation.RabbitBootstrapConfiguration$$EnhancerBySpringCGLIB$$3cf6b5d6] is not eligible for getting processed by all BeanPostProcessors (for example: not eligible for auto-proxying)
2019-05-27 17:44:44,737 INFO (PostProcessorRegistrationDelegate.java:327)- Bean 'org.springframework.ws.config.annotation.DelegatingWsConfiguration' of type [org.springframework.ws.config.annotation.DelegatingWsConfiguration$$EnhancerBySpringCGLIB$$1b22bca7] is not eligible for getting processed by all BeanPostProcessors (for example: not eligible for auto-proxying)
2019-05-27 17:44:44,780 INFO (PostProcessorRegistrationDelegate.java:327)- Bean 'org.springframework.transaction.annotation.ProxyTransactionManagementConfiguration' of type [org.springframework.transaction.annotation.ProxyTransactionManagementConfiguration$$EnhancerBySpringCGLIB$$768af7a8] is not eligible for getting processed by all BeanPostProcessors (for example: not eligible for auto-proxying)
2019-05-27 17:44:45,101 INFO (EmbeddedWebApplicationContext.java:287)- Root WebApplicationContext: initialization completed in 1212 ms
2019-05-27 17:44:45,814 INFO (AbstractHandlerMethodMapping.java:544)- Mapped "{[/getUserInfo],methods=[POST]}" onto public com.java.util.ResponseData com.java.controller.LoginController.login()
2019-05-27 17:44:45,816 INFO (AbstractHandlerMethodMapping.java:544)- Mapped "{[/wechatPublicPay],methods=[POST]}" onto public com.java.util.ResultMsg com.java.controller.LoginController.wechatPublicPay(com.java.entity.WechatPublicPayParam) throws java.lang.Exception
2019-05-27 17:44:45,818 INFO (AbstractHandlerMethodMapping.java:544)- Mapped "{[/swagger-resources/configuration/ui]}" onto public org.springframework.http.ResponseEntity<springfox.documentation.swagger.web.UiConfiguration> springfox.documentation.swagger.web.ApiResourceController.uiConfiguration()
2019-05-27 17:44:45,819 INFO (AbstractHandlerMethodMapping.java:544)- Mapped "{[/swagger-resources]}" onto public org.springframework.http.ResponseEntity<java.util.List<springfox.documentation.swagger.web.SwaggerResource>> springfox.documentation.swagger.web.ApiResourceController.swaggerResources()
2019-05-27 17:44:45,819 INFO (AbstractHandlerMethodMapping.java:544)- Mapped "{[/swagger-resources/configuration/security]}" onto public org.springframework.http.ResponseEntity<springfox.documentation.swagger.web.SecurityConfiguration> springfox.documentation.swagger.web.ApiResourceController.securityConfiguration()
2019-05-27 17:44:45,821 INFO (AbstractHandlerMethodMapping.java:544)- Mapped "{[/error]}" onto public org.springframework.http.ResponseEntity<java.util.Map<java.lang.String, java.lang.Object>> org.springframework.boot.autoconfigure.web.BasicErrorController.error(javax.servlet.http.HttpServletRequest)
2019-05-27 17:44:45,821 INFO (AbstractHandlerMethodMapping.java:544)- Mapped "{[/error],produces=[text/html]}" onto public org.springframework.web.servlet.ModelAndView org.springframework.boot.autoconfigure.web.BasicErrorController.errorHtml(javax.servlet.http.HttpServletRequest,javax.servlet.http.HttpServletResponse)
2019-05-27 17:44:46,152 INFO (RequestMappingHandlerAdapter.java:557)- Looking for @ControllerAdvice: org.springframework.boot.context.embedded.AnnotationConfigEmbeddedWebApplicationContext@6fb57851: startup date [Mon May 27 17:44:43 CST 2019]; root of context hierarchy
2019-05-27 17:44:46,186 INFO (AbstractUrlHandlerMapping.java:364)- Mapped URL path [/webjars/**] onto handler of type [class org.springframework.web.servlet.resource.ResourceHttpRequestHandler]
2019-05-27 17:44:46,186 INFO (AbstractUrlHandlerMapping.java:364)- Mapped URL path [/**] onto handler of type [class org.springframework.web.servlet.resource.ResourceHttpRequestHandler]
2019-05-27 17:44:46,211 INFO (AbstractUrlHandlerMapping.java:364)- Mapped URL path [/**/favicon.ico] onto handler of type [class org.springframework.web.servlet.resource.ResourceHttpRequestHandler]
2019-05-27 17:44:46,683 INFO (DefaultLifecycleProcessor.java:345)- Starting beans in phase 2147483647
2019-05-27 17:44:46,818 INFO (StartupInfoLogger.java:57)- Started StudySpringAppApplication in 3.129 seconds (JVM running for 3.773)
2019-05-27 17:44:51,020 INFO (DefaultLifecycleProcessor.java:360)- Stopping beans in phase 2147483647
2019-05-27 17:47:09,448 INFO (StartupInfoLogger.java:48)- Starting StudySpringAppApplication on DESKTOP-0TOJ20R with PID 13816 (F:\MyWork\StudySpringApp\target\classes started by dell in F:\MyWork\StudySpringApp)
2019-05-27 17:47:09,449 DEBUG (StartupInfoLogger.java:51)- Running with Spring Boot v1.5.21.RELEASE, Spring v4.3.24.RELEASE
2019-05-27 17:47:09,449 INFO (SpringApplication.java:593)- No active profile set, falling back to default profiles: default
2019-05-27 17:47:10,280 INFO (PostProcessorRegistrationDelegate.java:327)- Bean 'org.springframework.amqp.rabbit.annotation.RabbitBootstrapConfiguration' of type [org.springframework.amqp.rabbit.annotation.RabbitBootstrapConfiguration$$EnhancerBySpringCGLIB$$399decc3] is not eligible for getting processed by all BeanPostProcessors (for example: not eligible for auto-proxying)
2019-05-27 17:47:10,320 INFO (PostProcessorRegistrationDelegate.java:327)- Bean 'org.springframework.ws.config.annotation.DelegatingWsConfiguration' of type [org.springframework.ws.config.annotation.DelegatingWsConfiguration$$EnhancerBySpringCGLIB$$17c9f394] is not eligible for getting processed by all BeanPostProcessors (for example: not eligible for auto-proxying)
2019-05-27 17:47:10,362 INFO (PostProcessorRegistrationDelegate.java:327)- Bean 'org.springframework.transaction.annotation.ProxyTransactionManagementConfiguration' of type [org.springframework.transaction.annotation.ProxyTransactionManagementConfiguration$$EnhancerBySpringCGLIB$$73322e95] is not eligible for getting processed by all BeanPostProcessors (for example: not eligible for auto-proxying)
2019-05-27 17:47:10,678 INFO (EmbeddedWebApplicationContext.java:287)- Root WebApplicationContext: initialization completed in 1204 ms
2019-05-27 17:47:11,334 INFO (AbstractHandlerMethodMapping.java:544)- Mapped "{[/wechatPublicPay],methods=[POST]}" onto public com.java.util.ResultMsg com.java.controller.LoginController.wechatPublicPay(com.java.entity.WechatPublicPayParam) throws java.lang.Exception
2019-05-27 17:47:11,335 INFO (AbstractHandlerMethodMapping.java:544)- Mapped "{[/getUserInfo],methods=[POST]}" onto public com.java.util.ResponseData com.java.controller.LoginController.login()
2019-05-27 17:47:11,337 INFO (AbstractHandlerMethodMapping.java:544)- Mapped "{[/swagger-resources]}" onto public org.springframework.http.ResponseEntity<java.util.List<springfox.documentation.swagger.web.SwaggerResource>> springfox.documentation.swagger.web.ApiResourceController.swaggerResources()
2019-05-27 17:47:11,337 INFO (AbstractHandlerMethodMapping.java:544)- Mapped "{[/swagger-resources/configuration/ui]}" onto public org.springframework.http.ResponseEntity<springfox.documentation.swagger.web.UiConfiguration> springfox.documentation.swagger.web.ApiResourceController.uiConfiguration()
2019-05-27 17:47:11,338 INFO (AbstractHandlerMethodMapping.java:544)- Mapped "{[/swagger-resources/configuration/security]}" onto public org.springframework.http.ResponseEntity<springfox.documentation.swagger.web.SecurityConfiguration> springfox.documentation.swagger.web.ApiResourceController.securityConfiguration()
2019-05-27 17:47:11,340 INFO (AbstractHandlerMethodMapping.java:544)- Mapped "{[/error]}" onto public org.springframework.http.ResponseEntity<java.util.Map<java.lang.String, java.lang.Object>> org.springframework.boot.autoconfigure.web.BasicErrorController.error(javax.servlet.http.HttpServletRequest)
2019-05-27 17:47:11,340 INFO (AbstractHandlerMethodMapping.java:544)- Mapped "{[/error],produces=[text/html]}" onto public org.springframework.web.servlet.ModelAndView org.springframework.boot.autoconfigure.web.BasicErrorController.errorHtml(javax.servlet.http.HttpServletRequest,javax.servlet.http.HttpServletResponse)
2019-05-27 17:47:11,645 INFO (RequestMappingHandlerAdapter.java:557)- Looking for @ControllerAdvice: org.springframework.boot.context.embedded.AnnotationConfigEmbeddedWebApplicationContext@7bf3761e: startup date [Mon May 27 17:47:09 CST 2019]; root of context hierarchy
2019-05-27 17:47:11,679 INFO (AbstractUrlHandlerMapping.java:364)- Mapped URL path [/webjars/**] onto handler of type [class org.springframework.web.servlet.resource.ResourceHttpRequestHandler]
2019-05-27 17:47:11,679 INFO (AbstractUrlHandlerMapping.java:364)- Mapped URL path [/**] onto handler of type [class org.springframework.web.servlet.resource.ResourceHttpRequestHandler]
2019-05-27 17:47:11,703 INFO (AbstractUrlHandlerMapping.java:364)- Mapped URL path [/**/favicon.ico] onto handler of type [class org.springframework.web.servlet.resource.ResourceHttpRequestHandler]
2019-05-27 17:47:12,155 INFO (DefaultLifecycleProcessor.java:345)- Starting beans in phase 2147483647
2019-05-27 17:47:12,282 INFO (StartupInfoLogger.java:57)- Started StudySpringAppApplication in 3.008 seconds (JVM running for 3.646)
2019-05-27 17:47:37,011 INFO (DefaultLifecycleProcessor.java:360)- Stopping beans in phase 2147483647
2019-05-27 17:47:37,340 INFO (StartupInfoLogger.java:48)- Starting StudySpringAppApplication on DESKTOP-0TOJ20R with PID 13816 (F:\MyWork\StudySpringApp\target\classes started by dell in F:\MyWork\StudySpringApp)
2019-05-27 17:47:37,340 DEBUG (StartupInfoLogger.java:51)- Running with Spring Boot v1.5.21.RELEASE, Spring v4.3.24.RELEASE
2019-05-27 17:47:37,340 INFO (SpringApplication.java:593)- No active profile set, falling back to default profiles: default
2019-05-27 17:47:37,631 INFO (PostProcessorRegistrationDelegate.java:327)- Bean 'org.springframework.amqp.rabbit.annotation.RabbitBootstrapConfiguration' of type [org.springframework.amqp.rabbit.annotation.RabbitBootstrapConfiguration$$EnhancerBySpringCGLIB$$399decc3] is not eligible for getting processed by all BeanPostProcessors (for example: not eligible for auto-proxying)
2019-05-27 17:47:37,634 INFO (PostProcessorRegistrationDelegate.java:327)- Bean 'org.springframework.ws.config.annotation.DelegatingWsConfiguration' of type [org.springframework.ws.config.annotation.DelegatingWsConfiguration$$EnhancerBySpringCGLIB$$17c9f394] is not eligible for getting processed by all BeanPostProcessors (for example: not eligible for auto-proxying)
2019-05-27 17:47:37,641 INFO (PostProcessorRegistrationDelegate.java:327)- Bean 'org.springframework.transaction.annotation.ProxyTransactionManagementConfiguration' of type [org.springframework.transaction.annotation.ProxyTransactionManagementConfiguration$$EnhancerBySpringCGLIB$$73322e95] is not eligible for getting processed by all BeanPostProcessors (for example: not eligible for auto-proxying)
2019-05-27 17:47:37,727 INFO (EmbeddedWebApplicationContext.java:287)- Root WebApplicationContext: initialization completed in 384 ms
2019-05-27 17:47:37,981 INFO (AbstractHandlerMethodMapping.java:544)- Mapped "{[/wechatPublicPay],methods=[POST]}" onto public com.java.util.ResultMsg com.java.controller.LoginController.wechatPublicPay(com.java.entity.WechatPublicPayParam) throws java.lang.Exception
2019-05-27 17:47:37,982 INFO (AbstractHandlerMethodMapping.java:544)- Mapped "{[/getUserInfo],methods=[POST]}" onto public com.java.util.ResponseData com.java.controller.LoginController.login()
2019-05-27 17:47:37,983 INFO (AbstractHandlerMethodMapping.java:544)- Mapped "{[/swagger-resources]}" onto public org.springframework.http.ResponseEntity<java.util.List<springfox.documentation.swagger.web.SwaggerResource>> springfox.documentation.swagger.web.ApiResourceController.swaggerResources()
2019-05-27 17:47:37,984 INFO (AbstractHandlerMethodMapping.java:544)- Mapped "{[/swagger-resources/configuration/ui]}" onto public org.springframework.http.ResponseEntity<springfox.documentation.swagger.web.UiConfiguration> springfox.documentation.swagger.web.ApiResourceController.uiConfiguration()
2019-05-27 17:47:37,984 INFO (AbstractHandlerMethodMapping.java:544)- Mapped "{[/swagger-resources/configuration/security]}" onto public org.springframework.http.ResponseEntity<springfox.documentation.swagger.web.SecurityConfiguration> springfox.documentation.swagger.web.ApiResourceController.securityConfiguration()
2019-05-27 17:47:37,985 INFO (AbstractHandlerMethodMapping.java:544)- Mapped "{[/error]}" onto public org.springframework.http.ResponseEntity<java.util.Map<java.lang.String, java.lang.Object>> org.springframework.boot.autoconfigure.web.BasicErrorController.error(javax.servlet.http.HttpServletRequest)
2019-05-27 17:47:37,986 INFO (AbstractHandlerMethodMapping.java:544)- Mapped "{[/error],produces=[text/html]}" onto public org.springframework.web.servlet.ModelAndView org.springframework.boot.autoconfigure.web.BasicErrorController.errorHtml(javax.servlet.http.HttpServletRequest,javax.servlet.http.HttpServletResponse)
2019-05-27 17:47:38,054 INFO (RequestMappingHandlerAdapter.java:557)- Looking for @ControllerAdvice: org.springframework.boot.context.embedded.AnnotationConfigEmbeddedWebApplicationContext@27f5c5cf: startup date [Mon May 27 17:47:37 CST 2019]; root of context hierarchy
2019-05-27 17:47:38,065 INFO (AbstractUrlHandlerMapping.java:364)- Mapped URL path [/webjars/**] onto handler of type [class org.springframework.web.servlet.resource.ResourceHttpRequestHandler]
2019-05-27 17:47:38,065 INFO (AbstractUrlHandlerMapping.java:364)- Mapped URL path [/**] onto handler of type [class org.springframework.web.servlet.resource.ResourceHttpRequestHandler]
2019-05-27 17:47:38,077 INFO (AbstractUrlHandlerMapping.java:364)- Mapped URL path [/**/favicon.ico] onto handler of type [class org.springframework.web.servlet.resource.ResourceHttpRequestHandler]
2019-05-27 17:47:38,247 INFO (DefaultLifecycleProcessor.java:345)- Starting beans in phase 2147483647
2019-05-27 17:47:38,278 INFO (StartupInfoLogger.java:57)- Started StudySpringAppApplication in 0.967 seconds (JVM running for 29.642)
2019-05-27 17:47:49,779 INFO (FrameworkServlet.java:489)- FrameworkServlet 'dispatcherServlet': initialization started
2019-05-27 17:47:49,794 INFO (FrameworkServlet.java:508)- FrameworkServlet 'dispatcherServlet': initialization completed in 15 ms
2019-05-27 17:48:43,292 INFO (DefaultLifecycleProcessor.java:360)- Stopping beans in phase 2147483647
2019-05-27 17:48:43,614 INFO (StartupInfoLogger.java:48)- Starting StudySpringAppApplication on DESKTOP-0TOJ20R with PID 13816 (F:\MyWork\StudySpringApp\target\classes started by dell in F:\MyWork\StudySpringApp)
2019-05-27 17:48:43,614 DEBUG (StartupInfoLogger.java:51)- Running with Spring Boot v1.5.21.RELEASE, Spring v4.3.24.RELEASE
2019-05-27 17:48:43,615 INFO (SpringApplication.java:593)- No active profile set, falling back to default profiles: default
2019-05-27 17:48:43,909 INFO (PostProcessorRegistrationDelegate.java:327)- Bean 'org.springframework.amqp.rabbit.annotation.RabbitBootstrapConfiguration' of type [org.springframework.amqp.rabbit.annotation.RabbitBootstrapConfiguration$$EnhancerBySpringCGLIB$$399decc3] is not eligible for getting processed by all BeanPostProcessors (for example: not eligible for auto-proxying)
2019-05-27 17:48:43,912 INFO (PostProcessorRegistrationDelegate.java:327)- Bean 'org.springframework.ws.config.annotation.DelegatingWsConfiguration' of type [org.springframework.ws.config.annotation.DelegatingWsConfiguration$$EnhancerBySpringCGLIB$$17c9f394] is not eligible for getting processed by all BeanPostProcessors (for example: not eligible for auto-proxying)
2019-05-27 17:48:43,920 INFO (PostProcessorRegistrationDelegate.java:327)- Bean 'org.springframework.transaction.annotation.ProxyTransactionManagementConfiguration' of type [org.springframework.transaction.annotation.ProxyTransactionManagementConfiguration$$EnhancerBySpringCGLIB$$73322e95] is not eligible for getting processed by all BeanPostProcessors (for example: not eligible for auto-proxying)
2019-05-27 17:48:44,002 INFO (EmbeddedWebApplicationContext.java:287)- Root WebApplicationContext: initialization completed in 384 ms
2019-05-27 17:48:44,245 INFO (AbstractHandlerMethodMapping.java:544)- Mapped "{[/wechatPublicPay],methods=[POST]}" onto public com.java.util.ResultMsg com.java.controller.LoginController.wechatPublicPay(com.java.entity.WechatPublicPayParam) throws java.lang.Exception
2019-05-27 17:48:44,245 INFO (AbstractHandlerMethodMapping.java:544)- Mapped "{[/getUserInfo],methods=[POST]}" onto public com.java.util.ResponseData com.java.controller.LoginController.login()
2019-05-27 17:48:44,247 INFO (AbstractHandlerMethodMapping.java:544)- Mapped "{[/swagger-resources]}" onto public org.springframework.http.ResponseEntity<java.util.List<springfox.documentation.swagger.web.SwaggerResource>> springfox.documentation.swagger.web.ApiResourceController.swaggerResources()
2019-05-27 17:48:44,247 INFO (AbstractHandlerMethodMapping.java:544)- Mapped "{[/swagger-resources/configuration/ui]}" onto public org.springframework.http.ResponseEntity<springfox.documentation.swagger.web.UiConfiguration> springfox.documentation.swagger.web.ApiResourceController.uiConfiguration()
2019-05-27 17:48:44,248 INFO (AbstractHandlerMethodMapping.java:544)- Mapped "{[/swagger-resources/configuration/security]}" onto public org.springframework.http.ResponseEntity<springfox.documentation.swagger.web.SecurityConfiguration> springfox.documentation.swagger.web.ApiResourceController.securityConfiguration()
2019-05-27 17:48:44,250 INFO (AbstractHandlerMethodMapping.java:544)- Mapped "{[/error]}" onto public org.springframework.http.ResponseEntity<java.util.Map<java.lang.String, java.lang.Object>> org.springframework.boot.autoconfigure.web.BasicErrorController.error(javax.servlet.http.HttpServletRequest)
2019-05-27 17:48:44,251 INFO (AbstractHandlerMethodMapping.java:544)- Mapped "{[/error],produces=[text/html]}" onto public org.springframework.web.servlet.ModelAndView org.springframework.boot.autoconfigure.web.BasicErrorController.errorHtml(javax.servlet.http.HttpServletRequest,javax.servlet.http.HttpServletResponse)
2019-05-27 17:48:44,328 INFO (RequestMappingHandlerAdapter.java:557)- Looking for @ControllerAdvice: org.springframework.boot.context.embedded.AnnotationConfigEmbeddedWebApplicationContext@6bb1fc13: startup date [Mon May 27 17:48:43 CST 2019]; root of context hierarchy
2019-05-27 17:48:44,339 INFO (AbstractUrlHandlerMapping.java:364)- Mapped URL path [/webjars/**] onto handler of type [class org.springframework.web.servlet.resource.ResourceHttpRequestHandler]
2019-05-27 17:48:44,339 INFO (AbstractUrlHandlerMapping.java:364)- Mapped URL path [/**] onto handler of type [class org.springframework.web.servlet.resource.ResourceHttpRequestHandler]
2019-05-27 17:48:44,352 INFO (AbstractUrlHandlerMapping.java:364)- Mapped URL path [/**/favicon.ico] onto handler of type [class org.springframework.web.servlet.resource.ResourceHttpRequestHandler]
2019-05-27 17:48:44,530 INFO (DefaultLifecycleProcessor.java:345)- Starting beans in phase 2147483647
2019-05-27 17:48:44,562 INFO (StartupInfoLogger.java:57)- Started StudySpringAppApplication in 0.976 seconds (JVM running for 95.926)
2019-05-27 17:49:20,027 INFO (DefaultLifecycleProcessor.java:360)- Stopping beans in phase 2147483647
2019-05-27 17:49:20,377 INFO (StartupInfoLogger.java:48)- Starting StudySpringAppApplication on DESKTOP-0TOJ20R with PID 13816 (F:\MyWork\StudySpringApp\target\classes started by dell in F:\MyWork\StudySpringApp)
2019-05-27 17:49:20,377 DEBUG (StartupInfoLogger.java:51)- Running with Spring Boot v1.5.21.RELEASE, Spring v4.3.24.RELEASE
2019-05-27 17:49:20,377 INFO (SpringApplication.java:593)- No active profile set, falling back to default profiles: default
2019-05-27 17:49:20,667 INFO (PostProcessorRegistrationDelegate.java:327)- Bean 'org.springframework.amqp.rabbit.annotation.RabbitBootstrapConfiguration' of type [org.springframework.amqp.rabbit.annotation.RabbitBootstrapConfiguration$$EnhancerBySpringCGLIB$$399decc3] is not eligible for getting processed by all BeanPostProcessors (for example: not eligible for auto-proxying)
2019-05-27 17:49:20,670 INFO (PostProcessorRegistrationDelegate.java:327)- Bean 'org.springframework.ws.config.annotation.DelegatingWsConfiguration' of type [org.springframework.ws.config.annotation.DelegatingWsConfiguration$$EnhancerBySpringCGLIB$$17c9f394] is not eligible for getting processed by all BeanPostProcessors (for example: not eligible for auto-proxying)
2019-05-27 17:49:20,677 INFO (PostProcessorRegistrationDelegate.java:327)- Bean 'org.springframework.transaction.annotation.ProxyTransactionManagementConfiguration' of type [org.springframework.transaction.annotation.ProxyTransactionManagementConfiguration$$EnhancerBySpringCGLIB$$73322e95] is not eligible for getting processed by all BeanPostProcessors (for example: not eligible for auto-proxying)
2019-05-27 17:49:20,761 INFO (EmbeddedWebApplicationContext.java:287)- Root WebApplicationContext: initialization completed in 380 ms
2019-05-27 17:49:35,442 INFO (StartupInfoLogger.java:48)- Starting StudySpringAppApplication on DESKTOP-0TOJ20R with PID 13816 (F:\MyWork\StudySpringApp\target\classes started by dell in F:\MyWork\StudySpringApp)
2019-05-27 17:49:35,442 DEBUG (StartupInfoLogger.java:51)- Running with Spring Boot v1.5.21.RELEASE, Spring v4.3.24.RELEASE
2019-05-27 17:49:35,442 INFO (SpringApplication.java:593)- No active profile set, falling back to default profiles: default
2019-05-27 17:49:35,729 INFO (PostProcessorRegistrationDelegate.java:327)- Bean 'org.springframework.amqp.rabbit.annotation.RabbitBootstrapConfiguration' of type [org.springframework.amqp.rabbit.annotation.RabbitBootstrapConfiguration$$EnhancerBySpringCGLIB$$399decc3] is not eligible for getting processed by all BeanPostProcessors (for example: not eligible for auto-proxying)
2019-05-27 17:49:35,732 INFO (PostProcessorRegistrationDelegate.java:327)- Bean 'org.springframework.ws.config.annotation.DelegatingWsConfiguration' of type [org.springframework.ws.config.annotation.DelegatingWsConfiguration$$EnhancerBySpringCGLIB$$17c9f394] is not eligible for getting processed by all BeanPostProcessors (for example: not eligible for auto-proxying)
2019-05-27 17:49:35,740 INFO (PostProcessorRegistrationDelegate.java:327)- Bean 'org.springframework.transaction.annotation.ProxyTransactionManagementConfiguration' of type [org.springframework.transaction.annotation.ProxyTransactionManagementConfiguration$$EnhancerBySpringCGLIB$$73322e95] is not eligible for getting processed by all BeanPostProcessors (for example: not eligible for auto-proxying)
2019-05-27 17:49:35,838 INFO (EmbeddedWebApplicationContext.java:287)- Root WebApplicationContext: initialization completed in 393 ms
2019-05-27 17:51:06,848 INFO (StartupInfoLogger.java:48)- Starting StudySpringAppApplication on DESKTOP-0TOJ20R with PID 13816 (F:\MyWork\StudySpringApp\target\classes started by dell in F:\MyWork\StudySpringApp)
2019-05-27 17:51:06,849 DEBUG (StartupInfoLogger.java:51)- Running with Spring Boot v1.5.21.RELEASE, Spring v4.3.24.RELEASE
2019-05-27 17:51:06,849 INFO (SpringApplication.java:593)- No active profile set, falling back to default profiles: default
2019-05-27 17:51:07,149 INFO (PostProcessorRegistrationDelegate.java:327)- Bean 'org.springframework.amqp.rabbit.annotation.RabbitBootstrapConfiguration' of type [org.springframework.amqp.rabbit.annotation.RabbitBootstrapConfiguration$$EnhancerBySpringCGLIB$$399decc3] is not eligible for getting processed by all BeanPostProcessors (for example: not eligible for auto-proxying)
2019-05-27 17:51:07,152 INFO (PostProcessorRegistrationDelegate.java:327)- Bean 'org.springframework.ws.config.annotation.DelegatingWsConfiguration' of type [org.springframework.ws.config.annotation.DelegatingWsConfiguration$$EnhancerBySpringCGLIB$$17c9f394] is not eligible for getting processed by all BeanPostProcessors (for example: not eligible for auto-proxying)
2019-05-27 17:51:07,159 INFO (PostProcessorRegistrationDelegate.java:327)- Bean 'org.springframework.transaction.annotation.ProxyTransactionManagementConfiguration' of type [org.springframework.transaction.annotation.ProxyTransactionManagementConfiguration$$EnhancerBySpringCGLIB$$73322e95] is not eligible for getting processed by all BeanPostProcessors (for example: not eligible for auto-proxying)
2019-05-27 17:51:07,243 INFO (EmbeddedWebApplicationContext.java:287)- Root WebApplicationContext: initialization completed in 391 ms
2019-05-27 17:51:07,490 INFO (AbstractHandlerMethodMapping.java:544)- Mapped "{[/wechatPublicPay],methods=[POST]}" onto public com.java.util.ResultMsg com.java.controller.LoginController.wechatPublicPay(com.java.entity.WechatPublicPayParam) throws java.lang.Exception
2019-05-27 17:51:07,490 INFO (AbstractHandlerMethodMapping.java:544)- Mapped "{[/getUserInfo],methods=[POST]}" onto public com.java.util.ResponseData com.java.controller.LoginController.login()
2019-05-27 17:51:07,491 INFO (AbstractHandlerMethodMapping.java:544)- Mapped "{[/swagger-resources]}" onto public org.springframework.http.ResponseEntity<java.util.List<springfox.documentation.swagger.web.SwaggerResource>> springfox.documentation.swagger.web.ApiResourceController.swaggerResources()
2019-05-27 17:51:07,491 INFO (AbstractHandlerMethodMapping.java:544)- Mapped "{[/swagger-resources/configuration/ui]}" onto public org.springframework.http.ResponseEntity<springfox.documentation.swagger.web.UiConfiguration> springfox.documentation.swagger.web.ApiResourceController.uiConfiguration()
2019-05-27 17:51:07,492 INFO (AbstractHandlerMethodMapping.java:544)- Mapped "{[/swagger-resources/configuration/security]}" onto public org.springframework.http.ResponseEntity<springfox.documentation.swagger.web.SecurityConfiguration> springfox.documentation.swagger.web.ApiResourceController.securityConfiguration()
2019-05-27 17:51:07,493 INFO (AbstractHandlerMethodMapping.java:544)- Mapped "{[/error]}" onto public org.springframework.http.ResponseEntity<java.util.Map<java.lang.String, java.lang.Object>> org.springframework.boot.autoconfigure.web.BasicErrorController.error(javax.servlet.http.HttpServletRequest)
2019-05-27 17:51:07,493 INFO (AbstractHandlerMethodMapping.java:544)- Mapped "{[/error],produces=[text/html]}" onto public org.springframework.web.servlet.ModelAndView org.springframework.boot.autoconfigure.web.BasicErrorController.errorHtml(javax.servlet.http.HttpServletRequest,javax.servlet.http.HttpServletResponse)
2019-05-27 17:51:07,566 INFO (RequestMappingHandlerAdapter.java:557)- Looking for @ControllerAdvice: org.springframework.boot.context.embedded.AnnotationConfigEmbeddedWebApplicationContext@f5c83cd: startup date [Mon May 27 17:51:06 CST 2019]; root of context hierarchy
2019-05-27 17:51:07,575 INFO (AbstractUrlHandlerMapping.java:364)- Mapped URL path [/webjars/**] onto handler of type [class org.springframework.web.servlet.resource.ResourceHttpRequestHandler]
2019-05-27 17:51:07,576 INFO (AbstractUrlHandlerMapping.java:364)- Mapped URL path [/**] onto handler of type [class org.springframework.web.servlet.resource.ResourceHttpRequestHandler]
2019-05-27 17:51:07,587 INFO (AbstractUrlHandlerMapping.java:364)- Mapped URL path [/**/favicon.ico] onto handler of type [class org.springframework.web.servlet.resource.ResourceHttpRequestHandler]
2019-05-27 17:51:07,749 INFO (DefaultLifecycleProcessor.java:345)- Starting beans in phase 2147483647
2019-05-27 17:51:07,776 INFO (StartupInfoLogger.java:57)- Started StudySpringAppApplication in 0.955 seconds (JVM running for 239.14)
2019-05-27 17:51:18,066 INFO (FrameworkServlet.java:489)- FrameworkServlet 'dispatcherServlet': initialization started
2019-05-27 17:51:18,070 INFO (FrameworkServlet.java:508)- FrameworkServlet 'dispatcherServlet': initialization completed in 4 ms
2019-05-27 17:52:10,369 INFO (DefaultLifecycleProcessor.java:360)- Stopping beans in phase 2147483647
2019-05-27 17:52:10,710 INFO (StartupInfoLogger.java:48)- Starting StudySpringAppApplication on DESKTOP-0TOJ20R with PID 13816 (F:\MyWork\StudySpringApp\target\classes started by dell in F:\MyWork\StudySpringApp)
2019-05-27 17:52:10,710 DEBUG (StartupInfoLogger.java:51)- Running with Spring Boot v1.5.21.RELEASE, Spring v4.3.24.RELEASE
2019-05-27 17:52:10,710 INFO (SpringApplication.java:593)- No active profile set, falling back to default profiles: default
2019-05-27 17:52:10,999 INFO (PostProcessorRegistrationDelegate.java:327)- Bean 'org.springframework.amqp.rabbit.annotation.RabbitBootstrapConfiguration' of type [org.springframework.amqp.rabbit.annotation.RabbitBootstrapConfiguration$$EnhancerBySpringCGLIB$$399decc3] is not eligible for getting processed by all BeanPostProcessors (for example: not eligible for auto-proxying)
2019-05-27 17:52:11,003 INFO (PostProcessorRegistrationDelegate.java:327)- Bean 'org.springframework.ws.config.annotation.DelegatingWsConfiguration' of type [org.springframework.ws.config.annotation.DelegatingWsConfiguration$$EnhancerBySpringCGLIB$$17c9f394] is not eligible for getting processed by all BeanPostProcessors (for example: not eligible for auto-proxying)
2019-05-27 17:52:11,012 INFO (PostProcessorRegistrationDelegate.java:327)- Bean 'org.springframework.transaction.annotation.ProxyTransactionManagementConfiguration' of type [org.springframework.transaction.annotation.ProxyTransactionManagementConfiguration$$EnhancerBySpringCGLIB$$73322e95] is not eligible for getting processed by all BeanPostProcessors (for example: not eligible for auto-proxying)
2019-05-27 17:52:11,104 INFO (EmbeddedWebApplicationContext.java:287)- Root WebApplicationContext: initialization completed in 391 ms
2019-05-27 17:52:11,361 INFO (AbstractHandlerMethodMapping.java:544)- Mapped "{[/wechatPublicPay],methods=[POST]}" onto public com.java.util.ResultMsg com.java.controller.LoginController.wechatPublicPay(com.java.entity.WechatPublicPayParam) throws java.lang.Exception
2019-05-27 17:52:11,362 INFO (AbstractHandlerMethodMapping.java:544)- Mapped "{[/getUserInfo],methods=[POST]}" onto public com.java.util.ResponseData com.java.controller.LoginController.login()
2019-05-27 17:52:11,363 INFO (AbstractHandlerMethodMapping.java:544)- Mapped "{[/swagger-resources]}" onto public org.springframework.http.ResponseEntity<java.util.List<springfox.documentation.swagger.web.SwaggerResource>> springfox.documentation.swagger.web.ApiResourceController.swaggerResources()
2019-05-27 17:52:11,363 INFO (AbstractHandlerMethodMapping.java:544)- Mapped "{[/swagger-resources/configuration/ui]}" onto public org.springframework.http.ResponseEntity<springfox.documentation.swagger.web.UiConfiguration> springfox.documentation.swagger.web.ApiResourceController.uiConfiguration()
2019-05-27 17:52:11,363 INFO (AbstractHandlerMethodMapping.java:544)- Mapped "{[/swagger-resources/configuration/security]}" onto public org.springframework.http.ResponseEntity<springfox.documentation.swagger.web.SecurityConfiguration> springfox.documentation.swagger.web.ApiResourceController.securityConfiguration()
2019-05-27 17:52:11,364 INFO (AbstractHandlerMethodMapping.java:544)- Mapped "{[/error]}" onto public org.springframework.http.ResponseEntity<java.util.Map<java.lang.String, java.lang.Object>> org.springframework.boot.autoconfigure.web.BasicErrorController.error(javax.servlet.http.HttpServletRequest)
2019-05-27 17:52:11,364 INFO (AbstractHandlerMethodMapping.java:544)- Mapped "{[/error],produces=[text/html]}" onto public org.springframework.web.servlet.ModelAndView org.springframework.boot.autoconfigure.web.BasicErrorController.errorHtml(javax.servlet.http.HttpServletRequest,javax.servlet.http.HttpServletResponse)
2019-05-27 17:52:11,434 INFO (RequestMappingHandlerAdapter.java:557)- Looking for @ControllerAdvice: org.springframework.boot.context.embedded.AnnotationConfigEmbeddedWebApplicationContext@2357341: startup date [Mon May 27 17:52:10 CST 2019]; root of context hierarchy
2019-05-27 17:52:11,443 INFO (AbstractUrlHandlerMapping.java:364)- Mapped URL path [/webjars/**] onto handler of type [class org.springframework.web.servlet.resource.ResourceHttpRequestHandler]
2019-05-27 17:52:11,443 INFO (AbstractUrlHandlerMapping.java:364)- Mapped URL path [/**] onto handler of type [class org.springframework.web.servlet.resource.ResourceHttpRequestHandler]
2019-05-27 17:52:11,454 INFO (AbstractUrlHandlerMapping.java:364)- Mapped URL path [/**/favicon.ico] onto handler of type [class org.springframework.web.servlet.resource.ResourceHttpRequestHandler]
2019-05-27 17:52:11,598 INFO (DefaultLifecycleProcessor.java:345)- Starting beans in phase 2147483647
2019-05-27 17:52:11,624 INFO (StartupInfoLogger.java:57)- Started StudySpringAppApplication in 0.942 seconds (JVM running for 302.988)
2019-05-27 17:52:42,084 INFO (DefaultLifecycleProcessor.java:360)- Stopping beans in phase 2147483647
2019-05-27 17:52:42,390 INFO (StartupInfoLogger.java:48)- Starting StudySpringAppApplication on DESKTOP-0TOJ20R with PID 13816 (F:\MyWork\StudySpringApp\target\classes started by dell in F:\MyWork\StudySpringApp)
2019-05-27 17:52:42,390 DEBUG (StartupInfoLogger.java:51)- Running with Spring Boot v1.5.21.RELEASE, Spring v4.3.24.RELEASE
2019-05-27 17:52:42,390 INFO (SpringApplication.java:593)- No active profile set, falling back to default profiles: default
2019-05-27 17:52:42,674 INFO (PostProcessorRegistrationDelegate.java:327)- Bean 'org.springframework.amqp.rabbit.annotation.RabbitBootstrapConfiguration' of type [org.springframework.amqp.rabbit.annotation.RabbitBootstrapConfiguration$$EnhancerBySpringCGLIB$$399decc3] is not eligible for getting processed by all BeanPostProcessors (for example: not eligible for auto-proxying)
2019-05-27 17:52:42,676 INFO (PostProcessorRegistrationDelegate.java:327)- Bean 'org.springframework.ws.config.annotation.DelegatingWsConfiguration' of type [org.springframework.ws.config.annotation.DelegatingWsConfiguration$$EnhancerBySpringCGLIB$$17c9f394] is not eligible for getting processed by all BeanPostProcessors (for example: not eligible for auto-proxying)
2019-05-27 17:52:42,684 INFO (PostProcessorRegistrationDelegate.java:327)- Bean 'org.springframework.transaction.annotation.ProxyTransactionManagementConfiguration' of type [org.springframework.transaction.annotation.ProxyTransactionManagementConfiguration$$EnhancerBySpringCGLIB$$73322e95] is not eligible for getting processed by all BeanPostProcessors (for example: not eligible for auto-proxying)
2019-05-27 17:52:42,766 INFO (EmbeddedWebApplicationContext.java:287)- Root WebApplicationContext: initialization completed in 373 ms
2019-05-27 17:52:42,995 INFO (AbstractHandlerMethodMapping.java:544)- Mapped "{[/wechatPublicPay],methods=[POST]}" onto public com.java.util.ResultMsg com.java.controller.LoginController.wechatPublicPay(com.java.entity.WechatPublicPayParam) throws java.lang.Exception
2019-05-27 17:52:42,996 INFO (AbstractHandlerMethodMapping.java:544)- Mapped "{[/getUserInfo],methods=[POST]}" onto public com.java.util.ResponseData com.java.controller.LoginController.login()
2019-05-27 17:52:42,997 INFO (AbstractHandlerMethodMapping.java:544)- Mapped "{[/swagger-resources]}" onto public org.springframework.http.ResponseEntity<java.util.List<springfox.documentation.swagger.web.SwaggerResource>> springfox.documentation.swagger.web.ApiResourceController.swaggerResources()
2019-05-27 17:52:42,997 INFO (AbstractHandlerMethodMapping.java:544)- Mapped "{[/swagger-resources/configuration/ui]}" onto public org.springframework.http.ResponseEntity<springfox.documentation.swagger.web.UiConfiguration> springfox.documentation.swagger.web.ApiResourceController.uiConfiguration()
2019-05-27 17:52:42,997 INFO (AbstractHandlerMethodMapping.java:544)- Mapped "{[/swagger-resources/configuration/security]}" onto public org.springframework.http.ResponseEntity<springfox.documentation.swagger.web.SecurityConfiguration> springfox.documentation.swagger.web.ApiResourceController.securityConfiguration()
2019-05-27 17:52:42,998 INFO (AbstractHandlerMethodMapping.java:544)- Mapped "{[/error]}" onto public org.springframework.http.ResponseEntity<java.util.Map<java.lang.String, java.lang.Object>> org.springframework.boot.autoconfigure.web.BasicErrorController.error(javax.servlet.http.HttpServletRequest)
2019-05-27 17:52:42,999 INFO (AbstractHandlerMethodMapping.java:544)- Mapped "{[/error],produces=[text/html]}" onto public org.springframework.web.servlet.ModelAndView org.springframework.boot.autoconfigure.web.BasicErrorController.errorHtml(javax.servlet.http.HttpServletRequest,javax.servlet.http.HttpServletResponse)
2019-05-27 17:52:43,069 INFO (RequestMappingHandlerAdapter.java:557)- Looking for @ControllerAdvice: org.springframework.boot.context.embedded.AnnotationConfigEmbeddedWebApplicationContext@35404367: startup date [Mon May 27 17:52:42 CST 2019]; root of context hierarchy
2019-05-27 17:52:43,079 INFO (AbstractUrlHandlerMapping.java:364)- Mapped URL path [/webjars/**] onto handler of type [class org.springframework.web.servlet.resource.ResourceHttpRequestHandler]
2019-05-27 17:52:43,079 INFO (AbstractUrlHandlerMapping.java:364)- Mapped URL path [/**] onto handler of type [class org.springframework.web.servlet.resource.ResourceHttpRequestHandler]
2019-05-27 17:52:43,091 INFO (AbstractUrlHandlerMapping.java:364)- Mapped URL path [/**/favicon.ico] onto handler of type [class org.springframework.web.servlet.resource.ResourceHttpRequestHandler]
2019-05-27 17:52:43,238 INFO (DefaultLifecycleProcessor.java:345)- Starting beans in phase 2147483647
2019-05-27 17:52:43,266 INFO (StartupInfoLogger.java:57)- Started StudySpringAppApplication in 0.904 seconds (JVM running for 334.631)
2019-05-27 17:52:56,658 INFO (DefaultLifecycleProcessor.java:360)- Stopping beans in phase 2147483647
2019-05-27 17:52:57,000 INFO (StartupInfoLogger.java:48)- Starting StudySpringAppApplication on DESKTOP-0TOJ20R with PID 13816 (F:\MyWork\StudySpringApp\target\classes started by dell in F:\MyWork\StudySpringApp)
2019-05-27 17:52:57,000 DEBUG (StartupInfoLogger.java:51)- Running with Spring Boot v1.5.21.RELEASE, Spring v4.3.24.RELEASE
2019-05-27 17:52:57,000 INFO (SpringApplication.java:593)- No active profile set, falling back to default profiles: default
2019-05-27 17:52:57,276 INFO (PostProcessorRegistrationDelegate.java:327)- Bean 'org.springframework.amqp.rabbit.annotation.RabbitBootstrapConfiguration' of type [org.springframework.amqp.rabbit.annotation.RabbitBootstrapConfiguration$$EnhancerBySpringCGLIB$$399decc3] is not eligible for getting processed by all BeanPostProcessors (for example: not eligible for auto-proxying)
2019-05-27 17:52:57,278 INFO (PostProcessorRegistrationDelegate.java:327)- Bean 'org.springframework.ws.config.annotation.DelegatingWsConfiguration' of type [org.springframework.ws.config.annotation.DelegatingWsConfiguration$$EnhancerBySpringCGLIB$$17c9f394] is not eligible for getting processed by all BeanPostProcessors (for example: not eligible for auto-proxying)
2019-05-27 17:52:57,285 INFO (PostProcessorRegistrationDelegate.java:327)- Bean 'org.springframework.transaction.annotation.ProxyTransactionManagementConfiguration' of type [org.springframework.transaction.annotation.ProxyTransactionManagementConfiguration$$EnhancerBySpringCGLIB$$73322e95] is not eligible for getting processed by all BeanPostProcessors (for example: not eligible for auto-proxying)
2019-05-27 17:52:57,365 INFO (EmbeddedWebApplicationContext.java:287)- Root WebApplicationContext: initialization completed in 362 ms
2019-05-27 17:52:57,594 INFO (AbstractHandlerMethodMapping.java:544)- Mapped "{[/wechatPublicPay],methods=[POST]}" onto public com.java.util.ResultMsg com.java.controller.LoginController.wechatPublicPay(com.java.entity.WechatPublicPayParam) throws java.lang.Exception
2019-05-27 17:52:57,594 INFO (AbstractHandlerMethodMapping.java:544)- Mapped "{[/getUserInfo],methods=[POST]}" onto public com.java.util.ResponseData com.java.controller.LoginController.login()
2019-05-27 17:52:57,595 INFO (AbstractHandlerMethodMapping.java:544)- Mapped "{[/swagger-resources]}" onto public org.springframework.http.ResponseEntity<java.util.List<springfox.documentation.swagger.web.SwaggerResource>> springfox.documentation.swagger.web.ApiResourceController.swaggerResources()
2019-05-27 17:52:57,595 INFO (AbstractHandlerMethodMapping.java:544)- Mapped "{[/swagger-resources/configuration/ui]}" onto public org.springframework.http.ResponseEntity<springfox.documentation.swagger.web.UiConfiguration> springfox.documentation.swagger.web.ApiResourceController.uiConfiguration()
2019-05-27 17:52:57,596 INFO (AbstractHandlerMethodMapping.java:544)- Mapped "{[/swagger-resources/configuration/security]}" onto public org.springframework.http.ResponseEntity<springfox.documentation.swagger.web.SecurityConfiguration> springfox.documentation.swagger.web.ApiResourceController.securityConfiguration()
2019-05-27 17:52:57,596 INFO (AbstractHandlerMethodMapping.java:544)- Mapped "{[/error]}" onto public org.springframework.http.ResponseEntity<java.util.Map<java.lang.String, java.lang.Object>> org.springframework.boot.autoconfigure.web.BasicErrorController.error(javax.servlet.http.HttpServletRequest)
2019-05-27 17:52:57,597 INFO (AbstractHandlerMethodMapping.java:544)- Mapped "{[/error],produces=[text/html]}" onto public org.springframework.web.servlet.ModelAndView org.springframework.boot.autoconfigure.web.BasicErrorController.errorHtml(javax.servlet.http.HttpServletRequest,javax.servlet.http.HttpServletResponse)
2019-05-27 17:52:57,666 INFO (RequestMappingHandlerAdapter.java:557)- Looking for @ControllerAdvice: org.springframework.boot.context.embedded.AnnotationConfigEmbeddedWebApplicationContext@511b2f6: startup date [Mon May 27 17:52:57 CST 2019]; root of context hierarchy
2019-05-27 17:52:57,676 INFO (AbstractUrlHandlerMapping.java:364)- Mapped URL path [/webjars/**] onto handler of type [class org.springframework.web.servlet.resource.ResourceHttpRequestHandler]
2019-05-27 17:52:57,676 INFO (AbstractUrlHandlerMapping.java:364)- Mapped URL path [/**] onto handler of type [class org.springframework.web.servlet.resource.ResourceHttpRequestHandler]
2019-05-27 17:52:57,687 INFO (AbstractUrlHandlerMapping.java:364)- Mapped URL path [/**/favicon.ico] onto handler of type [class org.springframework.web.servlet.resource.ResourceHttpRequestHandler]
2019-05-27 17:52:57,834 INFO (DefaultLifecycleProcessor.java:345)- Starting beans in phase 2147483647
2019-05-27 17:52:57,862 INFO (StartupInfoLogger.java:57)- Started StudySpringAppApplication in 0.887 seconds (JVM running for 349.226)
2019-05-27 17:53:08,061 INFO (FrameworkServlet.java:489)- FrameworkServlet 'dispatcherServlet': initialization started
2019-05-27 17:53:08,064 INFO (FrameworkServlet.java:508)- FrameworkServlet 'dispatcherServlet': initialization completed in 3 ms
2019-05-27 17:55:13,225 INFO (DefaultLifecycleProcessor.java:360)- Stopping beans in phase 2147483647
2019-05-27 17:55:13,542 INFO (StartupInfoLogger.java:48)- Starting StudySpringAppApplication on DESKTOP-0TOJ20R with PID 13816 (F:\MyWork\StudySpringApp\target\classes started by dell in F:\MyWork\StudySpringApp)
2019-05-27 17:55:13,542 DEBUG (StartupInfoLogger.java:51)- Running with Spring Boot v1.5.21.RELEASE, Spring v4.3.24.RELEASE
2019-05-27 17:55:13,542 INFO (SpringApplication.java:593)- No active profile set, falling back to default profiles: default
2019-05-27 17:55:13,840 INFO (PostProcessorRegistrationDelegate.java:327)- Bean 'org.springframework.amqp.rabbit.annotation.RabbitBootstrapConfiguration' of type [org.springframework.amqp.rabbit.annotation.RabbitBootstrapConfiguration$$EnhancerBySpringCGLIB$$399decc3] is not eligible for getting processed by all BeanPostProcessors (for example: not eligible for auto-proxying)
2019-05-27 17:55:13,843 INFO (PostProcessorRegistrationDelegate.java:327)- Bean 'org.springframework.ws.config.annotation.DelegatingWsConfiguration' of type [org.springframework.ws.config.annotation.DelegatingWsConfiguration$$EnhancerBySpringCGLIB$$17c9f394] is not eligible for getting processed by all BeanPostProcessors (for example: not eligible for auto-proxying)
2019-05-27 17:55:13,851 INFO (PostProcessorRegistrationDelegate.java:327)- Bean 'org.springframework.transaction.annotation.ProxyTransactionManagementConfiguration' of type [org.springframework.transaction.annotation.ProxyTransactionManagementConfiguration$$EnhancerBySpringCGLIB$$73322e95] is not eligible for getting processed by all BeanPostProcessors (for example: not eligible for auto-proxying)
2019-05-27 17:55:13,941 INFO (EmbeddedWebApplicationContext.java:287)- Root WebApplicationContext: initialization completed in 395 ms
2019-05-27 17:58:16,797 INFO (StartupInfoLogger.java:48)- Starting StudySpringAppApplication on DESKTOP-0TOJ20R with PID 13816 (F:\MyWork\StudySpringApp\target\classes started by dell in F:\MyWork\StudySpringApp)
2019-05-27 17:58:16,797 DEBUG (StartupInfoLogger.java:51)- Running with Spring Boot v1.5.21.RELEASE, Spring v4.3.24.RELEASE
2019-05-27 17:58:16,797 INFO (SpringApplication.java:593)- No active profile set, falling back to default profiles: default
2019-05-27 17:58:17,101 INFO (PostProcessorRegistrationDelegate.java:327)- Bean 'org.springframework.amqp.rabbit.annotation.RabbitBootstrapConfiguration' of type [org.springframework.amqp.rabbit.annotation.RabbitBootstrapConfiguration$$EnhancerBySpringCGLIB$$399decc3] is not eligible for getting processed by all BeanPostProcessors (for example: not eligible for auto-proxying)
2019-05-27 17:58:17,104 INFO (PostProcessorRegistrationDelegate.java:327)- Bean 'org.springframework.ws.config.annotation.DelegatingWsConfiguration' of type [org.springframework.ws.config.annotation.DelegatingWsConfiguration$$EnhancerBySpringCGLIB$$17c9f394] is not eligible for getting processed by all BeanPostProcessors (for example: not eligible for auto-proxying)
2019-05-27 17:58:17,110 INFO (PostProcessorRegistrationDelegate.java:327)- Bean 'org.springframework.transaction.annotation.ProxyTransactionManagementConfiguration' of type [org.springframework.transaction.annotation.ProxyTransactionManagementConfiguration$$EnhancerBySpringCGLIB$$73322e95] is not eligible for getting processed by all BeanPostProcessors (for example: not eligible for auto-proxying)
2019-05-27 17:58:17,191 INFO (EmbeddedWebApplicationContext.java:287)- Root WebApplicationContext: initialization completed in 391 ms
2019-05-27 17:58:42,944 INFO (StartupInfoLogger.java:48)- Starting StudySpringAppApplication on DESKTOP-0TOJ20R with PID 13816 (F:\MyWork\StudySpringApp\target\classes started by dell in F:\MyWork\StudySpringApp)
2019-05-27 17:58:42,945 DEBUG (StartupInfoLogger.java:51)- Running with Spring Boot v1.5.21.RELEASE, Spring v4.3.24.RELEASE
2019-05-27 17:58:42,945 INFO (SpringApplication.java:593)- No active profile set, falling back to default profiles: default
2019-05-27 17:58:43,220 INFO (PostProcessorRegistrationDelegate.java:327)- Bean 'org.springframework.amqp.rabbit.annotation.RabbitBootstrapConfiguration' of type [org.springframework.amqp.rabbit.annotation.RabbitBootstrapConfiguration$$EnhancerBySpringCGLIB$$399decc3] is not eligible for getting processed by all BeanPostProcessors (for example: not eligible for auto-proxying)
2019-05-27 17:58:43,223 INFO (PostProcessorRegistrationDelegate.java:327)- Bean 'org.springframework.ws.config.annotation.DelegatingWsConfiguration' of type [org.springframework.ws.config.annotation.DelegatingWsConfiguration$$EnhancerBySpringCGLIB$$17c9f394] is not eligible for getting processed by all BeanPostProcessors (for example: not eligible for auto-proxying)
2019-05-27 17:58:43,229 INFO (PostProcessorRegistrationDelegate.java:327)- Bean 'org.springframework.transaction.annotation.ProxyTransactionManagementConfiguration' of type [org.springframework.transaction.annotation.ProxyTransactionManagementConfiguration$$EnhancerBySpringCGLIB$$73322e95] is not eligible for getting processed by all BeanPostProcessors (for example: not eligible for auto-proxying)
2019-05-27 17:58:43,308 INFO (EmbeddedWebApplicationContext.java:287)- Root WebApplicationContext: initialization completed in 361 ms
2019-05-27 17:58:52,989 INFO (StartupInfoLogger.java:48)- Starting StudySpringAppApplication on DESKTOP-0TOJ20R with PID 13816 (F:\MyWork\StudySpringApp\target\classes started by dell in F:\MyWork\StudySpringApp)
2019-05-27 17:58:52,989 DEBUG (StartupInfoLogger.java:51)- Running with Spring Boot v1.5.21.RELEASE, Spring v4.3.24.RELEASE
2019-05-27 17:58:52,989 INFO (SpringApplication.java:593)- No active profile set, falling back to default profiles: default
2019-05-27 17:58:53,272 INFO (PostProcessorRegistrationDelegate.java:327)- Bean 'org.springframework.amqp.rabbit.annotation.RabbitBootstrapConfiguration' of type [org.springframework.amqp.rabbit.annotation.RabbitBootstrapConfiguration$$EnhancerBySpringCGLIB$$399decc3] is not eligible for getting processed by all BeanPostProcessors (for example: not eligible for auto-proxying)
2019-05-27 17:58:53,275 INFO (PostProcessorRegistrationDelegate.java:327)- Bean 'org.springframework.ws.config.annotation.DelegatingWsConfiguration' of type [org.springframework.ws.config.annotation.DelegatingWsConfiguration$$EnhancerBySpringCGLIB$$17c9f394] is not eligible for getting processed by all BeanPostProcessors (for example: not eligible for auto-proxying)
2019-05-27 17:58:53,281 INFO (PostProcessorRegistrationDelegate.java:327)- Bean 'org.springframework.transaction.annotation.ProxyTransactionManagementConfiguration' of type [org.springframework.transaction.annotation.ProxyTransactionManagementConfiguration$$EnhancerBySpringCGLIB$$73322e95] is not eligible for getting processed by all BeanPostProcessors (for example: not eligible for auto-proxying)
2019-05-27 17:58:53,358 INFO (EmbeddedWebApplicationContext.java:287)- Root WebApplicationContext: initialization completed in 366 ms
2019-05-27 17:59:05,449 INFO (StartupInfoLogger.java:48)- Starting StudySpringAppApplication on DESKTOP-0TOJ20R with PID 13816 (F:\MyWork\StudySpringApp\target\classes started by dell in F:\MyWork\StudySpringApp)
2019-05-27 17:59:05,449 DEBUG (StartupInfoLogger.java:51)- Running with Spring Boot v1.5.21.RELEASE, Spring v4.3.24.RELEASE
2019-05-27 17:59:05,450 INFO (SpringApplication.java:593)- No active profile set, falling back to default profiles: default
2019-05-27 17:59:05,731 INFO (PostProcessorRegistrationDelegate.java:327)- Bean 'org.springframework.amqp.rabbit.annotation.RabbitBootstrapConfiguration' of type [org.springframework.amqp.rabbit.annotation.RabbitBootstrapConfiguration$$EnhancerBySpringCGLIB$$399decc3] is not eligible for getting processed by all BeanPostProcessors (for example: not eligible for auto-proxying)
2019-05-27 17:59:05,734 INFO (PostProcessorRegistrationDelegate.java:327)- Bean 'org.springframework.ws.config.annotation.DelegatingWsConfiguration' of type [org.springframework.ws.config.annotation.DelegatingWsConfiguration$$EnhancerBySpringCGLIB$$17c9f394] is not eligible for getting processed by all BeanPostProcessors (for example: not eligible for auto-proxying)
2019-05-27 17:59:05,741 INFO (PostProcessorRegistrationDelegate.java:327)- Bean 'org.springframework.transaction.annotation.ProxyTransactionManagementConfiguration' of type [org.springframework.transaction.annotation.ProxyTransactionManagementConfiguration$$EnhancerBySpringCGLIB$$73322e95] is not eligible for getting processed by all BeanPostProcessors (for example: not eligible for auto-proxying)
2019-05-27 17:59:05,821 INFO (EmbeddedWebApplicationContext.java:287)- Root WebApplicationContext: initialization completed in 368 ms
2019-05-27 17:59:06,061 INFO (AbstractHandlerMethodMapping.java:544)- Mapped "{[/wechatPublicPay],methods=[POST]}" onto public com.java.util.ResultMsg com.java.controller.LoginController.wechatPublicPay(com.java.entity.WechatPublicPayParam) throws java.lang.Exception
2019-05-27 17:59:06,062 INFO (AbstractHandlerMethodMapping.java:544)- Mapped "{[/getUserInfo],methods=[POST]}" onto public com.java.util.ResponseData com.java.controller.LoginController.login()
2019-05-27 17:59:06,063 INFO (AbstractHandlerMethodMapping.java:544)- Mapped "{[/swagger-resources]}" onto public org.springframework.http.ResponseEntity<java.util.List<springfox.documentation.swagger.web.SwaggerResource>> springfox.documentation.swagger.web.ApiResourceController.swaggerResources()
2019-05-27 17:59:06,063 INFO (AbstractHandlerMethodMapping.java:544)- Mapped "{[/swagger-resources/configuration/ui]}" onto public org.springframework.http.ResponseEntity<springfox.documentation.swagger.web.UiConfiguration> springfox.documentation.swagger.web.ApiResourceController.uiConfiguration()
2019-05-27 17:59:06,063 INFO (AbstractHandlerMethodMapping.java:544)- Mapped "{[/swagger-resources/configuration/security]}" onto public org.springframework.http.ResponseEntity<springfox.documentation.swagger.web.SecurityConfiguration> springfox.documentation.swagger.web.ApiResourceController.securityConfiguration()
2019-05-27 17:59:06,063 INFO (AbstractHandlerMethodMapping.java:544)- Mapped "{[/error]}" onto public org.springframework.http.ResponseEntity<java.util.Map<java.lang.String, java.lang.Object>> org.springframework.boot.autoconfigure.web.BasicErrorController.error(javax.servlet.http.HttpServletRequest)
2019-05-27 17:59:06,063 INFO (AbstractHandlerMethodMapping.java:544)- Mapped "{[/error],produces=[text/html]}" onto public org.springframework.web.servlet.ModelAndView org.springframework.boot.autoconfigure.web.BasicErrorController.errorHtml(javax.servlet.http.HttpServletRequest,javax.servlet.http.HttpServletResponse)
2019-05-27 17:59:06,129 INFO (RequestMappingHandlerAdapter.java:557)- Looking for @ControllerAdvice: org.springframework.boot.context.embedded.AnnotationConfigEmbeddedWebApplicationContext@fa6d6b2: startup date [Mon May 27 17:59:05 CST 2019]; root of context hierarchy
2019-05-27 17:59:06,138 INFO (AbstractUrlHandlerMapping.java:364)- Mapped URL path [/webjars/**] onto handler of type [class org.springframework.web.servlet.resource.ResourceHttpRequestHandler]
2019-05-27 17:59:06,138 INFO (AbstractUrlHandlerMapping.java:364)- Mapped URL path [/**] onto handler of type [class org.springframework.web.servlet.resource.ResourceHttpRequestHandler]
2019-05-27 17:59:06,149 INFO (AbstractUrlHandlerMapping.java:364)- Mapped URL path [/**/favicon.ico] onto handler of type [class org.springframework.web.servlet.resource.ResourceHttpRequestHandler]
2019-05-27 17:59:06,287 INFO (DefaultLifecycleProcessor.java:345)- Starting beans in phase 2147483647
2019-05-27 17:59:06,314 INFO (StartupInfoLogger.java:57)- Started StudySpringAppApplication in 0.891 seconds (JVM running for 717.678)
2019-05-27 17:59:49,248 INFO (DefaultLifecycleProcessor.java:360)- Stopping beans in phase 2147483647
2019-05-27 17:59:49,607 INFO (StartupInfoLogger.java:48)- Starting StudySpringAppApplication on DESKTOP-0TOJ20R with PID 13816 (F:\MyWork\StudySpringApp\target\classes started by dell in F:\MyWork\StudySpringApp)
2019-05-27 17:59:49,607 DEBUG (StartupInfoLogger.java:51)- Running with Spring Boot v1.5.21.RELEASE, Spring v4.3.24.RELEASE
2019-05-27 17:59:49,607 INFO (SpringApplication.java:593)- No active profile set, falling back to default profiles: default
2019-05-27 17:59:49,901 INFO (PostProcessorRegistrationDelegate.java:327)- Bean 'org.springframework.amqp.rabbit.annotation.RabbitBootstrapConfiguration' of type [org.springframework.amqp.rabbit.annotation.RabbitBootstrapConfiguration$$EnhancerBySpringCGLIB$$399decc3] is not eligible for getting processed by all BeanPostProcessors (for example: not eligible for auto-proxying)
2019-05-27 17:59:49,903 INFO (PostProcessorRegistrationDelegate.java:327)- Bean 'org.springframework.ws.config.annotation.DelegatingWsConfiguration' of type [org.springframework.ws.config.annotation.DelegatingWsConfiguration$$EnhancerBySpringCGLIB$$17c9f394] is not eligible for getting processed by all BeanPostProcessors (for example: not eligible for auto-proxying)
2019-05-27 17:59:49,910 INFO (PostProcessorRegistrationDelegate.java:327)- Bean 'org.springframework.transaction.annotation.ProxyTransactionManagementConfiguration' of type [org.springframework.transaction.annotation.ProxyTransactionManagementConfiguration$$EnhancerBySpringCGLIB$$73322e95] is not eligible for getting processed by all BeanPostProcessors (for example: not eligible for auto-proxying)
2019-05-27 17:59:49,990 INFO (EmbeddedWebApplicationContext.java:287)- Root WebApplicationContext: initialization completed in 380 ms
2019-05-27 17:59:50,216 INFO (AbstractHandlerMethodMapping.java:544)- Mapped "{[/wechatPublicPay],methods=[POST]}" onto public com.java.util.ResultMsg com.java.controller.LoginController.wechatPublicPay(com.java.entity.WechatPublicPayParam) throws java.lang.Exception
2019-05-27 17:59:50,216 INFO (AbstractHandlerMethodMapping.java:544)- Mapped "{[/getUserInfo],methods=[POST]}" onto public com.java.util.ResponseData com.java.controller.LoginController.login()
2019-05-27 17:59:50,217 INFO (AbstractHandlerMethodMapping.java:544)- Mapped "{[/swagger-resources]}" onto public org.springframework.http.ResponseEntity<java.util.List<springfox.documentation.swagger.web.SwaggerResource>> springfox.documentation.swagger.web.ApiResourceController.swaggerResources()
2019-05-27 17:59:50,218 INFO (AbstractHandlerMethodMapping.java:544)- Mapped "{[/swagger-resources/configuration/ui]}" onto public org.springframework.http.ResponseEntity<springfox.documentation.swagger.web.UiConfiguration> springfox.documentation.swagger.web.ApiResourceController.uiConfiguration()
2019-05-27 17:59:50,218 INFO (AbstractHandlerMethodMapping.java:544)- Mapped "{[/swagger-resources/configuration/security]}" onto public org.springframework.http.ResponseEntity<springfox.documentation.swagger.web.SecurityConfiguration> springfox.documentation.swagger.web.ApiResourceController.securityConfiguration()
2019-05-27 17:59:50,219 INFO (AbstractHandlerMethodMapping.java:544)- Mapped "{[/error]}" onto public org.springframework.http.ResponseEntity<java.util.Map<java.lang.String, java.lang.Object>> org.springframework.boot.autoconfigure.web.BasicErrorController.error(javax.servlet.http.HttpServletRequest)
2019-05-27 17:59:50,219 INFO (AbstractHandlerMethodMapping.java:544)- Mapped "{[/error],produces=[text/html]}" onto public org.springframework.web.servlet.ModelAndView org.springframework.boot.autoconfigure.web.BasicErrorController.errorHtml(javax.servlet.http.HttpServletRequest,javax.servlet.http.HttpServletResponse)
2019-05-27 17:59:50,287 INFO (RequestMappingHandlerAdapter.java:557)- Looking for @ControllerAdvice: org.springframework.boot.context.embedded.AnnotationConfigEmbeddedWebApplicationContext@31d73759: startup date [Mon May 27 17:59:49 CST 2019]; root of context hierarchy
2019-05-27 17:59:50,296 INFO (AbstractUrlHandlerMapping.java:364)- Mapped URL path [/webjars/**] onto handler of type [class org.springframework.web.servlet.resource.ResourceHttpRequestHandler]
2019-05-27 17:59:50,297 INFO (AbstractUrlHandlerMapping.java:364)- Mapped URL path [/**] onto handler of type [class org.springframework.web.servlet.resource.ResourceHttpRequestHandler]
2019-05-27 17:59:50,308 INFO (AbstractUrlHandlerMapping.java:364)- Mapped URL path [/**/favicon.ico] onto handler of type [class org.springframework.web.servlet.resource.ResourceHttpRequestHandler]
2019-05-27 17:59:50,447 INFO (DefaultLifecycleProcessor.java:345)- Starting beans in phase 2147483647
2019-05-27 17:59:50,473 INFO (StartupInfoLogger.java:57)- Started StudySpringAppApplication in 0.893 seconds (JVM running for 761.837)
2019-05-27 18:00:13,027 INFO (FrameworkServlet.java:489)- FrameworkServlet 'dispatcherServlet': initialization started
2019-05-27 18:00:13,030 INFO (FrameworkServlet.java:508)- FrameworkServlet 'dispatcherServlet': initialization completed in 3 ms
2019-05-27 18:04:17,611 INFO (DefaultLifecycleProcessor.java:360)- Stopping beans in phase 2147483647
2019-05-27 18:04:26,850 INFO (StartupInfoLogger.java:48)- Starting StudySpringAppApplication on DESKTOP-0TOJ20R with PID 2312 (F:\MyWork\StudySpringApp\target\classes started by dell in F:\MyWork\StudySpringApp)
2019-05-27 18:04:26,851 DEBUG (StartupInfoLogger.java:51)- Running with Spring Boot v1.5.21.RELEASE, Spring v4.3.24.RELEASE
2019-05-27 18:04:26,851 INFO (SpringApplication.java:593)- No active profile set, falling back to default profiles: default
2019-05-27 18:04:27,942 INFO (PostProcessorRegistrationDelegate.java:327)- Bean 'org.springframework.amqp.rabbit.annotation.RabbitBootstrapConfiguration' of type [org.springframework.amqp.rabbit.annotation.RabbitBootstrapConfiguration$$EnhancerBySpringCGLIB$$547407b9] is not eligible for getting processed by all BeanPostProcessors (for example: not eligible for auto-proxying)
2019-05-27 18:04:27,999 INFO (PostProcessorRegistrationDelegate.java:327)- Bean 'org.springframework.ws.config.annotation.DelegatingWsConfiguration' of type [org.springframework.ws.config.annotation.DelegatingWsConfiguration$$EnhancerBySpringCGLIB$$32a00e8a] is not eligible for getting processed by all BeanPostProcessors (for example: not eligible for auto-proxying)
2019-05-27 18:04:28,049 INFO (PostProcessorRegistrationDelegate.java:327)- Bean 'org.springframework.transaction.annotation.ProxyTransactionManagementConfiguration' of type [org.springframework.transaction.annotation.ProxyTransactionManagementConfiguration$$EnhancerBySpringCGLIB$$8e08498b] is not eligible for getting processed by all BeanPostProcessors (for example: not eligible for auto-proxying)
2019-05-27 18:04:28,449 INFO (EmbeddedWebApplicationContext.java:287)- Root WebApplicationContext: initialization completed in 1567 ms
2019-05-27 18:04:29,448 INFO (AbstractHandlerMethodMapping.java:544)- Mapped "{[/getUserInfo],methods=[POST]}" onto public com.java.util.ResponseData com.java.controller.LoginController.login()
2019-05-27 18:04:29,450 INFO (AbstractHandlerMethodMapping.java:544)- Mapped "{[/wechatPublicPay],methods=[POST]}" onto public com.java.util.ResultMsg com.java.controller.LoginController.wechatPublicPay(com.java.entity.WechatPublicPayParam) throws java.lang.Exception
2019-05-27 18:04:29,453 INFO (AbstractHandlerMethodMapping.java:544)- Mapped "{[/swagger-resources]}" onto public org.springframework.http.ResponseEntity<java.util.List<springfox.documentation.swagger.web.SwaggerResource>> springfox.documentation.swagger.web.ApiResourceController.swaggerResources()
2019-05-27 18:04:29,454 INFO (AbstractHandlerMethodMapping.java:544)- Mapped "{[/swagger-resources/configuration/ui]}" onto public org.springframework.http.ResponseEntity<springfox.documentation.swagger.web.UiConfiguration> springfox.documentation.swagger.web.ApiResourceController.uiConfiguration()
2019-05-27 18:04:29,454 INFO (AbstractHandlerMethodMapping.java:544)- Mapped "{[/swagger-resources/configuration/security]}" onto public org.springframework.http.ResponseEntity<springfox.documentation.swagger.web.SecurityConfiguration> springfox.documentation.swagger.web.ApiResourceController.securityConfiguration()
2019-05-27 18:04:29,456 INFO (AbstractHandlerMethodMapping.java:544)- Mapped "{[/error]}" onto public org.springframework.http.ResponseEntity<java.util.Map<java.lang.String, java.lang.Object>> org.springframework.boot.autoconfigure.web.BasicErrorController.error(javax.servlet.http.HttpServletRequest)
2019-05-27 18:04:29,457 INFO (AbstractHandlerMethodMapping.java:544)- Mapped "{[/error],produces=[text/html]}" onto public org.springframework.web.servlet.ModelAndView org.springframework.boot.autoconfigure.web.BasicErrorController.errorHtml(javax.servlet.http.HttpServletRequest,javax.servlet.http.HttpServletResponse)
2019-05-27 18:04:29,916 INFO (RequestMappingHandlerAdapter.java:557)- Looking for @ControllerAdvice: org.springframework.boot.context.embedded.AnnotationConfigEmbeddedWebApplicationContext@50bdd2db: startup date [Mon May 27 18:04:26 CST 2019]; root of context hierarchy
2019-05-27 18:04:29,983 INFO (AbstractUrlHandlerMapping.java:364)- Mapped URL path [/webjars/**] onto handler of type [class org.springframework.web.servlet.resource.ResourceHttpRequestHandler]
2019-05-27 18:04:29,983 INFO (AbstractUrlHandlerMapping.java:364)- Mapped URL path [/**] onto handler of type [class org.springframework.web.servlet.resource.ResourceHttpRequestHandler]
2019-05-27 18:04:30,033 INFO (AbstractUrlHandlerMapping.java:364)- Mapped URL path [/**/favicon.ico] onto handler of type [class org.springframework.web.servlet.resource.ResourceHttpRequestHandler]
2019-05-27 18:04:30,931 INFO (DefaultLifecycleProcessor.java:345)- Starting beans in phase 2147483647
2019-05-27 18:04:31,090 INFO (StartupInfoLogger.java:57)- Started StudySpringAppApplication in 4.454 seconds (JVM running for 5.602)
2019-05-27 18:04:45,723 INFO (FrameworkServlet.java:489)- FrameworkServlet 'dispatcherServlet': initialization started
2019-05-27 18:04:45,742 INFO (FrameworkServlet.java:508)- FrameworkServlet 'dispatcherServlet': initialization completed in 19 ms
2019-05-27 18:09:13,959 INFO (DefaultLifecycleProcessor.java:360)- Stopping beans in phase 2147483647
2019-05-27 18:13:17,377 INFO (StartupInfoLogger.java:48)- Starting StudySpringAppApplication on DESKTOP-0TOJ20R with PID 7016 (F:\MyWork\StudySpringApp\target\classes started by dell in F:\MyWork\StudySpringApp)
2019-05-27 18:13:17,378 DEBUG (StartupInfoLogger.java:51)- Running with Spring Boot v1.5.21.RELEASE, Spring v4.3.24.RELEASE
2019-05-27 18:13:17,378 INFO (SpringApplication.java:593)- No active profile set, falling back to default profiles: default
2019-05-27 18:13:18,213 INFO (PostProcessorRegistrationDelegate.java:327)- Bean 'org.springframework.amqp.rabbit.annotation.RabbitBootstrapConfiguration' of type [org.springframework.amqp.rabbit.annotation.RabbitBootstrapConfiguration$$EnhancerBySpringCGLIB$$106c5797] is not eligible for getting processed by all BeanPostProcessors (for example: not eligible for auto-proxying)
2019-05-27 18:13:18,254 INFO (PostProcessorRegistrationDelegate.java:327)- Bean 'org.springframework.ws.config.annotation.DelegatingWsConfiguration' of type [org.springframework.ws.config.annotation.DelegatingWsConfiguration$$EnhancerBySpringCGLIB$$ee985e68] is not eligible for getting processed by all BeanPostProcessors (for example: not eligible for auto-proxying)
2019-05-27 18:13:18,295 INFO (PostProcessorRegistrationDelegate.java:327)- Bean 'org.springframework.transaction.annotation.ProxyTransactionManagementConfiguration' of type [org.springframework.transaction.annotation.ProxyTransactionManagementConfiguration$$EnhancerBySpringCGLIB$$4a009969] is not eligible for getting processed by all BeanPostProcessors (for example: not eligible for auto-proxying)
2019-05-27 18:13:18,609 INFO (EmbeddedWebApplicationContext.java:287)- Root WebApplicationContext: initialization completed in 1206 ms
2019-05-27 18:17:37,168 INFO (StartupInfoLogger.java:48)- Starting StudySpringAppApplication on DESKTOP-0TOJ20R with PID 16664 (F:\MyWork\StudySpringApp\target\classes started by dell in F:\MyWork\StudySpringApp)
2019-05-27 18:17:37,168 DEBUG (StartupInfoLogger.java:51)- Running with Spring Boot v1.5.21.RELEASE, Spring v4.3.24.RELEASE
2019-05-27 18:17:37,168 INFO (SpringApplication.java:593)- No active profile set, falling back to default profiles: default
2019-05-27 18:17:38,068 INFO (PostProcessorRegistrationDelegate.java:327)- Bean 'org.springframework.amqp.rabbit.annotation.RabbitBootstrapConfiguration' of type [org.springframework.amqp.rabbit.annotation.RabbitBootstrapConfiguration$$EnhancerBySpringCGLIB$$d8ade333] is not eligible for getting processed by all BeanPostProcessors (for example: not eligible for auto-proxying)
2019-05-27 18:17:38,108 INFO (PostProcessorRegistrationDelegate.java:327)- Bean 'org.springframework.ws.config.annotation.DelegatingWsConfiguration' of type [org.springframework.ws.config.annotation.DelegatingWsConfiguration$$EnhancerBySpringCGLIB$$b6d9ea04] is not eligible for getting processed by all BeanPostProcessors (for example: not eligible for auto-proxying)
2019-05-27 18:17:38,150 INFO (PostProcessorRegistrationDelegate.java:327)- Bean 'org.springframework.transaction.annotation.ProxyTransactionManagementConfiguration' of type [org.springframework.transaction.annotation.ProxyTransactionManagementConfiguration$$EnhancerBySpringCGLIB$$12422505] is not eligible for getting processed by all BeanPostProcessors (for example: not eligible for auto-proxying)
2019-05-27 18:17:38,469 INFO (EmbeddedWebApplicationContext.java:287)- Root WebApplicationContext: initialization completed in 1275 ms
2019-05-27 18:19:11,947 INFO (StartupInfoLogger.java:48)- Starting StudySpringAppApplication on DESKTOP-0TOJ20R with PID 18176 (F:\MyWork\StudySpringApp\target\classes started by dell in F:\MyWork\StudySpringApp)
2019-05-27 18:19:11,947 DEBUG (StartupInfoLogger.java:51)- Running with Spring Boot v1.5.21.RELEASE, Spring v4.3.24.RELEASE
2019-05-27 18:19:11,948 INFO (SpringApplication.java:593)- No active profile set, falling back to default profiles: default
2019-05-27 18:19:12,812 INFO (PostProcessorRegistrationDelegate.java:327)- Bean 'org.springframework.amqp.rabbit.annotation.RabbitBootstrapConfiguration' of type [org.springframework.amqp.rabbit.annotation.RabbitBootstrapConfiguration$$EnhancerBySpringCGLIB$$e5c069fc] is not eligible for getting processed by all BeanPostProcessors (for example: not eligible for auto-proxying)
2019-05-27 18:19:12,854 INFO (PostProcessorRegistrationDelegate.java:327)- Bean 'org.springframework.ws.config.annotation.DelegatingWsConfiguration' of type [org.springframework.ws.config.annotation.DelegatingWsConfiguration$$EnhancerBySpringCGLIB$$c3ec70cd] is not eligible for getting processed by all BeanPostProcessors (for example: not eligible for auto-proxying)
2019-05-27 18:19:12,897 INFO (PostProcessorRegistrationDelegate.java:327)- Bean 'org.springframework.transaction.annotation.ProxyTransactionManagementConfiguration' of type [org.springframework.transaction.annotation.ProxyTransactionManagementConfiguration$$EnhancerBySpringCGLIB$$1f54abce] is not eligible for getting processed by all BeanPostProcessors (for example: not eligible for auto-proxying)
2019-05-27 18:19:13,233 INFO (EmbeddedWebApplicationContext.java:287)- Root WebApplicationContext: initialization completed in 1260 ms
